#
# A fatal error has been detected by the Java Runtime Environment:
#
#  EXCEPTION_ACCESS_VIOLATION (0xc0000005) at pc=0x00007ffccb0bbea2, pid=8984, tid=4472
#
# JRE version: Java(TM) SE Runtime Environment (11.0.1+13) (build 11.0.1+13-LTS)
# Java VM: Java HotSpot(TM) 64-Bit Server VM (11.0.1+13-LTS, mixed mode, tiered, compressed oops, g1 gc, windows-amd64)
# Problematic frame:
# V  [jvm.dll+0x20bea2]
#
# No core dump will be written. Minidumps are not enabled by default on client versions of Windows
#
# If you would like to submit a bug report, please visit:
#   http://bugreport.java.com/bugreport/crash.jsp
#

---------------  S U M M A R Y ------------

Command Line: -Dmaven.multiModuleProjectDirectory=D:\project_project_project\idea_project\shop_vue_springcloud\shop_order -Dmaven.home=C:\Program Files\JetBrains\IntelliJ IDEA 2019.1.1\plugins\maven\lib\maven3 -Dclassworlds.conf=C:\Program Files\JetBrains\IntelliJ IDEA 2019.1.1\plugins\maven\lib\maven3\bin\m2.conf -javaagent:C:\Program Files\JetBrains\IntelliJ IDEA 2019.1.1\lib\idea_rt.jar=63896:C:\Program Files\JetBrains\IntelliJ IDEA 2019.1.1\bin -Dfile.encoding=UTF-8 org.codehaus.classworlds.Launcher -Didea.version2019.1.1 package

Host: Intel(R) Pentium(R) CPU G4600 @ 3.60GHz, 4 cores, 15G,  Windows 10 , 64 bit Build 18362 (10.0.18362.329)
Time: Mon Jan 13 12:52:04 2020 ?D1¨²¡À¨º¡Á?¨º¡À?? elapsed time: 29 seconds (0d 0h 0m 29s)

---------------  T H R E A D  ---------------

Current thread (0x0000021a3501e000):  GCTaskThread "GC Thread#0" [stack: 0x000000aa3af00000,0x000000aa3b000000] [id=4472]

Stack: [0x000000aa3af00000,0x000000aa3b000000],  sp=0x000000aa3afff9c0,  free space=1022k
Native frames: (J=compiled Java code, j=interpreted, Vv=VM code, C=native code)
V  [jvm.dll+0x20bea2]
V  [jvm.dll+0x306c79]
V  [jvm.dll+0x305237]
V  [jvm.dll+0x30b0cc]
V  [jvm.dll+0x30add8]
V  [jvm.dll+0x30a646]
V  [jvm.dll+0x7ab4e0]
V  [jvm.dll+0x63b2b2]
C  [ucrtbase.dll+0x20e72]
C  [KERNEL32.DLL+0x17bd4]
C  [ntdll.dll+0x6ced1]


siginfo: EXCEPTION_ACCESS_VIOLATION (0xc0000005), reading address 0xffffffffffffffff


Register to memory mapping:

RIP=0x00007ffccb0bbea2 jvm.dll
RAX=0x0000021a4db30000 points into unknown readable memory
RBX=0x0000000000000800 is an unknown value
RCX=0x0 is NULL
RDX=0x1fffffff1fcc0100 is an unknown value
RSP=0x000000aa3afff9c0 points into unknown readable memory
RBP=0x0000000000000007 is an unknown value
RSI=0x0000021a5b7c3830 points into unknown readable memory
RDI=0x0000000000000001 is an unknown value
R8 =0x007ffffffc7f3004 is an unknown value
R9 =0x0000000800000000 is pointing into metadata
R10=0x0000000704b93f78 is an oop
[Ljava.lang.Object; 
{0x0000000704b93f78} - klass: 'java/lang/Object'[]
 - length: 1234
R11=0x000000000000000c is an unknown value
R12=0x0000000800235fe8 is pointing into metadata
R13=0x0000021a5b7c3908 points into unknown readable memory
R14=0x0000021a5b7c3830 points into unknown readable memory
R15=0x0000000800235fe0 is pointing into metadata


Registers:
RAX=0x0000021a4db30000, RBX=0x0000000000000800, RCX=0x0000000000000000, RDX=0x1fffffff1fcc0100
RSP=0x000000aa3afff9c0, RBP=0x0000000000000007, RSI=0x0000021a5b7c3830, RDI=0x0000000000000001
R8 =0x007ffffffc7f3004, R9 =0x0000000800000000, R10=0x0000000704b93f78, R11=0x000000000000000c
R12=0x0000000800235fe8, R13=0x0000021a5b7c3908, R14=0x0000021a5b7c3830, R15=0x0000000800235fe0
RIP=0x00007ffccb0bbea2, EFLAGS=0x0000000000010246

Top of Stack: (sp=0x000000aa3afff9c0)
0x000000aa3afff9c0:   0000000704c19500 0000021a5b7c3830
0x000000aa3afff9d0:   00007ffccaeb0000 0000000000000000
0x000000aa3afff9e0:   0000000000000005 00007ffccb1b6c79
0x000000aa3afff9f0:   0000000000000800 0000021a5b7c3830
0x000000aa3afffa00:   0000021a5df40ec0 00000000000003cf
0x000000aa3afffa10:   00000000000003d8 0000021a5b7c3908
0x000000aa3afffa20:   0000000000000800 00007ffccb1b5237
0x000000aa3afffa30:   0000021a5df3fb88 0000000704be6c88
0x000000aa3afffa40:   0000000701b23d58 0000021a5b7c3830
0x000000aa3afffa50:   00007ffccaeb0000 0000000000000000
0x000000aa3afffa60:   0000000000000001 0000000000000000
0x000000aa3afffa70:   0000021a5b7c3830 00007ffccb1bb0cc
0x000000aa3afffa80:   0000000000000000 0000000704be6c68
0x000000aa3afffa90:   0000000704be6c68 000000aa3afffaf8
0x000000aa3afffaa0:   0000000704b93f78 0000000000000000
0x000000aa3afffab0:   00007ffccb79aca0 0000707a00000001 

Instructions: (pc=0x00007ffccb0bbea2)
0x00007ffccb0bbe82:   bf 01 00 00 00 48 8b 41 18 8b 49 10 48 c1 ea 03
0x00007ffccb0bbe92:   48 d3 ea 4c 8b c2 0f b6 ca 49 c1 e8 06 80 e1 3f
0x00007ffccb0bbea2:   4a 8b 1c c0 4a 8d 34 c0 48 d3 e7 48 8b c3 48 0b
0x00007ffccb0bbeb2:   c7 48 3b c3 74 2e 0f 1f 84 00 00 00 00 00 4c 8b 



---------------  P R O C E S S  ---------------

Threads class SMR info:
_java_thread_list=0x0000021a5b5bc4b0, length=17, elements={
0x0000021a35008000, 0x0000021a57f98800, 0x0000021a57f9a000, 0x0000021a5888b800,
0x0000021a5888d800, 0x0000021a58892800, 0x0000021a58897800, 0x0000021a5889a000,
0x0000021a58a03800, 0x0000021a58c21800, 0x0000021a58c22800, 0x0000021a5b4a9800,
0x0000021a59fac000, 0x0000021a5b0ee000, 0x0000021a5b7fe000, 0x0000021a5b98f000,
0x0000021a58c85800
}

Java Threads: ( => current thread )
  0x0000021a35008000 JavaThread "main" [_thread_blocked, id=6776, stack(0x000000aa3ae00000,0x000000aa3af00000)]
  0x0000021a57f98800 JavaThread "Reference Handler" daemon [_thread_blocked, id=11700, stack(0x000000aa3b500000,0x000000aa3b600000)]
  0x0000021a57f9a000 JavaThread "Finalizer" daemon [_thread_blocked, id=15660, stack(0x000000aa3b600000,0x000000aa3b700000)]
  0x0000021a5888b800 JavaThread "Signal Dispatcher" daemon [_thread_blocked, id=10568, stack(0x000000aa3b800000,0x000000aa3b900000)]
  0x0000021a5888d800 JavaThread "Attach Listener" daemon [_thread_blocked, id=17108, stack(0x000000aa3b900000,0x000000aa3ba00000)]
  0x0000021a58892800 JavaThread "C2 CompilerThread0" daemon [_thread_blocked, id=18524, stack(0x000000aa3ba00000,0x000000aa3bb00000)]
  0x0000021a58897800 JavaThread "C1 CompilerThread0" daemon [_thread_blocked, id=10592, stack(0x000000aa3bb00000,0x000000aa3bc00000)]
  0x0000021a5889a000 JavaThread "Sweeper thread" daemon [_thread_blocked, id=6428, stack(0x000000aa3bc00000,0x000000aa3bd00000)]
  0x0000021a58a03800 JavaThread "Common-Cleaner" daemon [_thread_blocked, id=17672, stack(0x000000aa3bd00000,0x000000aa3be00000)]
  0x0000021a58c21800 JavaThread "Monitor Ctrl-Break" daemon [_thread_in_native, id=2980, stack(0x000000aa3be00000,0x000000aa3bf00000)]
  0x0000021a58c22800 JavaThread "Service Thread" daemon [_thread_blocked, id=5280, stack(0x000000aa3bf00000,0x000000aa3c000000)]
  0x0000021a5b4a9800 JavaThread "resolver-1" daemon [_thread_blocked, id=15388, stack(0x000000aa3c700000,0x000000aa3c800000)]
  0x0000021a59fac000 JavaThread "resolver-2" daemon [_thread_blocked, id=5408, stack(0x000000aa3c800000,0x000000aa3c900000)]
  0x0000021a5b0ee000 JavaThread "resolver-3" daemon [_thread_blocked, id=14408, stack(0x000000aa3c900000,0x000000aa3ca00000)]
  0x0000021a5b7fe000 JavaThread "resolver-4" daemon [_thread_blocked, id=10044, stack(0x000000aa3ca00000,0x000000aa3cb00000)]
  0x0000021a5b98f000 JavaThread "resolver-5" daemon [_thread_blocked, id=8088, stack(0x000000aa3cb00000,0x000000aa3cc00000)]
  0x0000021a58c85800 JavaThread "C2 CompilerThread1" daemon [_thread_blocked, id=7600, stack(0x000000aa3c400000,0x000000aa3c500000)]

Other Threads:
  0x0000021a57f73800 VMThread "VM Thread" [stack: 0x000000aa3b400000,0x000000aa3b500000] [id=1356]
  0x0000021a58cbe800 WatcherThread [stack: 0x000000aa3c000000,0x000000aa3c100000] [id=13968]
=>0x0000021a3501e000 GCTaskThread "GC Thread#0" [stack: 0x000000aa3af00000,0x000000aa3b000000] [id=4472]
  0x0000021a59013800 GCTaskThread "GC Thread#1" [stack: 0x000000aa3c100000,0x000000aa3c200000] [id=17932]
  0x0000021a5903e800 GCTaskThread "GC Thread#2" [stack: 0x000000aa3c200000,0x000000aa3c300000] [id=7980]
  0x0000021a59062800 GCTaskThread "GC Thread#3" [stack: 0x000000aa3c300000,0x000000aa3c400000] [id=14016]
  0x0000021a3507e000 ConcurrentGCThread "G1 Main Marker" [stack: 0x000000aa3b000000,0x000000aa3b100000] [id=17384]
  0x0000021a35080000 ConcurrentGCThread "G1 Conc#0" [stack: 0x000000aa3b100000,0x000000aa3b200000] [id=12280]
  0x0000021a57e56000 ConcurrentGCThread "G1 Refine#0" [stack: 0x000000aa3b200000,0x000000aa3b300000] [id=7836]
  0x0000021a59bc8000 ConcurrentGCThread "G1 Refine#1" [stack: 0x000000aa3c500000,0x000000aa3c600000] [id=13960]
  0x0000021a5a296800 ConcurrentGCThread "G1 Refine#2" [stack: 0x000000aa3c600000,0x000000aa3c700000] [id=16244]
  0x0000021a57e59800 ConcurrentGCThread "G1 Young RemSet Sampling" [stack: 0x000000aa3b300000,0x000000aa3b400000] [id=8308]

Threads with active compile tasks:
C1 CompilerThread05316       3       java.util.Locale::hashCode (41 bytes)
C2 CompilerThread15290       4       java.util.zip.ZipFile$Source::initCEN (606 bytes)

VM state:at safepoint (normal execution)

VM Mutex/Monitor currently owned by a thread:  ([mutex/lock_event])
[0x0000021a35006180] Threads_lock - owner thread: 0x0000021a57f73800
[0x0000021a35006060] Heap_lock - owner thread: 0x0000021a35008000

Heap address: 0x0000000701a00000, size: 4070 MB, Compressed Oops mode: Zero based, Oop shift amount: 3
Narrow klass base: 0x0000000800000000, Narrow klass shift: 0
Compressed class space size: 1073741824 Address: 0x0000000800000000

Heap:
 garbage-first heap   total 315392K, used 62152K [0x0000000701a00000, 0x0000000800000000)
  region size 1024K, 32 young (32768K), 13 survivors (13312K)
 Metaspace       used 30286K, capacity 30965K, committed 31024K, reserved 1077248K
  class space    used 3190K, capacity 3407K, committed 3456K, reserved 1048576K
Heap Regions: E=young(eden), S=young(survivor), O=old, HS=humongous(starts), HC=humongous(continues), CS=collection set, F=free, A=archive, TAMS=top-at-mark-start (previous, next)
|   0|0x0000000701a00000, 0x0000000701b00000, 0x0000000701b00000|100%| O|  |TAMS 0x0000000701b00000, 0x0000000701a00000| Untracked 
|   1|0x0000000701b00000, 0x0000000701c00000, 0x0000000701c00000|100%| O|  |TAMS 0x0000000701c00000, 0x0000000701b00000| Untracked 
|   2|0x0000000701c00000, 0x0000000701d00000, 0x0000000701d00000|100%| O|  |TAMS 0x0000000701d00000, 0x0000000701c00000| Untracked 
|   3|0x0000000701d00000, 0x0000000701e00000, 0x0000000701e00000|100%| O|  |TAMS 0x0000000701e00000, 0x0000000701d00000| Untracked 
|   4|0x0000000701e00000, 0x0000000701f00000, 0x0000000701f00000|100%| O|  |TAMS 0x0000000701f00000, 0x0000000701e00000| Untracked 
|   5|0x0000000701f00000, 0x0000000702000000, 0x0000000702000000|100%| O|  |TAMS 0x0000000702000000, 0x0000000701f00000| Untracked 
|   6|0x0000000702000000, 0x0000000702100000, 0x0000000702100000|100%| O|  |TAMS 0x0000000702100000, 0x0000000702000000| Untracked 
|   7|0x0000000702100000, 0x0000000702200000, 0x0000000702200000|100%| O|  |TAMS 0x0000000702200000, 0x0000000702100000| Untracked 
|   8|0x0000000702200000, 0x0000000702300000, 0x0000000702300000|100%| O|  |TAMS 0x000000070226f600, 0x0000000702200000| Untracked 
|   9|0x0000000702300000, 0x0000000702400000, 0x0000000702400000|100%| O|  |TAMS 0x0000000702300000, 0x0000000702300000| Untracked 
|  10|0x0000000702400000, 0x0000000702500000, 0x0000000702500000|100%| O|  |TAMS 0x0000000702400000, 0x0000000702400000| Untracked 
|  11|0x0000000702500000, 0x0000000702600000, 0x0000000702600000|100%| O|  |TAMS 0x0000000702500000, 0x0000000702500000| Untracked 
|  12|0x0000000702600000, 0x0000000702700000, 0x0000000702700000|100%| O|  |TAMS 0x0000000702600000, 0x0000000702600000| Untracked 
|  13|0x0000000702700000, 0x0000000702800000, 0x0000000702800000|100%| O|  |TAMS 0x0000000702700000, 0x0000000702700000| Untracked 
|  14|0x0000000702800000, 0x0000000702900000, 0x0000000702900000|100%| O|  |TAMS 0x0000000702800000, 0x0000000702800000| Untracked 
|  15|0x0000000702900000, 0x0000000702a00000, 0x0000000702a00000|100%| O|  |TAMS 0x0000000702900000, 0x0000000702900000| Untracked 
|  16|0x0000000702a00000, 0x0000000702b00000, 0x0000000702b00000|100%| O|  |TAMS 0x0000000702a00000, 0x0000000702a00000| Untracked 
|  17|0x0000000702b00000, 0x0000000702c00000, 0x0000000702c00000|100%| O|  |TAMS 0x0000000702b00000, 0x0000000702b00000| Untracked 
|  18|0x0000000702c00000, 0x0000000702d00000, 0x0000000702d00000|100%| O|  |TAMS 0x0000000702c00000, 0x0000000702c00000| Untracked 
|  19|0x0000000702d00000, 0x0000000702e00000, 0x0000000702e00000|100%| O|  |TAMS 0x0000000702d00000, 0x0000000702d00000| Untracked 
|  20|0x0000000702e00000, 0x0000000702f00000, 0x0000000702f00000|100%| O|  |TAMS 0x0000000702e00000, 0x0000000702e00000| Untracked 
|  21|0x0000000702f00000, 0x0000000703000000, 0x0000000703000000|100%| O|  |TAMS 0x0000000702f00000, 0x0000000702f00000| Untracked 
|  22|0x0000000703000000, 0x0000000703100000, 0x0000000703100000|100%| O|  |TAMS 0x0000000703000000, 0x0000000703000000| Untracked 
|  23|0x0000000703100000, 0x0000000703100000, 0x0000000703200000|  0%| F|  |TAMS 0x0000000703100000, 0x0000000703100000| Untracked 
|  24|0x0000000703200000, 0x0000000703200000, 0x0000000703300000|  0%| F|  |TAMS 0x0000000703200000, 0x0000000703200000| Untracked 
|  25|0x0000000703300000, 0x0000000703300000, 0x0000000703400000|  0%| F|  |TAMS 0x0000000703300000, 0x0000000703300000| Untracked 
|  26|0x0000000703400000, 0x0000000703400000, 0x0000000703500000|  0%| F|  |TAMS 0x0000000703400000, 0x0000000703400000| Untracked 
|  27|0x0000000703500000, 0x0000000703500000, 0x0000000703600000|  0%| F|  |TAMS 0x0000000703500000, 0x0000000703500000| Untracked 
|  28|0x0000000703600000, 0x0000000703600000, 0x0000000703700000|  0%| F|  |TAMS 0x0000000703600000, 0x0000000703600000| Untracked 
|  29|0x0000000703700000, 0x0000000703700000, 0x0000000703800000|  0%| F|  |TAMS 0x0000000703700000, 0x0000000703700000| Untracked 
|  30|0x0000000703800000, 0x0000000703800000, 0x0000000703900000|  0%| F|  |TAMS 0x0000000703800000, 0x0000000703800000| Untracked 
|  31|0x0000000703900000, 0x0000000703900000, 0x0000000703a00000|  0%| F|  |TAMS 0x0000000703900000, 0x0000000703900000| Untracked 
|  32|0x0000000703a00000, 0x0000000703a00000, 0x0000000703b00000|  0%| F|  |TAMS 0x0000000703a00000, 0x0000000703a00000| Untracked 
|  33|0x0000000703b00000, 0x0000000703b00000, 0x0000000703c00000|  0%| F|  |TAMS 0x0000000703b00000, 0x0000000703b00000| Untracked 
|  34|0x0000000703c00000, 0x0000000703c00000, 0x0000000703d00000|  0%| F|  |TAMS 0x0000000703c00000, 0x0000000703c00000| Untracked 
|  35|0x0000000703d00000, 0x0000000703d00000, 0x0000000703e00000|  0%| F|  |TAMS 0x0000000703d00000, 0x0000000703d00000| Untracked 
|  36|0x0000000703e00000, 0x0000000703e00000, 0x0000000703f00000|  0%| F|  |TAMS 0x0000000703e00000, 0x0000000703e00000| Untracked 
|  37|0x0000000703f00000, 0x0000000703f00000, 0x0000000704000000|  0%| F|  |TAMS 0x0000000703f00000, 0x0000000703f00000| Untracked 
|  38|0x0000000704000000, 0x0000000704000000, 0x0000000704100000|  0%| F|  |TAMS 0x0000000704000000, 0x0000000704000000| Untracked 
|  39|0x0000000704100000, 0x0000000704100000, 0x0000000704200000|  0%| F|  |TAMS 0x0000000704100000, 0x0000000704100000| Untracked 
|  40|0x0000000704200000, 0x0000000704200000, 0x0000000704300000|  0%| F|  |TAMS 0x0000000704200000, 0x0000000704200000| Untracked 
|  41|0x0000000704300000, 0x0000000704300000, 0x0000000704400000|  0%| F|  |TAMS 0x0000000704300000, 0x0000000704300000| Untracked 
|  42|0x0000000704400000, 0x0000000704400000, 0x0000000704500000|  0%| F|  |TAMS 0x0000000704400000, 0x0000000704400000| Untracked 
|  43|0x0000000704500000, 0x0000000704500000, 0x0000000704600000|  0%| F|  |TAMS 0x0000000704500000, 0x0000000704500000| Untracked 
|  44|0x0000000704600000, 0x0000000704600000, 0x0000000704700000|  0%| F|  |TAMS 0x0000000704600000, 0x0000000704600000| Untracked 
|  45|0x0000000704700000, 0x0000000704700000, 0x0000000704800000|  0%| F|  |TAMS 0x0000000704700000, 0x0000000704700000| Untracked 
|  46|0x0000000704800000, 0x0000000704800000, 0x0000000704900000|  0%| F|  |TAMS 0x0000000704800000, 0x0000000704800000| Untracked 
|  47|0x0000000704900000, 0x0000000704a00000, 0x0000000704a00000|100%| O|  |TAMS 0x0000000704900000, 0x0000000704900000| Untracked 
|  48|0x0000000704a00000, 0x0000000704b00000, 0x0000000704b00000|100%| O|  |TAMS 0x0000000704a00000, 0x0000000704a00000| Untracked 
|  49|0x0000000704b00000, 0x0000000704c00000, 0x0000000704c00000|100%| O|  |TAMS 0x0000000704b00000, 0x0000000704b00000| Untracked 
|  50|0x0000000704c00000, 0x0000000704d00000, 0x0000000704d00000|100%| O|  |TAMS 0x0000000704c00000, 0x0000000704c00000| Untracked 
|  51|0x0000000704d00000, 0x0000000704e00000, 0x0000000704e00000|100%| O|  |TAMS 0x0000000704d00000, 0x0000000704d00000| Untracked 
|  52|0x0000000704e00000, 0x0000000704f00000, 0x0000000704f00000|100%| O|  |TAMS 0x0000000704e00000, 0x0000000704e00000| Untracked 
|  53|0x0000000704f00000, 0x0000000704f32200, 0x0000000705000000| 19%| O|  |TAMS 0x0000000704f00000, 0x0000000704f00000| Untracked 
|  54|0x0000000705000000, 0x0000000705000000, 0x0000000705100000|  0%| F|  |TAMS 0x0000000705000000, 0x0000000705000000| Untracked 
|  55|0x0000000705100000, 0x0000000705100000, 0x0000000705200000|  0%| F|  |TAMS 0x0000000705100000, 0x0000000705100000| Untracked 
|  56|0x0000000705200000, 0x0000000705200000, 0x0000000705300000|  0%| F|  |TAMS 0x0000000705200000, 0x0000000705200000| Untracked 
|  57|0x0000000705300000, 0x0000000705300000, 0x0000000705400000|  0%| F|  |TAMS 0x0000000705300000, 0x0000000705300000| Untracked 
|  58|0x0000000705400000, 0x0000000705400000, 0x0000000705500000|  0%| F|  |TAMS 0x0000000705400000, 0x0000000705400000| Untracked 
|  59|0x0000000705500000, 0x0000000705500000, 0x0000000705600000|  0%| F|  |TAMS 0x0000000705500000, 0x0000000705500000| Untracked 
|  60|0x0000000705600000, 0x0000000705600000, 0x0000000705700000|  0%| F|  |TAMS 0x0000000705600000, 0x0000000705600000| Untracked 
|  61|0x0000000705700000, 0x0000000705700000, 0x0000000705800000|  0%| F|  |TAMS 0x0000000705700000, 0x0000000705700000| Untracked 
|  62|0x0000000705800000, 0x0000000705800000, 0x0000000705900000|  0%| F|  |TAMS 0x0000000705800000, 0x0000000705800000| Untracked 
|  63|0x0000000705900000, 0x0000000705900000, 0x0000000705a00000|  0%| F|  |TAMS 0x0000000705900000, 0x0000000705900000| Untracked 
|  64|0x0000000705a00000, 0x0000000705a00000, 0x0000000705b00000|  0%| F|  |TAMS 0x0000000705a00000, 0x0000000705a00000| Untracked 
|  65|0x0000000705b00000, 0x0000000705b00000, 0x0000000705c00000|  0%| F|  |TAMS 0x0000000705b00000, 0x0000000705b00000| Untracked 
|  66|0x0000000705c00000, 0x0000000705c00000, 0x0000000705d00000|  0%| F|  |TAMS 0x0000000705c00000, 0x0000000705c00000| Untracked 
|  67|0x0000000705d00000, 0x0000000705d00000, 0x0000000705e00000|  0%| F|  |TAMS 0x0000000705d00000, 0x0000000705d00000| Untracked 
|  68|0x0000000705e00000, 0x0000000705e00000, 0x0000000705f00000|  0%| F|  |TAMS 0x0000000705e00000, 0x0000000705e00000| Untracked 
|  69|0x0000000705f00000, 0x0000000705f00000, 0x0000000706000000|  0%| F|  |TAMS 0x0000000705f00000, 0x0000000705f00000| Untracked 
|  70|0x0000000706000000, 0x0000000706000000, 0x0000000706100000|  0%| F|  |TAMS 0x0000000706000000, 0x0000000706000000| Untracked 
|  71|0x0000000706100000, 0x0000000706100000, 0x0000000706200000|  0%| F|  |TAMS 0x0000000706100000, 0x0000000706100000| Untracked 
|  72|0x0000000706200000, 0x0000000706200000, 0x0000000706300000|  0%| F|  |TAMS 0x0000000706200000, 0x0000000706200000| Untracked 
|  73|0x0000000706300000, 0x0000000706300000, 0x0000000706400000|  0%| F|  |TAMS 0x0000000706300000, 0x0000000706300000| Untracked 
|  74|0x0000000706400000, 0x0000000706400000, 0x0000000706500000|  0%| F|  |TAMS 0x0000000706400000, 0x0000000706400000| Untracked 
|  75|0x0000000706500000, 0x0000000706500000, 0x0000000706600000|  0%| F|  |TAMS 0x0000000706500000, 0x0000000706500000| Untracked 
|  76|0x0000000706600000, 0x0000000706600000, 0x0000000706700000|  0%| F|  |TAMS 0x0000000706600000, 0x0000000706600000| Untracked 
|  77|0x0000000706700000, 0x0000000706700000, 0x0000000706800000|  0%| F|  |TAMS 0x0000000706700000, 0x0000000706700000| Untracked 
|  78|0x0000000706800000, 0x0000000706800000, 0x0000000706900000|  0%| F|  |TAMS 0x0000000706800000, 0x0000000706800000| Untracked 
|  79|0x0000000706900000, 0x0000000706900000, 0x0000000706a00000|  0%| F|  |TAMS 0x0000000706900000, 0x0000000706900000| Untracked 
|  80|0x0000000706a00000, 0x0000000706a00000, 0x0000000706b00000|  0%| F|  |TAMS 0x0000000706a00000, 0x0000000706a00000| Untracked 
|  81|0x0000000706b00000, 0x0000000706b00000, 0x0000000706c00000|  0%| F|  |TAMS 0x0000000706b00000, 0x0000000706b00000| Untracked 
|  82|0x0000000706c00000, 0x0000000706c00000, 0x0000000706d00000|  0%| F|  |TAMS 0x0000000706c00000, 0x0000000706c00000| Untracked 
|  83|0x0000000706d00000, 0x0000000706d00000, 0x0000000706e00000|  0%| F|  |TAMS 0x0000000706d00000, 0x0000000706d00000| Untracked 
|  84|0x0000000706e00000, 0x0000000706e00000, 0x0000000706f00000|  0%| F|  |TAMS 0x0000000706e00000, 0x0000000706e00000| Untracked 
|  85|0x0000000706f00000, 0x0000000706f00000, 0x0000000707000000|  0%| F|  |TAMS 0x0000000706f00000, 0x0000000706f00000| Untracked 
|  86|0x0000000707000000, 0x0000000707000000, 0x0000000707100000|  0%| F|  |TAMS 0x0000000707000000, 0x0000000707000000| Untracked 
|  87|0x0000000707100000, 0x0000000707100000, 0x0000000707200000|  0%| F|  |TAMS 0x0000000707100000, 0x0000000707100000| Untracked 
|  88|0x0000000707200000, 0x0000000707200000, 0x0000000707300000|  0%| F|  |TAMS 0x0000000707200000, 0x0000000707200000| Untracked 
|  89|0x0000000707300000, 0x0000000707300000, 0x0000000707400000|  0%| F|  |TAMS 0x0000000707300000, 0x0000000707300000| Untracked 
|  90|0x0000000707400000, 0x0000000707400000, 0x0000000707500000|  0%| F|  |TAMS 0x0000000707400000, 0x0000000707400000| Untracked 
|  91|0x0000000707500000, 0x0000000707500000, 0x0000000707600000|  0%| F|  |TAMS 0x0000000707500000, 0x0000000707500000| Untracked 
|  92|0x0000000707600000, 0x0000000707600000, 0x0000000707700000|  0%| F|  |TAMS 0x0000000707600000, 0x0000000707600000| Untracked 
|  93|0x0000000707700000, 0x0000000707700000, 0x0000000707800000|  0%| F|  |TAMS 0x0000000707700000, 0x0000000707700000| Untracked 
|  94|0x0000000707800000, 0x0000000707800000, 0x0000000707900000|  0%| F|  |TAMS 0x0000000707800000, 0x0000000707800000| Untracked 
|  95|0x0000000707900000, 0x0000000707900000, 0x0000000707a00000|  0%| F|  |TAMS 0x0000000707900000, 0x0000000707900000| Untracked 
|  96|0x0000000707a00000, 0x0000000707a00000, 0x0000000707b00000|  0%| F|  |TAMS 0x0000000707a00000, 0x0000000707a00000| Untracked 
|  97|0x0000000707b00000, 0x0000000707b00000, 0x0000000707c00000|  0%| F|  |TAMS 0x0000000707b00000, 0x0000000707b00000| Untracked 
|  98|0x0000000707c00000, 0x0000000707c00000, 0x0000000707d00000|  0%| F|  |TAMS 0x0000000707c00000, 0x0000000707c00000| Untracked 
|  99|0x0000000707d00000, 0x0000000707d00000, 0x0000000707e00000|  0%| F|  |TAMS 0x0000000707d00000, 0x0000000707d00000| Untracked 
| 100|0x0000000707e00000, 0x0000000707e00000, 0x0000000707f00000|  0%| F|  |TAMS 0x0000000707e00000, 0x0000000707e00000| Untracked 
| 101|0x0000000707f00000, 0x0000000707f00000, 0x0000000708000000|  0%| F|  |TAMS 0x0000000707f00000, 0x0000000707f00000| Untracked 
| 102|0x0000000708000000, 0x0000000708000000, 0x0000000708100000|  0%| F|  |TAMS 0x0000000708000000, 0x0000000708000000| Untracked 
| 103|0x0000000708100000, 0x0000000708100000, 0x0000000708200000|  0%| F|  |TAMS 0x0000000708100000, 0x0000000708100000| Untracked 
| 104|0x0000000708200000, 0x0000000708200000, 0x0000000708300000|  0%| F|  |TAMS 0x0000000708200000, 0x0000000708200000| Untracked 
| 105|0x0000000708300000, 0x0000000708300000, 0x0000000708400000|  0%| F|  |TAMS 0x0000000708300000, 0x0000000708300000| Untracked 
| 106|0x0000000708400000, 0x0000000708400000, 0x0000000708500000|  0%| F|  |TAMS 0x0000000708400000, 0x0000000708400000| Untracked 
| 107|0x0000000708500000, 0x0000000708500000, 0x0000000708600000|  0%| F|  |TAMS 0x0000000708500000, 0x0000000708500000| Untracked 
| 108|0x0000000708600000, 0x0000000708600000, 0x0000000708700000|  0%| F|  |TAMS 0x0000000708600000, 0x0000000708600000| Untracked 
| 109|0x0000000708700000, 0x0000000708700000, 0x0000000708800000|  0%| F|  |TAMS 0x0000000708700000, 0x0000000708700000| Untracked 
| 110|0x0000000708800000, 0x0000000708800000, 0x0000000708900000|  0%| F|  |TAMS 0x0000000708800000, 0x0000000708800000| Untracked 
| 111|0x0000000708900000, 0x0000000708900000, 0x0000000708a00000|  0%| F|  |TAMS 0x0000000708900000, 0x0000000708900000| Untracked 
| 112|0x0000000708a00000, 0x0000000708a00000, 0x0000000708b00000|  0%| F|  |TAMS 0x0000000708a00000, 0x0000000708a00000| Untracked 
| 113|0x0000000708b00000, 0x0000000708b00000, 0x0000000708c00000|  0%| F|  |TAMS 0x0000000708b00000, 0x0000000708b00000| Untracked 
| 114|0x0000000708c00000, 0x0000000708c00000, 0x0000000708d00000|  0%| F|  |TAMS 0x0000000708c00000, 0x0000000708c00000| Untracked 
| 115|0x0000000708d00000, 0x0000000708d00000, 0x0000000708e00000|  0%| F|  |TAMS 0x0000000708d00000, 0x0000000708d00000| Untracked 
| 116|0x0000000708e00000, 0x0000000708e00000, 0x0000000708f00000|  0%| F|  |TAMS 0x0000000708e00000, 0x0000000708e00000| Untracked 
| 117|0x0000000708f00000, 0x0000000708f00000, 0x0000000709000000|  0%| F|  |TAMS 0x0000000708f00000, 0x0000000708f00000| Untracked 
| 118|0x0000000709000000, 0x0000000709000000, 0x0000000709100000|  0%| F|  |TAMS 0x0000000709000000, 0x0000000709000000| Untracked 
| 119|0x0000000709100000, 0x0000000709100000, 0x0000000709200000|  0%| F|  |TAMS 0x0000000709100000, 0x0000000709100000| Untracked 
| 120|0x0000000709200000, 0x0000000709200000, 0x0000000709300000|  0%| F|  |TAMS 0x0000000709200000, 0x0000000709200000| Untracked 
| 121|0x0000000709300000, 0x0000000709300000, 0x0000000709400000|  0%| F|  |TAMS 0x0000000709300000, 0x0000000709300000| Untracked 
| 122|0x0000000709400000, 0x0000000709400000, 0x0000000709500000|  0%| F|  |TAMS 0x0000000709400000, 0x0000000709400000| Untracked 
| 123|0x0000000709500000, 0x0000000709500000, 0x0000000709600000|  0%| F|  |TAMS 0x0000000709500000, 0x0000000709500000| Untracked 
| 124|0x0000000709600000, 0x0000000709600000, 0x0000000709700000|  0%| F|  |TAMS 0x0000000709600000, 0x0000000709600000| Untracked 
| 125|0x0000000709700000, 0x0000000709700000, 0x0000000709800000|  0%| F|  |TAMS 0x0000000709700000, 0x0000000709700000| Untracked 
| 126|0x0000000709800000, 0x0000000709800000, 0x0000000709900000|  0%| F|  |TAMS 0x0000000709800000, 0x0000000709800000| Untracked 
| 127|0x0000000709900000, 0x0000000709900000, 0x0000000709a00000|  0%| F|  |TAMS 0x0000000709900000, 0x0000000709900000| Untracked 
| 128|0x0000000709a00000, 0x0000000709a00000, 0x0000000709b00000|  0%| F|  |TAMS 0x0000000709a00000, 0x0000000709a00000| Untracked 
| 129|0x0000000709b00000, 0x0000000709b00000, 0x0000000709c00000|  0%| F|  |TAMS 0x0000000709b00000, 0x0000000709b00000| Untracked 
| 130|0x0000000709c00000, 0x0000000709c00000, 0x0000000709d00000|  0%| F|  |TAMS 0x0000000709c00000, 0x0000000709c00000| Untracked 
| 131|0x0000000709d00000, 0x0000000709d00000, 0x0000000709e00000|  0%| F|  |TAMS 0x0000000709d00000, 0x0000000709d00000| Untracked 
| 132|0x0000000709e00000, 0x0000000709e00000, 0x0000000709f00000|  0%| F|  |TAMS 0x0000000709e00000, 0x0000000709e00000| Untracked 
| 133|0x0000000709f00000, 0x0000000709f00000, 0x000000070a000000|  0%| F|  |TAMS 0x0000000709f00000, 0x0000000709f00000| Untracked 
| 134|0x000000070a000000, 0x000000070a000000, 0x000000070a100000|  0%| F|  |TAMS 0x000000070a000000, 0x000000070a000000| Untracked 
| 135|0x000000070a100000, 0x000000070a100000, 0x000000070a200000|  0%| F|  |TAMS 0x000000070a100000, 0x000000070a100000| Untracked 
| 136|0x000000070a200000, 0x000000070a200000, 0x000000070a300000|  0%| F|  |TAMS 0x000000070a200000, 0x000000070a200000| Untracked 
| 137|0x000000070a300000, 0x000000070a300000, 0x000000070a400000|  0%| F|  |TAMS 0x000000070a300000, 0x000000070a300000| Untracked 
| 138|0x000000070a400000, 0x000000070a400000, 0x000000070a500000|  0%| F|  |TAMS 0x000000070a400000, 0x000000070a400000| Untracked 
| 139|0x000000070a500000, 0x000000070a500000, 0x000000070a600000|  0%| F|  |TAMS 0x000000070a500000, 0x000000070a500000| Untracked 
| 140|0x000000070a600000, 0x000000070a600000, 0x000000070a700000|  0%| F|  |TAMS 0x000000070a600000, 0x000000070a600000| Untracked 
| 141|0x000000070a700000, 0x000000070a700000, 0x000000070a800000|  0%| F|  |TAMS 0x000000070a700000, 0x000000070a700000| Untracked 
| 142|0x000000070a800000, 0x000000070a800000, 0x000000070a900000|  0%| F|  |TAMS 0x000000070a800000, 0x000000070a800000| Untracked 
| 143|0x000000070a900000, 0x000000070a900000, 0x000000070aa00000|  0%| F|  |TAMS 0x000000070a900000, 0x000000070a900000| Untracked 
| 144|0x000000070aa00000, 0x000000070aa00000, 0x000000070ab00000|  0%| F|  |TAMS 0x000000070aa00000, 0x000000070aa00000| Untracked 
| 145|0x000000070ab00000, 0x000000070ab00000, 0x000000070ac00000|  0%| F|  |TAMS 0x000000070ab00000, 0x000000070ab00000| Untracked 
| 146|0x000000070ac00000, 0x000000070ac00000, 0x000000070ad00000|  0%| F|  |TAMS 0x000000070ac00000, 0x000000070ac00000| Untracked 
| 147|0x000000070ad00000, 0x000000070ad00000, 0x000000070ae00000|  0%| F|  |TAMS 0x000000070ad00000, 0x000000070ad00000| Untracked 
| 148|0x000000070ae00000, 0x000000070ae00000, 0x000000070af00000|  0%| F|  |TAMS 0x000000070ae00000, 0x000000070ae00000| Untracked 
| 149|0x000000070af00000, 0x000000070af00000, 0x000000070b000000|  0%| F|  |TAMS 0x000000070af00000, 0x000000070af00000| Untracked 
| 150|0x000000070b000000, 0x000000070b000000, 0x000000070b100000|  0%| F|  |TAMS 0x000000070b000000, 0x000000070b000000| Untracked 
| 151|0x000000070b100000, 0x000000070b100000, 0x000000070b200000|  0%| F|  |TAMS 0x000000070b100000, 0x000000070b100000| Untracked 
| 152|0x000000070b200000, 0x000000070b200000, 0x000000070b300000|  0%| F|  |TAMS 0x000000070b200000, 0x000000070b200000| Untracked 
| 153|0x000000070b300000, 0x000000070b300000, 0x000000070b400000|  0%| F|  |TAMS 0x000000070b300000, 0x000000070b300000| Untracked 
| 154|0x000000070b400000, 0x000000070b400000, 0x000000070b500000|  0%| F|  |TAMS 0x000000070b400000, 0x000000070b400000| Untracked 
| 155|0x000000070b500000, 0x000000070b500000, 0x000000070b600000|  0%| F|  |TAMS 0x000000070b500000, 0x000000070b500000| Untracked 
| 156|0x000000070b600000, 0x000000070b600000, 0x000000070b700000|  0%| F|  |TAMS 0x000000070b600000, 0x000000070b600000| Untracked 
| 157|0x000000070b700000, 0x000000070b700000, 0x000000070b800000|  0%| F|  |TAMS 0x000000070b700000, 0x000000070b700000| Untracked 
| 158|0x000000070b800000, 0x000000070b800000, 0x000000070b900000|  0%| F|  |TAMS 0x000000070b800000, 0x000000070b800000| Untracked 
| 159|0x000000070b900000, 0x000000070b980000, 0x000000070ba00000| 50%| S|  |TAMS 0x000000070b900000, 0x000000070b900000| Complete 
| 160|0x000000070ba00000, 0x000000070bb00000, 0x000000070bb00000|100%| S|  |TAMS 0x000000070ba00000, 0x000000070ba00000| Complete 
| 161|0x000000070bb00000, 0x000000070bc00000, 0x000000070bc00000|100%| S|  |TAMS 0x000000070bb00000, 0x000000070bb00000| Complete 
| 162|0x000000070bc00000, 0x000000070bd00000, 0x000000070bd00000|100%| S|  |TAMS 0x000000070bc00000, 0x000000070bc00000| Complete 
| 163|0x000000070bd00000, 0x000000070be00000, 0x000000070be00000|100%| S|  |TAMS 0x000000070bd00000, 0x000000070bd00000| Complete 
| 164|0x000000070be00000, 0x000000070bf00000, 0x000000070bf00000|100%| S|  |TAMS 0x000000070be00000, 0x000000070be00000| Complete 
| 165|0x000000070bf00000, 0x000000070c000000, 0x000000070c000000|100%| S|  |TAMS 0x000000070bf00000, 0x000000070bf00000| Complete 
| 166|0x000000070c000000, 0x000000070c100000, 0x000000070c100000|100%| S|  |TAMS 0x000000070c000000, 0x000000070c000000| Complete 
| 167|0x000000070c100000, 0x000000070c200000, 0x000000070c200000|100%| S|  |TAMS 0x000000070c100000, 0x000000070c100000| Complete 
| 168|0x000000070c200000, 0x000000070c300000, 0x000000070c300000|100%| S|  |TAMS 0x000000070c200000, 0x000000070c200000| Complete 
| 169|0x000000070c300000, 0x000000070c400000, 0x000000070c400000|100%| S|  |TAMS 0x000000070c300000, 0x000000070c300000| Complete 
| 170|0x000000070c400000, 0x000000070c500000, 0x000000070c500000|100%| S|  |TAMS 0x000000070c400000, 0x000000070c400000| Complete 
| 171|0x000000070c500000, 0x000000070c600000, 0x000000070c600000|100%| S|  |TAMS 0x000000070c500000, 0x000000070c500000| Complete 
| 172|0x000000070c600000, 0x000000070c600000, 0x000000070c700000|  0%| F|  |TAMS 0x000000070c600000, 0x000000070c600000| Untracked 
| 173|0x000000070c700000, 0x000000070c700000, 0x000000070c800000|  0%| F|  |TAMS 0x000000070c700000, 0x000000070c700000| Untracked 
| 174|0x000000070c800000, 0x000000070c800000, 0x000000070c900000|  0%| F|  |TAMS 0x000000070c800000, 0x000000070c800000| Untracked 
| 175|0x000000070c900000, 0x000000070c900000, 0x000000070ca00000|  0%| F|  |TAMS 0x000000070c900000, 0x000000070c900000| Untracked 
| 176|0x000000070ca00000, 0x000000070ca00000, 0x000000070cb00000|  0%| F|  |TAMS 0x000000070ca00000, 0x000000070ca00000| Untracked 
| 177|0x000000070cb00000, 0x000000070cb00000, 0x000000070cc00000|  0%| F|  |TAMS 0x000000070cb00000, 0x000000070cb00000| Untracked 
| 178|0x000000070cc00000, 0x000000070cc00000, 0x000000070cd00000|  0%| F|  |TAMS 0x000000070cc00000, 0x000000070cc00000| Untracked 
| 179|0x000000070cd00000, 0x000000070cd00000, 0x000000070ce00000|  0%| F|  |TAMS 0x000000070cd00000, 0x000000070cd00000| Untracked 
| 180|0x000000070ce00000, 0x000000070ce00000, 0x000000070cf00000|  0%| F|  |TAMS 0x000000070ce00000, 0x000000070ce00000| Untracked 
| 181|0x000000070cf00000, 0x000000070cf00000, 0x000000070d000000|  0%| F|  |TAMS 0x000000070cf00000, 0x000000070cf00000| Untracked 
| 182|0x000000070d000000, 0x000000070d000000, 0x000000070d100000|  0%| F|  |TAMS 0x000000070d000000, 0x000000070d000000| Untracked 
| 183|0x000000070d100000, 0x000000070d100000, 0x000000070d200000|  0%| F|  |TAMS 0x000000070d100000, 0x000000070d100000| Untracked 
| 184|0x000000070d200000, 0x000000070d200000, 0x000000070d300000|  0%| F|  |TAMS 0x000000070d200000, 0x000000070d200000| Untracked 
| 185|0x000000070d300000, 0x000000070d300000, 0x000000070d400000|  0%| F|  |TAMS 0x000000070d300000, 0x000000070d300000| Untracked 
| 186|0x000000070d400000, 0x000000070d400000, 0x000000070d500000|  0%| F|  |TAMS 0x000000070d400000, 0x000000070d400000| Untracked 
| 187|0x000000070d500000, 0x000000070d500000, 0x000000070d600000|  0%| F|  |TAMS 0x000000070d500000, 0x000000070d500000| Untracked 
| 188|0x000000070d600000, 0x000000070d600000, 0x000000070d700000|  0%| F|  |TAMS 0x000000070d600000, 0x000000070d600000| Untracked 
| 189|0x000000070d700000, 0x000000070d700000, 0x000000070d800000|  0%| F|  |TAMS 0x000000070d700000, 0x000000070d700000| Untracked 
| 190|0x000000070d800000, 0x000000070d800000, 0x000000070d900000|  0%| F|  |TAMS 0x000000070d800000, 0x000000070d800000| Untracked 
| 191|0x000000070d900000, 0x000000070d900000, 0x000000070da00000|  0%| F|  |TAMS 0x000000070d900000, 0x000000070d900000| Untracked 
| 192|0x000000070da00000, 0x000000070da00000, 0x000000070db00000|  0%| F|  |TAMS 0x000000070da00000, 0x000000070da00000| Untracked 
| 193|0x000000070db00000, 0x000000070db00000, 0x000000070dc00000|  0%| F|  |TAMS 0x000000070db00000, 0x000000070db00000| Untracked 
| 194|0x000000070dc00000, 0x000000070dc00000, 0x000000070dd00000|  0%| F|  |TAMS 0x000000070dc00000, 0x000000070dc00000| Untracked 
| 195|0x000000070dd00000, 0x000000070dd00000, 0x000000070de00000|  0%| F|  |TAMS 0x000000070dd00000, 0x000000070dd00000| Untracked 
| 196|0x000000070de00000, 0x000000070de00000, 0x000000070df00000|  0%| F|  |TAMS 0x000000070de00000, 0x000000070de00000| Untracked 
| 197|0x000000070df00000, 0x000000070df00000, 0x000000070e000000|  0%| F|  |TAMS 0x000000070df00000, 0x000000070df00000| Untracked 
| 198|0x000000070e000000, 0x000000070e000000, 0x000000070e100000|  0%| F|  |TAMS 0x000000070e000000, 0x000000070e000000| Untracked 
| 199|0x000000070e100000, 0x000000070e100000, 0x000000070e200000|  0%| F|  |TAMS 0x000000070e100000, 0x000000070e100000| Untracked 
| 200|0x000000070e200000, 0x000000070e200000, 0x000000070e300000|  0%| F|  |TAMS 0x000000070e200000, 0x000000070e200000| Untracked 
| 201|0x000000070e300000, 0x000000070e300000, 0x000000070e400000|  0%| F|  |TAMS 0x000000070e300000, 0x000000070e300000| Untracked 
| 202|0x000000070e400000, 0x000000070e400000, 0x000000070e500000|  0%| F|  |TAMS 0x000000070e400000, 0x000000070e400000| Untracked 
| 203|0x000000070e500000, 0x000000070e500000, 0x000000070e600000|  0%| F|  |TAMS 0x000000070e500000, 0x000000070e500000| Untracked 
| 204|0x000000070e600000, 0x000000070e600000, 0x000000070e700000|  0%| F|  |TAMS 0x000000070e600000, 0x000000070e600000| Untracked 
| 205|0x000000070e700000, 0x000000070e700000, 0x000000070e800000|  0%| F|  |TAMS 0x000000070e700000, 0x000000070e700000| Untracked 
| 206|0x000000070e800000, 0x000000070e800000, 0x000000070e900000|  0%| F|  |TAMS 0x000000070e800000, 0x000000070e800000| Untracked 
| 207|0x000000070e900000, 0x000000070e900000, 0x000000070ea00000|  0%| F|  |TAMS 0x000000070e900000, 0x000000070e900000| Untracked 
| 208|0x000000070ea00000, 0x000000070ea00000, 0x000000070eb00000|  0%| F|  |TAMS 0x000000070ea00000, 0x000000070ea00000| Untracked 
| 209|0x000000070eb00000, 0x000000070eb00000, 0x000000070ec00000|  0%| F|  |TAMS 0x000000070eb00000, 0x000000070eb00000| Untracked 
| 210|0x000000070ec00000, 0x000000070ec00000, 0x000000070ed00000|  0%| F|  |TAMS 0x000000070ec00000, 0x000000070ec00000| Untracked 
| 211|0x000000070ed00000, 0x000000070ed00000, 0x000000070ee00000|  0%| F|  |TAMS 0x000000070ed00000, 0x000000070ed00000| Untracked 
| 212|0x000000070ee00000, 0x000000070ee00000, 0x000000070ef00000|  0%| F|  |TAMS 0x000000070ee00000, 0x000000070ee00000| Untracked 
| 213|0x000000070ef00000, 0x000000070ef00000, 0x000000070f000000|  0%| F|  |TAMS 0x000000070ef00000, 0x000000070ef00000| Untracked 
| 214|0x000000070f000000, 0x000000070f000000, 0x000000070f100000|  0%| F|  |TAMS 0x000000070f000000, 0x000000070f000000| Untracked 
| 215|0x000000070f100000, 0x000000070f100000, 0x000000070f200000|  0%| F|  |TAMS 0x000000070f100000, 0x000000070f100000| Untracked 
| 216|0x000000070f200000, 0x000000070f200000, 0x000000070f300000|  0%| F|  |TAMS 0x000000070f200000, 0x000000070f200000| Untracked 
| 217|0x000000070f300000, 0x000000070f300000, 0x000000070f400000|  0%| F|  |TAMS 0x000000070f300000, 0x000000070f300000| Untracked 
| 218|0x000000070f400000, 0x000000070f400000, 0x000000070f500000|  0%| F|  |TAMS 0x000000070f400000, 0x000000070f400000| Untracked 
| 219|0x000000070f500000, 0x000000070f500000, 0x000000070f600000|  0%| F|  |TAMS 0x000000070f500000, 0x000000070f500000| Untracked 
| 220|0x000000070f600000, 0x000000070f600000, 0x000000070f700000|  0%| F|  |TAMS 0x000000070f600000, 0x000000070f600000| Untracked 
| 221|0x000000070f700000, 0x000000070f700000, 0x000000070f800000|  0%| F|  |TAMS 0x000000070f700000, 0x000000070f700000| Untracked 
| 222|0x000000070f800000, 0x000000070f800000, 0x000000070f900000|  0%| F|  |TAMS 0x000000070f800000, 0x000000070f800000| Untracked 
| 223|0x000000070f900000, 0x000000070f900000, 0x000000070fa00000|  0%| F|  |TAMS 0x000000070f900000, 0x000000070f900000| Untracked 
| 224|0x000000070fa00000, 0x000000070fa00000, 0x000000070fb00000|  0%| F|  |TAMS 0x000000070fa00000, 0x000000070fa00000| Untracked 
| 225|0x000000070fb00000, 0x000000070fb00000, 0x000000070fc00000|  0%| F|  |TAMS 0x000000070fb00000, 0x000000070fb00000| Untracked 
| 226|0x000000070fc00000, 0x000000070fc00000, 0x000000070fd00000|  0%| F|  |TAMS 0x000000070fc00000, 0x000000070fc00000| Untracked 
| 227|0x000000070fd00000, 0x000000070fd00000, 0x000000070fe00000|  0%| F|  |TAMS 0x000000070fd00000, 0x000000070fd00000| Untracked 
| 228|0x000000070fe00000, 0x000000070fe00000, 0x000000070ff00000|  0%| F|  |TAMS 0x000000070fe00000, 0x000000070fe00000| Untracked 
| 229|0x000000070ff00000, 0x000000070ff00000, 0x0000000710000000|  0%| F|  |TAMS 0x000000070ff00000, 0x000000070ff00000| Untracked 
| 230|0x0000000710000000, 0x0000000710000000, 0x0000000710100000|  0%| F|  |TAMS 0x0000000710000000, 0x0000000710000000| Untracked 
| 231|0x0000000710100000, 0x0000000710100000, 0x0000000710200000|  0%| F|  |TAMS 0x0000000710100000, 0x0000000710100000| Untracked 
| 232|0x0000000710200000, 0x0000000710200000, 0x0000000710300000|  0%| F|  |TAMS 0x0000000710200000, 0x0000000710200000| Untracked 
| 233|0x0000000710300000, 0x0000000710300000, 0x0000000710400000|  0%| F|  |TAMS 0x0000000710300000, 0x0000000710300000| Untracked 
| 234|0x0000000710400000, 0x0000000710400000, 0x0000000710500000|  0%| F|  |TAMS 0x0000000710400000, 0x0000000710400000| Untracked 
| 235|0x0000000710500000, 0x0000000710500000, 0x0000000710600000|  0%| F|  |TAMS 0x0000000710500000, 0x0000000710500000| Untracked 
| 236|0x0000000710600000, 0x0000000710600000, 0x0000000710700000|  0%| F|  |TAMS 0x0000000710600000, 0x0000000710600000| Untracked 
| 237|0x0000000710700000, 0x0000000710700000, 0x0000000710800000|  0%| F|  |TAMS 0x0000000710700000, 0x0000000710700000| Untracked 
| 238|0x0000000710800000, 0x0000000710800000, 0x0000000710900000|  0%| F|  |TAMS 0x0000000710800000, 0x0000000710800000| Untracked 
| 239|0x0000000710900000, 0x0000000710900000, 0x0000000710a00000|  0%| F|  |TAMS 0x0000000710900000, 0x0000000710900000| Untracked 
| 240|0x0000000710a00000, 0x0000000710a00000, 0x0000000710b00000|  0%| F|  |TAMS 0x0000000710a00000, 0x0000000710a00000| Untracked 
| 241|0x0000000710b00000, 0x0000000710b00000, 0x0000000710c00000|  0%| F|  |TAMS 0x0000000710b00000, 0x0000000710b00000| Untracked 
| 242|0x0000000710c00000, 0x0000000710c00000, 0x0000000710d00000|  0%| F|  |TAMS 0x0000000710c00000, 0x0000000710c00000| Untracked 
| 243|0x0000000710d00000, 0x0000000710d00000, 0x0000000710e00000|  0%| F|  |TAMS 0x0000000710d00000, 0x0000000710d00000| Untracked 
| 244|0x0000000710e00000, 0x0000000710e00000, 0x0000000710f00000|  0%| F|  |TAMS 0x0000000710e00000, 0x0000000710e00000| Untracked 
| 245|0x0000000710f00000, 0x0000000710f00000, 0x0000000711000000|  0%| F|  |TAMS 0x0000000710f00000, 0x0000000710f00000| Untracked 
| 246|0x0000000711000000, 0x0000000711000000, 0x0000000711100000|  0%| F|  |TAMS 0x0000000711000000, 0x0000000711000000| Untracked 
| 247|0x0000000711100000, 0x0000000711100000, 0x0000000711200000|  0%| F|  |TAMS 0x0000000711100000, 0x0000000711100000| Untracked 
| 248|0x0000000711200000, 0x0000000711200000, 0x0000000711300000|  0%| F|  |TAMS 0x0000000711200000, 0x0000000711200000| Untracked 
| 249|0x0000000711300000, 0x0000000711300000, 0x0000000711400000|  0%| F|  |TAMS 0x0000000711300000, 0x0000000711300000| Untracked 
| 250|0x0000000711400000, 0x0000000711400000, 0x0000000711500000|  0%| F|  |TAMS 0x0000000711400000, 0x0000000711400000| Untracked 
| 251|0x0000000711500000, 0x0000000711500000, 0x0000000711600000|  0%| F|  |TAMS 0x0000000711500000, 0x0000000711500000| Untracked 
| 252|0x0000000711600000, 0x0000000711600000, 0x0000000711700000|  0%| F|  |TAMS 0x0000000711600000, 0x0000000711600000| Untracked 
| 253|0x0000000711700000, 0x0000000711700000, 0x0000000711800000|  0%| F|  |TAMS 0x0000000711700000, 0x0000000711700000| Untracked 
| 254|0x0000000711800000, 0x0000000711800000, 0x0000000711900000|  0%| F|  |TAMS 0x0000000711800000, 0x0000000711800000| Untracked 
| 255|0x0000000711900000, 0x0000000711900000, 0x0000000711a00000|  0%| F|  |TAMS 0x0000000711900000, 0x0000000711900000| Untracked 
| 256|0x0000000711a00000, 0x0000000711a00000, 0x0000000711b00000|  0%| F|  |TAMS 0x0000000711a00000, 0x0000000711a00000| Untracked 
| 257|0x0000000711b00000, 0x0000000711b00000, 0x0000000711c00000|  0%| F|  |TAMS 0x0000000711b00000, 0x0000000711b00000| Untracked 
| 258|0x0000000711c00000, 0x0000000711c00000, 0x0000000711d00000|  0%| F|  |TAMS 0x0000000711c00000, 0x0000000711c00000| Untracked 
| 259|0x0000000711d00000, 0x0000000711d00000, 0x0000000711e00000|  0%| F|  |TAMS 0x0000000711d00000, 0x0000000711d00000| Untracked 
| 260|0x0000000711e00000, 0x0000000711e00000, 0x0000000711f00000|  0%| F|  |TAMS 0x0000000711e00000, 0x0000000711e00000| Untracked 
| 261|0x0000000711f00000, 0x0000000711f00000, 0x0000000712000000|  0%| F|  |TAMS 0x0000000711f00000, 0x0000000711f00000| Untracked 
| 262|0x0000000712000000, 0x0000000712000000, 0x0000000712100000|  0%| F|  |TAMS 0x0000000712000000, 0x0000000712000000| Untracked 
| 263|0x0000000712100000, 0x0000000712100000, 0x0000000712200000|  0%| F|  |TAMS 0x0000000712100000, 0x0000000712100000| Untracked 
| 264|0x0000000712200000, 0x0000000712200000, 0x0000000712300000|  0%| F|  |TAMS 0x0000000712200000, 0x0000000712200000| Untracked 
| 265|0x0000000712300000, 0x0000000712300000, 0x0000000712400000|  0%| F|  |TAMS 0x0000000712300000, 0x0000000712300000| Untracked 
| 266|0x0000000712400000, 0x0000000712400000, 0x0000000712500000|  0%| F|  |TAMS 0x0000000712400000, 0x0000000712400000| Untracked 
| 267|0x0000000712500000, 0x0000000712500000, 0x0000000712600000|  0%| F|  |TAMS 0x0000000712500000, 0x0000000712500000| Untracked 
| 268|0x0000000712600000, 0x0000000712600000, 0x0000000712700000|  0%| F|  |TAMS 0x0000000712600000, 0x0000000712600000| Untracked 
| 269|0x0000000712700000, 0x0000000712700000, 0x0000000712800000|  0%| F|  |TAMS 0x0000000712700000, 0x0000000712700000| Untracked 
| 270|0x0000000712800000, 0x0000000712800000, 0x0000000712900000|  0%| F|  |TAMS 0x0000000712800000, 0x0000000712800000| Untracked 
| 271|0x0000000712900000, 0x0000000712900000, 0x0000000712a00000|  0%| F|  |TAMS 0x0000000712900000, 0x0000000712900000| Untracked 
| 272|0x0000000712a00000, 0x0000000712a00000, 0x0000000712b00000|  0%| F|  |TAMS 0x0000000712a00000, 0x0000000712a00000| Untracked 
| 273|0x0000000712b00000, 0x0000000712b00000, 0x0000000712c00000|  0%| F|  |TAMS 0x0000000712b00000, 0x0000000712b00000| Untracked 
| 274|0x0000000712c00000, 0x0000000712c00000, 0x0000000712d00000|  0%| F|  |TAMS 0x0000000712c00000, 0x0000000712c00000| Untracked 
| 275|0x0000000712d00000, 0x0000000712d00000, 0x0000000712e00000|  0%| F|  |TAMS 0x0000000712d00000, 0x0000000712d00000| Untracked 
| 276|0x0000000712e00000, 0x0000000712e00000, 0x0000000712f00000|  0%| F|  |TAMS 0x0000000712e00000, 0x0000000712e00000| Untracked 
| 277|0x0000000712f00000, 0x0000000712f00000, 0x0000000713000000|  0%| F|  |TAMS 0x0000000712f00000, 0x0000000712f00000| Untracked 
| 278|0x0000000713000000, 0x0000000713000000, 0x0000000713100000|  0%| F|  |TAMS 0x0000000713000000, 0x0000000713000000| Untracked 
| 279|0x0000000713100000, 0x0000000713100000, 0x0000000713200000|  0%| F|  |TAMS 0x0000000713100000, 0x0000000713100000| Untracked 
| 280|0x0000000713200000, 0x0000000713200000, 0x0000000713300000|  0%| F|  |TAMS 0x0000000713200000, 0x0000000713200000| Untracked 
| 281|0x0000000713300000, 0x0000000713300000, 0x0000000713400000|  0%| F|  |TAMS 0x0000000713300000, 0x0000000713300000| Untracked 
| 282|0x0000000713400000, 0x0000000713400000, 0x0000000713500000|  0%| F|  |TAMS 0x0000000713400000, 0x0000000713400000| Untracked 
| 283|0x0000000713500000, 0x0000000713500000, 0x0000000713600000|  0%| F|  |TAMS 0x0000000713500000, 0x0000000713500000| Untracked 
| 284|0x0000000713600000, 0x0000000713600000, 0x0000000713700000|  0%| F|  |TAMS 0x0000000713600000, 0x0000000713600000| Untracked 
| 285|0x0000000713700000, 0x0000000713700000, 0x0000000713800000|  0%| F|  |TAMS 0x0000000713700000, 0x0000000713700000| Untracked 
| 286|0x0000000713800000, 0x0000000713800000, 0x0000000713900000|  0%| F|  |TAMS 0x0000000713800000, 0x0000000713800000| Untracked 
| 287|0x0000000713900000, 0x0000000713900000, 0x0000000713a00000|  0%| F|  |TAMS 0x0000000713900000, 0x0000000713900000| Untracked 
| 288|0x0000000713a00000, 0x0000000713a00000, 0x0000000713b00000|  0%| F|  |TAMS 0x0000000713a00000, 0x0000000713a00000| Untracked 
| 289|0x0000000713b00000, 0x0000000713c00000, 0x0000000713c00000|100%| E|  |TAMS 0x0000000713b00000, 0x0000000713b00000| Complete 
| 290|0x0000000713c00000, 0x0000000713d00000, 0x0000000713d00000|100%| E|  |TAMS 0x0000000713c00000, 0x0000000713c00000| Complete 
| 291|0x0000000713d00000, 0x0000000713e00000, 0x0000000713e00000|100%| E|  |TAMS 0x0000000713d00000, 0x0000000713d00000| Complete 
| 292|0x0000000713e00000, 0x0000000713f00000, 0x0000000713f00000|100%| E|  |TAMS 0x0000000713e00000, 0x0000000713e00000| Complete 
| 293|0x0000000713f00000, 0x0000000714000000, 0x0000000714000000|100%| E|  |TAMS 0x0000000713f00000, 0x0000000713f00000| Complete 
| 294|0x0000000714000000, 0x0000000714100000, 0x0000000714100000|100%| E|  |TAMS 0x0000000714000000, 0x0000000714000000| Complete 
| 295|0x0000000714100000, 0x0000000714200000, 0x0000000714200000|100%| E|  |TAMS 0x0000000714100000, 0x0000000714100000| Complete 
| 296|0x0000000714200000, 0x0000000714300000, 0x0000000714300000|100%| E|  |TAMS 0x0000000714200000, 0x0000000714200000| Complete 
| 297|0x0000000714300000, 0x0000000714400000, 0x0000000714400000|100%| E|  |TAMS 0x0000000714300000, 0x0000000714300000| Complete 
| 298|0x0000000714400000, 0x0000000714500000, 0x0000000714500000|100%| E|  |TAMS 0x0000000714400000, 0x0000000714400000| Complete 
| 299|0x0000000714500000, 0x0000000714600000, 0x0000000714600000|100%| E|  |TAMS 0x0000000714500000, 0x0000000714500000| Complete 
| 300|0x0000000714600000, 0x0000000714700000, 0x0000000714700000|100%| E|  |TAMS 0x0000000714600000, 0x0000000714600000| Complete 
| 301|0x0000000714700000, 0x0000000714800000, 0x0000000714800000|100%| E|  |TAMS 0x0000000714700000, 0x0000000714700000| Complete 
| 302|0x0000000714800000, 0x0000000714900000, 0x0000000714900000|100%| E|  |TAMS 0x0000000714800000, 0x0000000714800000| Complete 
| 303|0x0000000714900000, 0x0000000714a00000, 0x0000000714a00000|100%| E|  |TAMS 0x0000000714900000, 0x0000000714900000| Complete 
| 304|0x0000000714a00000, 0x0000000714b00000, 0x0000000714b00000|100%| E|  |TAMS 0x0000000714a00000, 0x0000000714a00000| Complete 
| 305|0x0000000714b00000, 0x0000000714c00000, 0x0000000714c00000|100%| E|  |TAMS 0x0000000714b00000, 0x0000000714b00000| Complete 
| 306|0x0000000714c00000, 0x0000000714d00000, 0x0000000714d00000|100%| E|  |TAMS 0x0000000714c00000, 0x0000000714c00000| Complete 
| 307|0x0000000714d00000, 0x0000000714e00000, 0x0000000714e00000|100%| E|  |TAMS 0x0000000714d00000, 0x0000000714d00000| Complete 

Card table byte_map: [0x0000021a4cb30000,0x0000021a4d330000] _byte_map_base: 0x0000021a49323000

Marking Bits (Prev, Next): (CMBitMap*) 0x0000021a3506d620, (CMBitMap*) 0x0000021a3506d5e8
 Prev Bits: [0x0000021a51ad0000, 0x0000021a55a68000)
 Next Bits: [0x0000021a4db30000, 0x0000021a51ac8000)

Polling page: 0x0000021a32e60000

Metaspace:

Usage:
  Non-class:     26.91 MB capacity,    26.46 MB ( 98%) used,   422.65 KB (  2%) free+waste,    38.63 KB ( <1%) overhead. 
      Class:      3.33 MB capacity,     3.12 MB ( 94%) used,   201.17 KB (  6%) free+waste,    15.81 KB ( <1%) overhead. 
       Both:     30.24 MB capacity,    29.58 MB ( 98%) used,   623.82 KB (  2%) free+waste,    54.44 KB ( <1%) overhead. 

Virtual space:
  Non-class space:       28.00 MB reserved,      26.92 MB ( 96%) committed 
      Class space:        1.00 GB reserved,       3.38 MB ( <1%) committed 
             Both:        1.03 GB reserved,      30.30 MB (  3%) committed 

Chunk freelists:
   Non-Class:  1.25 KB
       Class:  2.13 KB
        Both:  3.38 KB

CodeHeap 'non-profiled nmethods': size=120064Kb used=3578Kb max_used=3578Kb free=116485Kb
 bounds [0x0000021a44df0000, 0x0000021a45170000, 0x0000021a4c330000]
CodeHeap 'profiled nmethods': size=120000Kb used=12629Kb max_used=12629Kb free=107370Kb
 bounds [0x0000021a3d8c0000, 0x0000021a3e520000, 0x0000021a44df0000]
CodeHeap 'non-nmethods': size=5696Kb used=1145Kb max_used=1191Kb free=4550Kb
 bounds [0x0000021a3d330000, 0x0000021a3d5a0000, 0x0000021a3d8c0000]
 total_blobs=7190 nmethods=5077 adapters=387
 compilation: enabled
              stopped_count=0, restarted_count=0
 full_count=0

Compilation events (10 events):
Event: 29.358 Thread 0x0000021a58897800 nmethod 5311 0x0000021a3e515690 code [0x0000021a3e515940, 0x0000021a3e5171b0]
Event: 29.358 Thread 0x0000021a58897800 5312       3       org.apache.commons.compress.archivers.zip.ZipArchiveEntry::getUnparseableOnly (25 bytes)
Event: 29.359 Thread 0x0000021a58897800 nmethod 5312 0x0000021a3e517910 code [0x0000021a3e517ae0, 0x0000021a3e517ed8]
Event: 29.359 Thread 0x0000021a58897800 5314       3       java.io.OutputStream::write (9 bytes)
Event: 29.359 Thread 0x0000021a58897800 nmethod 5314 0x0000021a3e517f90 code [0x0000021a3e518160, 0x0000021a3e518390]
Event: 29.359 Thread 0x0000021a58897800 5313       1       sun.util.calendar.BaseCalendar$Date::getCachedYear (5 bytes)
Event: 29.359 Thread 0x0000021a58897800 nmethod 5313 0x0000021a4516e590 code [0x0000021a4516e740, 0x0000021a4516e858]
Event: 29.368 Thread 0x0000021a58897800 5315  s    3       java.io.BufferedOutputStream::flush (12 bytes)
Event: 29.368 Thread 0x0000021a58897800 nmethod 5315 0x0000021a3e518490 code [0x0000021a3e518680, 0x0000021a3e518be0]
Event: 29.368 Thread 0x0000021a58897800 5316       3       java.util.Locale::hashCode (41 bytes)

GC Heap History (10 events):
Event: 3.608 GC heap after
{Heap after GC invocations=5 (full 0):
 garbage-first heap   total 262144K, used 15290K [0x0000000701a00000, 0x0000000800000000)
  region size 1024K, 7 young (7168K), 7 survivors (7168K)
 Metaspace       used 20824K, capacity 21136K, committed 21296K, reserved 1069056K
  class space    used 2207K, capacity 2325K, committed 2432K, reserved 1048576K
}
Event: 4.401 GC heap before
{Heap before GC invocations=6 (full 0):
 garbage-first heap   total 262144K, used 63418K [0x0000000701a00000, 0x0000000800000000)
  region size 1024K, 54 young (55296K), 7 survivors (7168K)
 Metaspace       used 21395K, capacity 21752K, committed 22064K, reserved 1069056K
  class space    used 2249K, capacity 2359K, committed 2432K, reserved 1048576K
}
Event: 4.421 GC heap after
{Heap after GC invocations=7 (full 0):
 garbage-first heap   total 315392K, used 20349K [0x0000000701a00000, 0x0000000800000000)
  region size 1024K, 7 young (7168K), 7 survivors (7168K)
 Metaspace       used 21395K, capacity 21752K, committed 22064K, reserved 1069056K
  class space    used 2249K, capacity 2359K, committed 2432K, reserved 1048576K
}
Event: 5.602 GC heap before
{Heap before GC invocations=7 (full 0):
 garbage-first heap   total 315392K, used 102269K [0x0000000701a00000, 0x0000000800000000)
  region size 1024K, 87 young (89088K), 7 survivors (7168K)
 Metaspace       used 21873K, capacity 22220K, committed 22576K, reserved 1069056K
  class space    used 2255K, capacity 2365K, committed 2432K, reserved 1048576K
}
Event: 5.623 GC heap after
{Heap after GC invocations=8 (full 0):
 garbage-first heap   total 315392K, used 30445K [0x0000000701a00000, 0x0000000800000000)
  region size 1024K, 11 young (11264K), 11 survivors (11264K)
 Metaspace       used 21873K, capacity 22220K, committed 22576K, reserved 1069056K
  class space    used 2255K, capacity 2365K, committed 2432K, reserved 1048576K
}
Event: 7.561 GC heap before
{Heap before GC invocations=8 (full 0):
 garbage-first heap   total 315392K, used 128749K [0x0000000701a00000, 0x0000000800000000)
  region size 1024K, 107 young (109568K), 11 survivors (11264K)
 Metaspace       used 24125K, capacity 24646K, committed 24880K, reserved 1071104K
  class space    used 2455K, capacity 2640K, committed 2688K, reserved 1048576K
}
Event: 7.584 GC heap after
{Heap after GC invocations=9 (full 0):
 garbage-first heap   total 315392K, used 37888K [0x0000000701a00000, 0x0000000800000000)
  region size 1024K, 14 young (14336K), 14 survivors (14336K)
 Metaspace       used 24125K, capacity 24646K, committed 24880K, reserved 1071104K
  class space    used 2455K, capacity 2640K, committed 2688K, reserved 1048576K
}
Event: 28.750 GC heap before
{Heap before GC invocations=9 (full 0):
 garbage-first heap   total 315392K, used 187392K [0x0000000701a00000, 0x0000000800000000)
  region size 1024K, 136 young (139264K), 14 survivors (14336K)
 Metaspace       used 30075K, capacity 30645K, committed 30768K, reserved 1077248K
  class space    used 3180K, capacity 3407K, committed 3456K, reserved 1048576K
}
Event: 28.771 GC heap after
{Heap after GC invocations=10 (full 0):
 garbage-first heap   total 315392K, used 42696K [0x0000000701a00000, 0x0000000800000000)
  region size 1024K, 13 young (13312K), 13 survivors (13312K)
 Metaspace       used 30075K, capacity 30645K, committed 30768K, reserved 1077248K
  class space    used 3180K, capacity 3407K, committed 3456K, reserved 1048576K
}
Event: 29.368 GC heap before
{Heap before GC invocations=10 (full 0):
 garbage-first heap   total 315392K, used 61128K [0x0000000701a00000, 0x0000000800000000)
  region size 1024K, 32 young (32768K), 13 survivors (13312K)
 Metaspace       used 30286K, capacity 30965K, committed 31024K, reserved 1077248K
  class space    used 3190K, capacity 3407K, committed 3456K, reserved 1048576K
}

Deoptimization events (10 events):
Event: 28.280 Thread 0x0000021a35008000 Uncommon trap: reason=class_check action=make_not_entrant pc=0x0000021a45111050 method=java.util.ArrayList.toArray([Ljava/lang/Object;)[Ljava/lang/Object; @ 21 c2
Event: 28.299 Thread 0x0000021a35008000 Uncommon trap: reason=unstable_if action=reinterpret pc=0x0000021a44e75514 method=java.util.jar.Manifest$FastInputStream.readLine([BII)I @ 130 c2
Event: 28.708 Thread 0x0000021a35008000 Uncommon trap: reason=unstable_if action=reinterpret pc=0x0000021a4508d240 method=java.util.jar.JarFile.maybeInstantiateVerifier()V @ 4 c2
Event: 28.775 Thread 0x0000021a35008000 Uncommon trap: reason=unstable_if action=reinterpret pc=0x0000021a450caa3c method=java.util.zip.CRC32.updateBytesCheck([BII)V @ 1 c2
Event: 28.783 Thread 0x0000021a35008000 Uncommon trap: reason=unstable_if action=reinterpret pc=0x0000021a450cf36c method=java.util.zip.CRC32.updateBytesCheck([BII)V @ 1 c2
Event: 28.784 Thread 0x0000021a35008000 Uncommon trap: reason=class_check action=maybe_recompile pc=0x0000021a450a3cb4 method=java.util.zip.InflaterInputStream.read([BII)I @ 100 c2
Event: 28.789 Thread 0x0000021a35008000 Uncommon trap: reason=class_check action=maybe_recompile pc=0x0000021a450a3cb4 method=java.util.zip.InflaterInputStream.read([BII)I @ 100 c2
Event: 28.789 Thread 0x0000021a35008000 Uncommon trap: reason=class_check action=maybe_recompile pc=0x0000021a450a3cb4 method=java.util.zip.InflaterInputStream.read([BII)I @ 100 c2
Event: 28.791 Thread 0x0000021a35008000 Uncommon trap: reason=class_check action=maybe_recompile pc=0x0000021a450a3cb4 method=java.util.zip.InflaterInputStream.read([BII)I @ 100 c2
Event: 29.368 Thread 0x0000021a35008000 Uncommon trap: reason=unstable_if action=reinterpret pc=0x0000021a44f56d08 method=java.util.regex.Pattern$BmpCharPropertyGreedy.match(Ljava/util/regex/Matcher;ILjava/lang/CharSequence;)Z @ 73 c2

Classes redefined (0 events):
No events

Internal exceptions (10 events):
Event: 27.282 Thread 0x0000021a35008000 Exception <a 'java/lang/reflect/InvocationTargetException'{0x0000000711e21440}> (0x0000000711e21440) thrown at [t:/workspace/open/src/hotspot/share/runtime/reflection.cpp, line 1242]
Event: 28.413 Thread 0x0000021a35008000 Exception <a 'java/lang/NoClassDefFoundError'{0x000000070d04c0c8}: org/sonatype/aether/metadata/Metadata> (0x000000070d04c0c8) thrown at [t:/workspace/open/src/hotspot/share/classfile/systemDictionary.cpp, line 220]
Event: 28.456 Thread 0x0000021a35008000 Exception <a 'java/lang/NoClassDefFoundError'{0x000000070cee0880}: org/sonatype/aether/deployment/DeploymentException> (0x000000070cee0880) thrown at [t:/workspace/open/src/hotspot/share/classfile/systemDictionary.cpp, line 220]
Event: 28.488 Thread 0x0000021a35008000 Exception <a 'java/lang/NoClassDefFoundError'{0x000000070cc37b08}: org/sonatype/aether/version/VersionConstraint> (0x000000070cc37b08) thrown at [t:/workspace/open/src/hotspot/share/classfile/systemDictionary.cpp, line 220]
Event: 28.503 Thread 0x0000021a35008000 Exception <a 'java/lang/NoClassDefFoundError'{0x000000070ccd62b0}: org/sonatype/aether/resolution/ArtifactDescriptorException> (0x000000070ccd62b0) thrown at [t:/workspace/open/src/hotspot/share/classfile/systemDictionary.cpp, line 220]
Event: 28.511 Thread 0x0000021a35008000 Exception <a 'java/lang/NoClassDefFoundError'{0x000000070ccee9a0}: org/sonatype/aether/installation/InstallationException> (0x000000070ccee9a0) thrown at [t:/workspace/open/src/hotspot/share/classfile/systemDictionary.cpp, line 220]
Event: 28.514 Thread 0x0000021a35008000 Exception <a 'java/lang/NoClassDefFoundError'{0x000000070cb0ce18}: org/sonatype/aether/collection/DependencyCollectionException> (0x000000070cb0ce18) thrown at [t:/workspace/open/src/hotspot/share/classfile/systemDictionary.cpp, line 220]
Event: 28.534 Thread 0x0000021a35008000 Exception <a 'java/lang/NoClassDefFoundError'{0x000000070cbeeba0}: org/sonatype/aether/metadata/Metadata> (0x000000070cbeeba0) thrown at [t:/workspace/open/src/hotspot/share/classfile/systemDictionary.cpp, line 220]
Event: 28.554 Thread 0x0000021a35008000 Exception <a 'java/lang/NoClassDefFoundError'{0x000000070caaa6e0}: org/sonatype/aether/resolution/ArtifactResolutionException> (0x000000070caaa6e0) thrown at [t:/workspace/open/src/hotspot/share/classfile/systemDictionary.cpp, line 220]
Event: 28.698 Thread 0x0000021a35008000 Exception <a 'java/lang/NoSuchMethodError'{0x000000070c796ad0}: java.lang.invoke.DirectMethodHandle$Holder.invokeStaticInit(Ljava/lang/Object;Ljava/lang/Object;)I> (0x000000070c796ad0) thrown at [t:/workspace/open/src/hotspot/share/interpreter/linkResolve

Events (10 events):
Event: 29.313 Thread 0x0000021a35008000 DEOPT PACKING pc=0x0000021a3e30322a sp=0x000000aa3aefd0f0
Event: 29.313 Thread 0x0000021a35008000 DEOPT UNPACKING pc=0x0000021a3d35843f sp=0x000000aa3aefc6c8 mode 0
Event: 29.367 loading class org/apache/maven/plugin/logging/Log
Event: 29.367 loading class org/apache/maven/plugin/logging/Log done
Event: 29.367 loading class org/apache/maven/plugin/logging/Log
Event: 29.367 loading class org/apache/maven/plugin/logging/Log done
Event: 29.368 Thread 0x0000021a35008000 Uncommon trap: trap_request=0xffffff4d fr.pc=0x0000021a44f56d08 relative=0x00000000000003e8
Event: 29.368 Thread 0x0000021a35008000 DEOPT PACKING pc=0x0000021a44f56d08 sp=0x000000aa3aefdb00
Event: 29.368 Thread 0x0000021a35008000 DEOPT UNPACKING pc=0x0000021a3d358629 sp=0x000000aa3aefdab0 mode 2
Event: 29.368 Executing VM operation: G1CollectFull


Dynamic libraries:
0x00007ff75f540000 - 0x00007ff75f587000 	C:\Program Files\Java\jdk-11.0.1\bin\java.exe
0x00007ffd0cf20000 - 0x00007ffd0d110000 	C:\WINDOWS\SYSTEM32\ntdll.dll
0x00007ffd0b2f0000 - 0x00007ffd0b3a2000 	C:\WINDOWS\System32\KERNEL32.DLL
0x00007ffd0a630000 - 0x00007ffd0a8d3000 	C:\WINDOWS\System32\KERNELBASE.dll
0x00007ffd0b420000 - 0x00007ffd0b4c3000 	C:\WINDOWS\System32\ADVAPI32.dll
0x00007ffd0b050000 - 0x00007ffd0b0ee000 	C:\WINDOWS\System32\msvcrt.dll
0x00007ffd0bd20000 - 0x00007ffd0bdb7000 	C:\WINDOWS\System32\sechost.dll
0x00007ffd0c270000 - 0x00007ffd0c390000 	C:\WINDOWS\System32\RPCRT4.dll
0x00007ffd0cd40000 - 0x00007ffd0ced4000 	C:\WINDOWS\System32\USER32.dll
0x00007ffd0ae30000 - 0x00007ffd0ae51000 	C:\WINDOWS\System32\win32u.dll
0x00007ffd0ccb0000 - 0x00007ffd0ccd6000 	C:\WINDOWS\System32\GDI32.dll
0x00007ffd0abe0000 - 0x00007ffd0ad74000 	C:\WINDOWS\System32\gdi32full.dll
0x00007ffd0aec0000 - 0x00007ffd0af5e000 	C:\WINDOWS\System32\msvcp_win.dll
0x00007ffd0aae0000 - 0x00007ffd0abda000 	C:\WINDOWS\System32\ucrtbase.dll
0x00007ffcfa7c0000 - 0x00007ffcfaa45000 	C:\WINDOWS\WinSxS\amd64_microsoft.windows.common-controls_6595b64144ccf1df_6.0.18362.535_none_e6c3b34713100821\COMCTL32.dll
0x00007ffd0c420000 - 0x00007ffd0c756000 	C:\WINDOWS\System32\combase.dll
0x00007ffd0ad80000 - 0x00007ffd0ae00000 	C:\WINDOWS\System32\bcryptPrimitives.dll
0x00007ffd02e50000 - 0x00007ffd02e5a000 	C:\WINDOWS\SYSTEM32\VERSION.dll
0x00007ffd0c1e0000 - 0x00007ffd0c20e000 	C:\WINDOWS\System32\IMM32.DLL
0x00007ffd09320000 - 0x00007ffd09336000 	C:\Program Files\Java\jdk-11.0.1\bin\vcruntime140.dll
0x00007ffcf36a0000 - 0x00007ffcf374a000 	C:\Program Files\Java\jdk-11.0.1\bin\msvcp140.dll
0x00007ffccaeb0000 - 0x00007ffccb9f2000 	C:\Program Files\Java\jdk-11.0.1\bin\server\jvm.dll
0x00007ffd0cca0000 - 0x00007ffd0cca8000 	C:\WINDOWS\System32\PSAPI.DLL
0x00007ffd06210000 - 0x00007ffd06219000 	C:\WINDOWS\SYSTEM32\WSOCK32.dll
0x00007ffd0b3b0000 - 0x00007ffd0b41f000 	C:\WINDOWS\System32\WS2_32.dll
0x00007ffd06530000 - 0x00007ffd06554000 	C:\WINDOWS\SYSTEM32\WINMM.dll
0x00007ffd06500000 - 0x00007ffd0652d000 	C:\WINDOWS\SYSTEM32\WINMMBASE.dll
0x00007ffd0af60000 - 0x00007ffd0afaa000 	C:\WINDOWS\System32\cfgmgr32.dll
0x00007ffd09e50000 - 0x00007ffd09e61000 	C:\WINDOWS\System32\kernel.appcore.dll
0x00007ffd00d10000 - 0x00007ffd00d21000 	C:\Program Files\Java\jdk-11.0.1\bin\verify.dll
0x00007ffd09910000 - 0x00007ffd09b04000 	C:\WINDOWS\SYSTEM32\DBGHELP.DLL
0x00007ffd09680000 - 0x00007ffd096aa000 	C:\WINDOWS\SYSTEM32\dbgcore.DLL
0x00007ffcfa6f0000 - 0x00007ffcfa719000 	C:\Program Files\Java\jdk-11.0.1\bin\java.dll
0x00007ffce1e50000 - 0x00007ffce1e7f000 	C:\Program Files\Java\jdk-11.0.1\bin\instrument.dll
0x00007ffcfe230000 - 0x00007ffcfe246000 	C:\Program Files\Java\jdk-11.0.1\bin\zip.dll
0x00007ffd06200000 - 0x00007ffd0620a000 	C:\Program Files\Java\jdk-11.0.1\bin\jimage.dll
0x00007ffd0b630000 - 0x00007ffd0bd15000 	C:\WINDOWS\System32\SHELL32.dll
0x00007ffd0bdc0000 - 0x00007ffd0be69000 	C:\WINDOWS\System32\shcore.dll
0x00007ffd09eb0000 - 0x00007ffd0a62f000 	C:\WINDOWS\System32\windows.storage.dll
0x00007ffd09e70000 - 0x00007ffd09e8f000 	C:\WINDOWS\System32\profapi.dll
0x00007ffd09e00000 - 0x00007ffd09e4a000 	C:\WINDOWS\System32\powrprof.dll
0x00007ffd09df0000 - 0x00007ffd09e00000 	C:\WINDOWS\System32\UMPDC.dll
0x00007ffd0cce0000 - 0x00007ffd0cd32000 	C:\WINDOWS\System32\shlwapi.dll
0x00007ffd0afb0000 - 0x00007ffd0afc7000 	C:\WINDOWS\System32\cryptsp.dll
0x00007ffcfaa50000 - 0x00007ffcfaa69000 	C:\Program Files\Java\jdk-11.0.1\bin\net.dll
0x00007ffd010e0000 - 0x00007ffd011d0000 	C:\WINDOWS\SYSTEM32\WINHTTP.dll
0x00007ffd08fe0000 - 0x00007ffd09047000 	C:\WINDOWS\system32\mswsock.dll
0x00007ffcfa640000 - 0x00007ffcfa653000 	C:\Program Files\Java\jdk-11.0.1\bin\nio.dll
0x00007ffcdffb0000 - 0x00007ffcdffca000 	C:\Program Files\JetBrains\IntelliJ IDEA 2019.1.1\bin\breakgen64.dll
0x00007ffd08b50000 - 0x00007ffd08b83000 	C:\WINDOWS\system32\rsaenh.dll
0x00007ffd0ae00000 - 0x00007ffd0ae26000 	C:\WINDOWS\System32\bcrypt.dll
0x00007ffd09d10000 - 0x00007ffd09d35000 	C:\WINDOWS\SYSTEM32\USERENV.dll
0x00007ffd091b0000 - 0x00007ffd091bc000 	C:\WINDOWS\SYSTEM32\CRYPTBASE.dll
0x00007ffd08cf0000 - 0x00007ffd08d2a000 	C:\WINDOWS\SYSTEM32\IPHLPAPI.DLL
0x00007ffd0b230000 - 0x00007ffd0b238000 	C:\WINDOWS\System32\NSI.dll
0x00007ffcff1c0000 - 0x00007ffcff1d6000 	C:\WINDOWS\SYSTEM32\dhcpcsvc6.DLL
0x00007ffd00960000 - 0x00007ffd0097c000 	C:\WINDOWS\SYSTEM32\dhcpcsvc.DLL
0x00007ffd08d30000 - 0x00007ffd08dfa000 	C:\WINDOWS\SYSTEM32\DNSAPI.dll

dbghelp: loaded successfully - version: 4.0.5 - missing functions: none
symbol engine: initialized successfully - sym options: 0x614 - pdb path: .;C:\Program Files\Java\jdk-11.0.1\bin;C:\WINDOWS\SYSTEM32;C:\WINDOWS\WinSxS\amd64_microsoft.windows.common-controls_6595b64144ccf1df_6.0.18362.535_none_e6c3b34713100821;C:\Program Files\Java\jdk-11.0.1\bin\server;C:\Program Files\JetBrains\IntelliJ IDEA 2019.1.1\bin

VM Arguments:
jvm_args: -Dmaven.multiModuleProjectDirectory=D:\project_project_project\idea_project\shop_vue_springcloud\shop_order -Dmaven.home=C:\Program Files\JetBrains\IntelliJ IDEA 2019.1.1\plugins\maven\lib\maven3 -Dclassworlds.conf=C:\Program Files\JetBrains\IntelliJ IDEA 2019.1.1\plugins\maven\lib\maven3\bin\m2.conf -javaagent:C:\Program Files\JetBrains\IntelliJ IDEA 2019.1.1\lib\idea_rt.jar=63896:C:\Program Files\JetBrains\IntelliJ IDEA 2019.1.1\bin -Dfile.encoding=UTF-8 
java_command: org.codehaus.classworlds.Launcher -Didea.version2019.1.1 package
java_class_path (initial): C:\Program Files\JetBrains\IntelliJ IDEA 2019.1.1\plugins\maven\lib\maven3\boot\plexus-classworlds-2.5.2.jar
Launcher Type: SUN_STANDARD

[Global flags]
     intx CICompilerCount                          = 3                                         {product} {ergonomic}
     uint ConcGCThreads                            = 1                                         {product} {ergonomic}
     uint G1ConcRefinementThreads                  = 4                                         {product} {ergonomic}
   size_t G1HeapRegionSize                         = 1048576                                   {product} {ergonomic}
    uintx GCDrainStackTargetSize                   = 64                                        {product} {ergonomic}
   size_t InitialHeapSize                          = 268435456                                 {product} {ergonomic}
   size_t MarkStackSize                            = 4194304                                   {product} {ergonomic}
   size_t MaxHeapSize                              = 4267704320                                {product} {ergonomic}
   size_t MaxNewSize                               = 2560622592                                {product} {ergonomic}
   size_t MinHeapDeltaBytes                        = 1048576                                   {product} {ergonomic}
    uintx NonNMethodCodeHeapSize                   = 5830092                                {pd product} {ergonomic}
    uintx NonProfiledCodeHeapSize                  = 122914074                              {pd product} {ergonomic}
    uintx ProfiledCodeHeapSize                     = 122914074                              {pd product} {ergonomic}
    uintx ReservedCodeCacheSize                    = 251658240                              {pd product} {ergonomic}
     bool SegmentedCodeCache                       = true                                      {product} {ergonomic}
     bool UseCompressedClassPointers               = true                                 {lp64_product} {ergonomic}
     bool UseCompressedOops                        = true                                 {lp64_product} {ergonomic}
     bool UseG1GC                                  = true                                      {product} {ergonomic}
     bool UseLargePagesIndividualAllocation        = false                                  {pd product} {ergonomic}

Logging:
Log output configuration:
 #0: stdout all=warning uptime,level,tags
 #1: stderr all=off uptime,level,tags

Environment Variables:
JAVA_HOME=C:\cxp_cxp_cxp\cxp_studio\Java\jdk-10.0.2
CLASSPATH=.;C:\cxp_cxp_cxp\cxp_studio\Java\jdk-10.0.2\lib;C:\cxp_cxp_cxp\cxp_studio\Java\jdk-10.0.2\lib\tools.jar;
PATH=C:\Program Files (x86)\NetSarang\Xshell 6\;C:\cxp_cxp_cxp\cxp_studio\Java\jdk-10.0.2\bin;C:\Program Files (x86)\Common Files\Intel\Shared Files\cpp\bin\Intel64;C:\Program Files (x86)\Common Files\Oracle\Java\javapath;C:\Windows\system32;C:\Windows;C:\Windows\System32\Wbem;C:\Windows\System32\WindowsPowerShell\v1.0\;C:\Users\cxp14\Anaconda3\Scripts;C:\Windows\System32\OpenSSH\;"C:\cxp_cxp_cxp\cxp_studio\Java\jdk-10.0.2\bin;C:\cxp_cxp_cxp\cxp_studio\Java\jdk-10.0.2\jre\bin;";C:\cxp_cxp_cxp\cxp_studio\mysql\mysql-5.7.24-win32\bin;C:\Users\cxp14\AppData\Local\Programs\Python\Python36;C:\Users\cxp14\AppData\Local\Programs\Python\Python36\Scripts;C:\Program Files\nodejs\;C:\Users\cxp14\Documents\WeChat Files\cxpssk\FileStorage\File\2019-05;C:\cxp_cxp_cxp\cxp_studio\Redis;C:\Program Files\Git\cmd;C:\WINDOWS\system32;C:\WINDOWS;C:\WINDOWS\System32\Wbem;C:\WINDOWS\System32\WindowsPowerShell\v1.0\;C:\WINDOWS\System32\OpenSSH\;C:\cxp_cxp_cxp\cxp_studio\apache-maven-3.6.2\bin;C:\Users\cxp14\AppData\Local\Microsoft\WindowsApps;C:\Users\cxp14\AppData\Local\Programs\Microsoft VS Code\bin;C:\Users\cxp14\AppData\Roaming\npm;%CATALINA_HOME&\bin;C:\cxp_cxp_cxp\cxp_studio\apache-maven-3.6.2\bin;C:\Program Files (x86)\Google\Chrome\Application;;C:\Users\cxp14\AppData\Local\Programs\Fiddler
USERNAME=cxp14
OS=Windows_NT
PROCESSOR_IDENTIFIER=Intel64 Family 6 Model 158 Stepping 9, GenuineIntel



---------------  S Y S T E M  ---------------

OS: Windows 10 , 64 bit Build 18362 (10.0.18362.329)

CPU:total 4 (initial active 4) (2 cores per cpu, 2 threads per core) family 6 model 158 stepping 9, cmov, cx8, fxsr, mmx, sse, sse2, sse3, ssse3, sse4.1, sse4.2, popcnt, aes, clmul, erms, 3dnowpref, lzcnt, ht, tsc, tscinvbit

Memory: 4k page, system-wide physical 16273M (6078M free)
TotalPageFile size 24465M (AvailPageFile size 7588M)
current process WorkingSet (physical memory assigned to process): 338M, peak: 347M
current process commit charge ("private bytes"): 498M, peak: 498M

vm_info: Java HotSpot(TM) 64-Bit Server VM (11.0.1+13-LTS) for windows-amd64 JRE (11.0.1+13-LTS), built on Oct  6 2018 13:20:16 by "mach5one" with MS VC++ 15.5 (VS2017)

END.
