#
# A fatal error has been detected by the Java Runtime Environment:
#
#  EXCEPTION_ACCESS_VIOLATION (0xc0000005) at pc=0x00007ffccb051d81, pid=5916, tid=16020
#
# JRE version: Java(TM) SE Runtime Environment (11.0.1+13) (build 11.0.1+13-LTS)
# Java VM: Java HotSpot(TM) 64-Bit Server VM (11.0.1+13-LTS, mixed mode, tiered, compressed oops, g1 gc, windows-amd64)
# Problematic frame:
# V  [jvm.dll+0x1a1d81]
#
# No core dump will be written. Minidumps are not enabled by default on client versions of Windows
#
# If you would like to submit a bug report, please visit:
#   http://bugreport.java.com/bugreport/crash.jsp
#

---------------  S U M M A R Y ------------

Command Line: -Dmaven.multiModuleProjectDirectory=D:\project_project_project\idea_project\shop_vue_springcloud\shop_order -Dmaven.home=C:\Program Files\JetBrains\IntelliJ IDEA 2019.1.1\plugins\maven\lib\maven3 -Dclassworlds.conf=C:\Program Files\JetBrains\IntelliJ IDEA 2019.1.1\plugins\maven\lib\maven3\bin\m2.conf -javaagent:C:\Program Files\JetBrains\IntelliJ IDEA 2019.1.1\lib\idea_rt.jar=63942:C:\Program Files\JetBrains\IntelliJ IDEA 2019.1.1\bin -Dfile.encoding=UTF-8 org.codehaus.classworlds.Launcher -Didea.version2019.1.1 package

Host: Intel(R) Pentium(R) CPU G4600 @ 3.60GHz, 4 cores, 15G,  Windows 10 , 64 bit Build 18362 (10.0.18362.329)
Time: Mon Jan 13 12:52:53 2020 ?D1¨²¡À¨º¡Á?¨º¡À?? elapsed time: 31 seconds (0d 0h 0m 31s)

---------------  T H R E A D  ---------------

Current thread (0x0000020c30a98800):  GCTaskThread "GC Thread#3" [stack: 0x00000055f5d00000,0x00000055f5e00000] [id=16020]

Stack: [0x00000055f5d00000,0x00000055f5e00000],  sp=0x00000055f5dff298,  free space=1020k
Native frames: (J=compiled Java code, j=interpreted, Vv=VM code, C=native code)
V  [jvm.dll+0x1a1d81]


siginfo: EXCEPTION_ACCESS_VIOLATION (0xc0000005), reading address 0xffffffffffffffff


Register to memory mapping:

RIP=0x00007ffccb051d81 jvm.dll
RAX=0x0004a00000000800 is an unknown value
RBX=0x0 is NULL
RCX=0x0000000800040003 is pointing into metadata
RDX=0x0000000711df6a40 is pointing into object: 0x0000000711df6a08
[S 
{0x0000000711df6a08} - klass: {type array short}
 - length: 32
RSP=0x00000055f5dff298 points into unknown readable memory
RBP=0x0000000711e00000 is an oop
[J 
{0x0000000711e00000} - klass: {type array long}
 - length: 32
RSI=0x0000000701a00000 is an oop
[B 
{0x0000000701a00000} - klass: {type array byte}
 - length: 5435
RDI=0x0000000711df6a40 is pointing into object: 0x0000000711df6a08
[S 
{0x0000000711df6a08} - klass: {type array short}
 - length: 32
R8 =0x0 is NULL
R9 =0x0000000800040003 is pointing into metadata
R10=0x0000000002080000 is an unknown value
R11=0x0000020c252c0000 points into unknown readable memory
R12=0x0 is NULL
R13=0x0 is NULL
R14=0x0000020c0a9bca28 points into unknown readable memory
R15=0x00000055f5dff310 points into unknown readable memory


Registers:
RAX=0x0004a00000000800, RBX=0x0000000000000000, RCX=0x0000000800040003, RDX=0x0000000711df6a40
RSP=0x00000055f5dff298, RBP=0x0000000711e00000, RSI=0x0000000701a00000, RDI=0x0000000711df6a40
R8 =0x0000000000000000, R9 =0x0000000800040003, R10=0x0000000002080000, R11=0x0000020c252c0000
R12=0x0000000000000000, R13=0x0000000000000000, R14=0x0000020c0a9bca28, R15=0x00000055f5dff310
RIP=0x00007ffccb051d81, EFLAGS=0x0000000000010246

Top of Stack: (sp=0x00000055f5dff298)
0x00000055f5dff298:   00007ffccb1bc26a 00000007036dcbeb
0x00000055f5dff2a8:   0000000000000004 0000000701a00000
0x00000055f5dff2b8:   0000000000020000 0000020c0a967c18
0x00000055f5dff2c8:   00000055f5dff450 00000055f5dff450
0x00000055f5dff2d8:   00007ffccb1bc7b2 0000020c319a7ac0
0x00000055f5dff2e8:   0000020c319a7ac0 00000055f4ffefb8
0x00000055f5dff2f8:   0000000000020000 00000055f5dff450
0x00000055f5dff308:   00007ffccb1bc6fd 0000020c33c2ae20
0x00000055f5dff318:   0000020c319a7ac0 0000020c1bf5f460
0x00000055f5dff328:   0000020c1bf5f498 0000000000000000
0x00000055f5dff338:   0000000000000000 00007ffccb73c338
0x00000055f5dff348:   00007ffc00000100 0000000000000000
0x00000055f5dff358:   00007ffc00000000 00007ffccb740408
0x00000055f5dff368:   00000055f4ffec00 0000000000000000
0x00000055f5dff378:   0000000000000000 0000000000000000
0x00000055f5dff388:   00007ffccb1a81c3 0000000000000134 

Instructions: (pc=0x00007ffccb051d81)
0x00007ffccb051d61:   10 0f b6 c1 49 8d 0c 11 49 f7 d1 48 03 c1 49 c1
0x00007ffccb051d71:   e9 03 48 c1 e8 03 41 23 c1 c3 49 8b 01 49 8b c9
0x00007ffccb051d81:   48 ff a0 10 01 00 00 cc cc cc cc cc cc cc cc 48
0x00007ffccb051d91:   83 ec 38 48 8b 02 48 8b 49 38 48 89 44 24 20 48 



---------------  P R O C E S S  ---------------

Threads class SMR info:
_java_thread_list=0x0000020c320222e0, length=17, elements={
0x0000020c0a958000, 0x0000020c2f8a2800, 0x0000020c3015a800, 0x0000020c301c1000,
0x0000020c301c3000, 0x0000020c2f8c8000, 0x0000020c301c6000, 0x0000020c301d3000,
0x0000020c30151000, 0x0000020c305c2800, 0x0000020c30558800, 0x0000020c337e7000,
0x0000020c317b5800, 0x0000020c32bba800, 0x0000020c32bb5000, 0x0000020c33ade800,
0x0000020c31261000
}

Java Threads: ( => current thread )
  0x0000020c0a958000 JavaThread "main" [_thread_blocked, id=12456, stack(0x00000055f4900000,0x00000055f4a00000)]
  0x0000020c2f8a2800 JavaThread "Reference Handler" daemon [_thread_blocked, id=17472, stack(0x00000055f5000000,0x00000055f5100000)]
  0x0000020c3015a800 JavaThread "Finalizer" daemon [_thread_blocked, id=2580, stack(0x00000055f5100000,0x00000055f5200000)]
  0x0000020c301c1000 JavaThread "Signal Dispatcher" daemon [_thread_blocked, id=17784, stack(0x00000055f5200000,0x00000055f5300000)]
  0x0000020c301c3000 JavaThread "Attach Listener" daemon [_thread_blocked, id=11716, stack(0x00000055f5300000,0x00000055f5400000)]
  0x0000020c2f8c8000 JavaThread "C2 CompilerThread0" daemon [_thread_blocked, id=17244, stack(0x00000055f5400000,0x00000055f5500000)]
  0x0000020c301c6000 JavaThread "C1 CompilerThread0" daemon [_thread_blocked, id=2456, stack(0x00000055f5500000,0x00000055f5600000)]
  0x0000020c301d3000 JavaThread "Sweeper thread" daemon [_thread_blocked, id=17688, stack(0x00000055f5600000,0x00000055f5700000)]
  0x0000020c30151000 JavaThread "Common-Cleaner" daemon [_thread_blocked, id=6248, stack(0x00000055f5700000,0x00000055f5800000)]
  0x0000020c305c2800 JavaThread "Monitor Ctrl-Break" daemon [_thread_in_native, id=15664, stack(0x00000055f5800000,0x00000055f5900000)]
  0x0000020c30558800 JavaThread "Service Thread" daemon [_thread_blocked, id=16420, stack(0x00000055f5900000,0x00000055f5a00000)]
  0x0000020c337e7000 JavaThread "resolver-1" daemon [_thread_blocked, id=9404, stack(0x00000055f6100000,0x00000055f6200000)]
  0x0000020c317b5800 JavaThread "resolver-2" daemon [_thread_blocked, id=10328, stack(0x00000055f6200000,0x00000055f6300000)]
  0x0000020c32bba800 JavaThread "resolver-3" daemon [_thread_blocked, id=10472, stack(0x00000055f6300000,0x00000055f6400000)]
  0x0000020c32bb5000 JavaThread "resolver-4" daemon [_thread_blocked, id=11000, stack(0x00000055f6400000,0x00000055f6500000)]
  0x0000020c33ade800 JavaThread "resolver-5" daemon [_thread_blocked, id=12788, stack(0x00000055f6500000,0x00000055f6600000)]
  0x0000020c31261000 JavaThread "C2 CompilerThread1" daemon [_thread_blocked, id=9268, stack(0x00000055f5f00000,0x00000055f6000000)]

Other Threads:
  0x0000020c2f8c6800 VMThread "VM Thread" [stack: 0x00000055f4f00000,0x00000055f5000000] [id=10736]
  0x0000020c30561800 WatcherThread [stack: 0x00000055f5a00000,0x00000055f5b00000] [id=5888]
  0x0000020c0a96e000 GCTaskThread "GC Thread#0" [stack: 0x00000055f4a00000,0x00000055f4b00000] [id=11816]
  0x0000020c309e1800 GCTaskThread "GC Thread#1" [stack: 0x00000055f5b00000,0x00000055f5c00000] [id=16604]
  0x0000020c309e2800 GCTaskThread "GC Thread#2" [stack: 0x00000055f5c00000,0x00000055f5d00000] [id=9448]
=>0x0000020c30a98800 GCTaskThread "GC Thread#3" [stack: 0x00000055f5d00000,0x00000055f5e00000] [id=16020]
  0x0000020c0a9cd800 ConcurrentGCThread "G1 Main Marker" [stack: 0x00000055f4b00000,0x00000055f4c00000] [id=18016]
  0x0000020c0a9ce800 ConcurrentGCThread "G1 Conc#0" [stack: 0x00000055f4c00000,0x00000055f4d00000] [id=9912]
  0x0000020c2f785000 ConcurrentGCThread "G1 Refine#0" [stack: 0x00000055f4d00000,0x00000055f4e00000] [id=9536]
  0x0000020c304a0000 ConcurrentGCThread "G1 Refine#1" [stack: 0x00000055f5e00000,0x00000055f5f00000] [id=19224]
  0x0000020c3173e800 ConcurrentGCThread "G1 Refine#2" [stack: 0x00000055f6000000,0x00000055f6100000] [id=15732]
  0x0000020c2f786000 ConcurrentGCThread "G1 Young RemSet Sampling" [stack: 0x00000055f4e00000,0x00000055f4f00000] [id=16184]

Threads with active compile tasks:
C2 CompilerThread15347       4       sun.nio.cs.UTF_8::updatePositions (23 bytes)

VM state:at safepoint (normal execution)

VM Mutex/Monitor currently owned by a thread:  ([mutex/lock_event])
[0x0000020c0a957570] Threads_lock - owner thread: 0x0000020c2f8c6800
[0x0000020c0a956400] Heap_lock - owner thread: 0x0000020c0a958000

Heap address: 0x0000000701a00000, size: 4070 MB, Compressed Oops mode: Zero based, Oop shift amount: 3
Narrow klass base: 0x0000000800000000, Narrow klass shift: 0
Compressed class space size: 1073741824 Address: 0x0000000800000000

Heap:
 garbage-first heap   total 315392K, used 138995K [0x0000000701a00000, 0x0000000800000000)
  region size 1024K, 84 young (86016K), 11 survivors (11264K)
 Metaspace       used 30322K, capacity 30934K, committed 31024K, reserved 1077248K
  class space    used 3186K, capacity 3375K, committed 3456K, reserved 1048576K
Heap Regions: E=young(eden), S=young(survivor), O=old, HS=humongous(starts), HC=humongous(continues), CS=collection set, F=free, A=archive, TAMS=top-at-mark-start (previous, next)
|   0|0x0000000701a00000, 0x0000000701b00000, 0x0000000701b00000|100%| O|  |TAMS 0x0000000701b00000, 0x0000000701a00000| Untracked 
|   1|0x0000000701b00000, 0x0000000701c00000, 0x0000000701c00000|100%| O|  |TAMS 0x0000000701c00000, 0x0000000701b00000| Untracked 
|   2|0x0000000701c00000, 0x0000000701d00000, 0x0000000701d00000|100%| O|  |TAMS 0x0000000701d00000, 0x0000000701c00000| Untracked 
|   3|0x0000000701d00000, 0x0000000701e00000, 0x0000000701e00000|100%| O|  |TAMS 0x0000000701e00000, 0x0000000701d00000| Untracked 
|   4|0x0000000701e00000, 0x0000000701f00000, 0x0000000701f00000|100%| O|  |TAMS 0x0000000701e00000, 0x0000000701e00000| Untracked 
|   5|0x0000000701f00000, 0x0000000702000000, 0x0000000702000000|100%| O|  |TAMS 0x0000000702000000, 0x0000000701f00000| Untracked 
|   6|0x0000000702000000, 0x0000000702100000, 0x0000000702100000|100%| O|  |TAMS 0x0000000702100000, 0x0000000702000000| Untracked 
|   7|0x0000000702100000, 0x0000000702200000, 0x0000000702200000|100%| O|  |TAMS 0x0000000702200000, 0x0000000702100000| Untracked 
|   8|0x0000000702200000, 0x0000000702300000, 0x0000000702300000|100%| O|  |TAMS 0x0000000702300000, 0x0000000702200000| Untracked 
|   9|0x0000000702300000, 0x0000000702400000, 0x0000000702400000|100%| O|  |TAMS 0x0000000702400000, 0x0000000702300000| Untracked 
|  10|0x0000000702400000, 0x0000000702500000, 0x0000000702500000|100%| O|  |TAMS 0x0000000702500000, 0x0000000702400000| Untracked 
|  11|0x0000000702500000, 0x0000000702600000, 0x0000000702600000|100%| O|  |TAMS 0x00000007025b7800, 0x0000000702500000| Untracked 
|  12|0x0000000702600000, 0x0000000702700000, 0x0000000702700000|100%| O|  |TAMS 0x0000000702600000, 0x0000000702600000| Untracked 
|  13|0x0000000702700000, 0x0000000702800000, 0x0000000702800000|100%| O|  |TAMS 0x0000000702700000, 0x0000000702700000| Untracked 
|  14|0x0000000702800000, 0x0000000702900000, 0x0000000702900000|100%| O|  |TAMS 0x0000000702800000, 0x0000000702800000| Untracked 
|  15|0x0000000702900000, 0x0000000702a00000, 0x0000000702a00000|100%| O|  |TAMS 0x0000000702900000, 0x0000000702900000| Untracked 
|  16|0x0000000702a00000, 0x0000000702b00000, 0x0000000702b00000|100%| O|  |TAMS 0x0000000702a00000, 0x0000000702a00000| Untracked 
|  17|0x0000000702b00000, 0x0000000702c00000, 0x0000000702c00000|100%| O|  |TAMS 0x0000000702b00000, 0x0000000702b00000| Untracked 
|  18|0x0000000702c00000, 0x0000000702d00000, 0x0000000702d00000|100%| O|  |TAMS 0x0000000702c00000, 0x0000000702c00000| Untracked 
|  19|0x0000000702d00000, 0x0000000702e00000, 0x0000000702e00000|100%| O|  |TAMS 0x0000000702d00000, 0x0000000702d00000| Untracked 
|  20|0x0000000702e00000, 0x0000000702f00000, 0x0000000702f00000|100%| O|  |TAMS 0x0000000702e00000, 0x0000000702e00000| Untracked 
|  21|0x0000000702f00000, 0x0000000703000000, 0x0000000703000000|100%| O|  |TAMS 0x0000000702f00000, 0x0000000702f00000| Untracked 
|  22|0x0000000703000000, 0x0000000703100000, 0x0000000703100000|100%| O|  |TAMS 0x0000000703000000, 0x0000000703000000| Untracked 
|  23|0x0000000703100000, 0x0000000703200000, 0x0000000703200000|100%| O|  |TAMS 0x0000000703100000, 0x0000000703100000| Untracked 
|  24|0x0000000703200000, 0x0000000703300000, 0x0000000703300000|100%| O|  |TAMS 0x0000000703200000, 0x0000000703200000| Untracked 
|  25|0x0000000703300000, 0x0000000703400000, 0x0000000703400000|100%| O|  |TAMS 0x0000000703300000, 0x0000000703300000| Untracked 
|  26|0x0000000703400000, 0x0000000703500000, 0x0000000703500000|100%| O|  |TAMS 0x0000000703400000, 0x0000000703400000| Untracked 
|  27|0x0000000703500000, 0x0000000703600000, 0x0000000703600000|100%| O|  |TAMS 0x0000000703500000, 0x0000000703500000| Untracked 
|  28|0x0000000703600000, 0x0000000703645000, 0x0000000703700000| 26%| O|  |TAMS 0x0000000703600000, 0x0000000703600000| Untracked 
|  29|0x0000000703700000, 0x0000000703700000, 0x0000000703800000|  0%| F|  |TAMS 0x0000000703700000, 0x0000000703700000| Untracked 
|  30|0x0000000703800000, 0x0000000703800000, 0x0000000703900000|  0%| F|  |TAMS 0x0000000703800000, 0x0000000703800000| Untracked 
|  31|0x0000000703900000, 0x0000000703900000, 0x0000000703a00000|  0%| F|  |TAMS 0x0000000703900000, 0x0000000703900000| Untracked 
|  32|0x0000000703a00000, 0x0000000703a00000, 0x0000000703b00000|  0%| F|  |TAMS 0x0000000703a00000, 0x0000000703a00000| Untracked 
|  33|0x0000000703b00000, 0x0000000703b00000, 0x0000000703c00000|  0%| F|  |TAMS 0x0000000703b00000, 0x0000000703b00000| Untracked 
|  34|0x0000000703c00000, 0x0000000703c00000, 0x0000000703d00000|  0%| F|  |TAMS 0x0000000703c00000, 0x0000000703c00000| Untracked 
|  35|0x0000000703d00000, 0x0000000703d00000, 0x0000000703e00000|  0%| F|  |TAMS 0x0000000703d00000, 0x0000000703d00000| Untracked 
|  36|0x0000000703e00000, 0x0000000703e00000, 0x0000000703f00000|  0%| F|  |TAMS 0x0000000703e00000, 0x0000000703e00000| Untracked 
|  37|0x0000000703f00000, 0x0000000703f00000, 0x0000000704000000|  0%| F|  |TAMS 0x0000000703f00000, 0x0000000703f00000| Untracked 
|  38|0x0000000704000000, 0x0000000704000000, 0x0000000704100000|  0%| F|  |TAMS 0x0000000704000000, 0x0000000704000000| Untracked 
|  39|0x0000000704100000, 0x0000000704100000, 0x0000000704200000|  0%| F|  |TAMS 0x0000000704100000, 0x0000000704100000| Untracked 
|  40|0x0000000704200000, 0x0000000704200000, 0x0000000704300000|  0%| F|  |TAMS 0x0000000704200000, 0x0000000704200000| Untracked 
|  41|0x0000000704300000, 0x0000000704300000, 0x0000000704400000|  0%| F|  |TAMS 0x0000000704300000, 0x0000000704300000| Untracked 
|  42|0x0000000704400000, 0x0000000704400000, 0x0000000704500000|  0%| F|  |TAMS 0x0000000704400000, 0x0000000704400000| Untracked 
|  43|0x0000000704500000, 0x0000000704500000, 0x0000000704600000|  0%| F|  |TAMS 0x0000000704500000, 0x0000000704500000| Untracked 
|  44|0x0000000704600000, 0x0000000704600000, 0x0000000704700000|  0%| F|  |TAMS 0x0000000704600000, 0x0000000704600000| Untracked 
|  45|0x0000000704700000, 0x0000000704700000, 0x0000000704800000|  0%| F|  |TAMS 0x0000000704700000, 0x0000000704700000| Untracked 
|  46|0x0000000704800000, 0x0000000704800000, 0x0000000704900000|  0%| F|  |TAMS 0x0000000704800000, 0x0000000704800000| Untracked 
|  47|0x0000000704900000, 0x0000000704900000, 0x0000000704a00000|  0%| F|  |TAMS 0x0000000704900000, 0x0000000704900000| Untracked 
|  48|0x0000000704a00000, 0x0000000704a00000, 0x0000000704b00000|  0%| F|  |TAMS 0x0000000704a00000, 0x0000000704a00000| Untracked 
|  49|0x0000000704b00000, 0x0000000704b00000, 0x0000000704c00000|  0%| F|  |TAMS 0x0000000704b00000, 0x0000000704b00000| Untracked 
|  50|0x0000000704c00000, 0x0000000704c00000, 0x0000000704d00000|  0%| F|  |TAMS 0x0000000704c00000, 0x0000000704c00000| Untracked 
|  51|0x0000000704d00000, 0x0000000704d00000, 0x0000000704e00000|  0%| F|  |TAMS 0x0000000704d00000, 0x0000000704d00000| Untracked 
|  52|0x0000000704e00000, 0x0000000704e00000, 0x0000000704f00000|  0%| F|  |TAMS 0x0000000704e00000, 0x0000000704e00000| Untracked 
|  53|0x0000000704f00000, 0x0000000704f00000, 0x0000000705000000|  0%| F|  |TAMS 0x0000000704f00000, 0x0000000704f00000| Untracked 
|  54|0x0000000705000000, 0x0000000705000000, 0x0000000705100000|  0%| F|  |TAMS 0x0000000705000000, 0x0000000705000000| Untracked 
|  55|0x0000000705100000, 0x0000000705100000, 0x0000000705200000|  0%| F|  |TAMS 0x0000000705100000, 0x0000000705100000| Untracked 
|  56|0x0000000705200000, 0x0000000705200000, 0x0000000705300000|  0%| F|  |TAMS 0x0000000705200000, 0x0000000705200000| Untracked 
|  57|0x0000000705300000, 0x0000000705300000, 0x0000000705400000|  0%| F|  |TAMS 0x0000000705300000, 0x0000000705300000| Untracked 
|  58|0x0000000705400000, 0x0000000705400000, 0x0000000705500000|  0%| F|  |TAMS 0x0000000705400000, 0x0000000705400000| Untracked 
|  59|0x0000000705500000, 0x0000000705500000, 0x0000000705600000|  0%| F|  |TAMS 0x0000000705500000, 0x0000000705500000| Untracked 
|  60|0x0000000705600000, 0x0000000705600000, 0x0000000705700000|  0%| F|  |TAMS 0x0000000705600000, 0x0000000705600000| Untracked 
|  61|0x0000000705700000, 0x0000000705700000, 0x0000000705800000|  0%| F|  |TAMS 0x0000000705700000, 0x0000000705700000| Untracked 
|  62|0x0000000705800000, 0x0000000705800000, 0x0000000705900000|  0%| F|  |TAMS 0x0000000705800000, 0x0000000705800000| Untracked 
|  63|0x0000000705900000, 0x0000000705900000, 0x0000000705a00000|  0%| F|  |TAMS 0x0000000705900000, 0x0000000705900000| Untracked 
|  64|0x0000000705a00000, 0x0000000705a00000, 0x0000000705b00000|  0%| F|  |TAMS 0x0000000705a00000, 0x0000000705a00000| Untracked 
|  65|0x0000000705b00000, 0x0000000705b00000, 0x0000000705c00000|  0%| F|  |TAMS 0x0000000705b00000, 0x0000000705b00000| Untracked 
|  66|0x0000000705c00000, 0x0000000705c00000, 0x0000000705d00000|  0%| F|  |TAMS 0x0000000705c00000, 0x0000000705c00000| Untracked 
|  67|0x0000000705d00000, 0x0000000705d00000, 0x0000000705e00000|  0%| F|  |TAMS 0x0000000705d00000, 0x0000000705d00000| Untracked 
|  68|0x0000000705e00000, 0x0000000705e00000, 0x0000000705f00000|  0%| F|  |TAMS 0x0000000705e00000, 0x0000000705e00000| Untracked 
|  69|0x0000000705f00000, 0x0000000705f00000, 0x0000000706000000|  0%| F|  |TAMS 0x0000000705f00000, 0x0000000705f00000| Untracked 
|  70|0x0000000706000000, 0x0000000706000000, 0x0000000706100000|  0%| F|  |TAMS 0x0000000706000000, 0x0000000706000000| Untracked 
|  71|0x0000000706100000, 0x0000000706100000, 0x0000000706200000|  0%| F|  |TAMS 0x0000000706100000, 0x0000000706100000| Untracked 
|  72|0x0000000706200000, 0x0000000706200000, 0x0000000706300000|  0%| F|  |TAMS 0x0000000706200000, 0x0000000706200000| Untracked 
|  73|0x0000000706300000, 0x0000000706300000, 0x0000000706400000|  0%| F|  |TAMS 0x0000000706300000, 0x0000000706300000| Untracked 
|  74|0x0000000706400000, 0x0000000706400000, 0x0000000706500000|  0%| F|  |TAMS 0x0000000706400000, 0x0000000706400000| Untracked 
|  75|0x0000000706500000, 0x0000000706500000, 0x0000000706600000|  0%| F|  |TAMS 0x0000000706500000, 0x0000000706500000| Untracked 
|  76|0x0000000706600000, 0x0000000706600000, 0x0000000706700000|  0%| F|  |TAMS 0x0000000706600000, 0x0000000706600000| Untracked 
|  77|0x0000000706700000, 0x0000000706700000, 0x0000000706800000|  0%| F|  |TAMS 0x0000000706700000, 0x0000000706700000| Untracked 
|  78|0x0000000706800000, 0x0000000706800000, 0x0000000706900000|  0%| F|  |TAMS 0x0000000706800000, 0x0000000706800000| Untracked 
|  79|0x0000000706900000, 0x0000000706900000, 0x0000000706a00000|  0%| F|  |TAMS 0x0000000706900000, 0x0000000706900000| Untracked 
|  80|0x0000000706a00000, 0x0000000706a00000, 0x0000000706b00000|  0%| F|  |TAMS 0x0000000706a00000, 0x0000000706a00000| Untracked 
|  81|0x0000000706b00000, 0x0000000706b00000, 0x0000000706c00000|  0%| F|  |TAMS 0x0000000706b00000, 0x0000000706b00000| Untracked 
|  82|0x0000000706c00000, 0x0000000706c00000, 0x0000000706d00000|  0%| F|  |TAMS 0x0000000706c00000, 0x0000000706c00000| Untracked 
|  83|0x0000000706d00000, 0x0000000706d00000, 0x0000000706e00000|  0%| F|  |TAMS 0x0000000706d00000, 0x0000000706d00000| Untracked 
|  84|0x0000000706e00000, 0x0000000706e00000, 0x0000000706f00000|  0%| F|  |TAMS 0x0000000706e00000, 0x0000000706e00000| Untracked 
|  85|0x0000000706f00000, 0x0000000706f00000, 0x0000000707000000|  0%| F|  |TAMS 0x0000000706f00000, 0x0000000706f00000| Untracked 
|  86|0x0000000707000000, 0x0000000707000000, 0x0000000707100000|  0%| F|  |TAMS 0x0000000707000000, 0x0000000707000000| Untracked 
|  87|0x0000000707100000, 0x0000000707100000, 0x0000000707200000|  0%| F|  |TAMS 0x0000000707100000, 0x0000000707100000| Untracked 
|  88|0x0000000707200000, 0x0000000707200000, 0x0000000707300000|  0%| F|  |TAMS 0x0000000707200000, 0x0000000707200000| Untracked 
|  89|0x0000000707300000, 0x0000000707300000, 0x0000000707400000|  0%| F|  |TAMS 0x0000000707300000, 0x0000000707300000| Untracked 
|  90|0x0000000707400000, 0x0000000707400000, 0x0000000707500000|  0%| F|  |TAMS 0x0000000707400000, 0x0000000707400000| Untracked 
|  91|0x0000000707500000, 0x0000000707500000, 0x0000000707600000|  0%| F|  |TAMS 0x0000000707500000, 0x0000000707500000| Untracked 
|  92|0x0000000707600000, 0x0000000707600000, 0x0000000707700000|  0%| F|  |TAMS 0x0000000707600000, 0x0000000707600000| Untracked 
|  93|0x0000000707700000, 0x0000000707700000, 0x0000000707800000|  0%| F|  |TAMS 0x0000000707700000, 0x0000000707700000| Untracked 
|  94|0x0000000707800000, 0x0000000707800000, 0x0000000707900000|  0%| F|  |TAMS 0x0000000707800000, 0x0000000707800000| Untracked 
|  95|0x0000000707900000, 0x0000000707900000, 0x0000000707a00000|  0%| F|  |TAMS 0x0000000707900000, 0x0000000707900000| Untracked 
|  96|0x0000000707a00000, 0x0000000707a00000, 0x0000000707b00000|  0%| F|  |TAMS 0x0000000707a00000, 0x0000000707a00000| Untracked 
|  97|0x0000000707b00000, 0x0000000707b00000, 0x0000000707c00000|  0%| F|  |TAMS 0x0000000707b00000, 0x0000000707b00000| Untracked 
|  98|0x0000000707c00000, 0x0000000707c00000, 0x0000000707d00000|  0%| F|  |TAMS 0x0000000707c00000, 0x0000000707c00000| Untracked 
|  99|0x0000000707d00000, 0x0000000707d00000, 0x0000000707e00000|  0%| F|  |TAMS 0x0000000707d00000, 0x0000000707d00000| Untracked 
| 100|0x0000000707e00000, 0x0000000707e00000, 0x0000000707f00000|  0%| F|  |TAMS 0x0000000707e00000, 0x0000000707e00000| Untracked 
| 101|0x0000000707f00000, 0x0000000707f00000, 0x0000000708000000|  0%| F|  |TAMS 0x0000000707f00000, 0x0000000707f00000| Untracked 
| 102|0x0000000708000000, 0x0000000708000000, 0x0000000708100000|  0%| F|  |TAMS 0x0000000708000000, 0x0000000708000000| Untracked 
| 103|0x0000000708100000, 0x0000000708100000, 0x0000000708200000|  0%| F|  |TAMS 0x0000000708100000, 0x0000000708100000| Untracked 
| 104|0x0000000708200000, 0x0000000708200000, 0x0000000708300000|  0%| F|  |TAMS 0x0000000708200000, 0x0000000708200000| Untracked 
| 105|0x0000000708300000, 0x0000000708300000, 0x0000000708400000|  0%| F|  |TAMS 0x0000000708300000, 0x0000000708300000| Untracked 
| 106|0x0000000708400000, 0x0000000708400000, 0x0000000708500000|  0%| F|  |TAMS 0x0000000708400000, 0x0000000708400000| Untracked 
| 107|0x0000000708500000, 0x0000000708500000, 0x0000000708600000|  0%| F|  |TAMS 0x0000000708500000, 0x0000000708500000| Untracked 
| 108|0x0000000708600000, 0x0000000708600000, 0x0000000708700000|  0%| F|  |TAMS 0x0000000708600000, 0x0000000708600000| Untracked 
| 109|0x0000000708700000, 0x0000000708700000, 0x0000000708800000|  0%| F|  |TAMS 0x0000000708700000, 0x0000000708700000| Untracked 
| 110|0x0000000708800000, 0x0000000708800000, 0x0000000708900000|  0%| F|  |TAMS 0x0000000708800000, 0x0000000708800000| Untracked 
| 111|0x0000000708900000, 0x0000000708900000, 0x0000000708a00000|  0%| F|  |TAMS 0x0000000708900000, 0x0000000708900000| Untracked 
| 112|0x0000000708a00000, 0x0000000708a00000, 0x0000000708b00000|  0%| F|  |TAMS 0x0000000708a00000, 0x0000000708a00000| Untracked 
| 113|0x0000000708b00000, 0x0000000708b00000, 0x0000000708c00000|  0%| F|  |TAMS 0x0000000708b00000, 0x0000000708b00000| Untracked 
| 114|0x0000000708c00000, 0x0000000708c00000, 0x0000000708d00000|  0%| F|  |TAMS 0x0000000708c00000, 0x0000000708c00000| Untracked 
| 115|0x0000000708d00000, 0x0000000708d00000, 0x0000000708e00000|  0%| F|  |TAMS 0x0000000708d00000, 0x0000000708d00000| Untracked 
| 116|0x0000000708e00000, 0x0000000708e00000, 0x0000000708f00000|  0%| F|  |TAMS 0x0000000708e00000, 0x0000000708e00000| Untracked 
| 117|0x0000000708f00000, 0x0000000708f00000, 0x0000000709000000|  0%| F|  |TAMS 0x0000000708f00000, 0x0000000708f00000| Untracked 
| 118|0x0000000709000000, 0x0000000709000000, 0x0000000709100000|  0%| F|  |TAMS 0x0000000709000000, 0x0000000709000000| Untracked 
| 119|0x0000000709100000, 0x0000000709100000, 0x0000000709200000|  0%| F|  |TAMS 0x0000000709100000, 0x0000000709100000| Untracked 
| 120|0x0000000709200000, 0x0000000709200000, 0x0000000709300000|  0%| F|  |TAMS 0x0000000709200000, 0x0000000709200000| Untracked 
| 121|0x0000000709300000, 0x0000000709300000, 0x0000000709400000|  0%| F|  |TAMS 0x0000000709300000, 0x0000000709300000| Untracked 
| 122|0x0000000709400000, 0x0000000709400000, 0x0000000709500000|  0%| F|  |TAMS 0x0000000709400000, 0x0000000709400000| Untracked 
| 123|0x0000000709500000, 0x0000000709500000, 0x0000000709600000|  0%| F|  |TAMS 0x0000000709500000, 0x0000000709500000| Untracked 
| 124|0x0000000709600000, 0x0000000709600000, 0x0000000709700000|  0%| F|  |TAMS 0x0000000709600000, 0x0000000709600000| Untracked 
| 125|0x0000000709700000, 0x0000000709700000, 0x0000000709800000|  0%| F|  |TAMS 0x0000000709700000, 0x0000000709700000| Untracked 
| 126|0x0000000709800000, 0x0000000709800000, 0x0000000709900000|  0%| F|  |TAMS 0x0000000709800000, 0x0000000709800000| Untracked 
| 127|0x0000000709900000, 0x0000000709900000, 0x0000000709a00000|  0%| F|  |TAMS 0x0000000709900000, 0x0000000709900000| Untracked 
| 128|0x0000000709a00000, 0x0000000709a00000, 0x0000000709b00000|  0%| F|  |TAMS 0x0000000709a00000, 0x0000000709a00000| Untracked 
| 129|0x0000000709b00000, 0x0000000709b00000, 0x0000000709c00000|  0%| F|  |TAMS 0x0000000709b00000, 0x0000000709b00000| Untracked 
| 130|0x0000000709c00000, 0x0000000709c00000, 0x0000000709d00000|  0%| F|  |TAMS 0x0000000709c00000, 0x0000000709c00000| Untracked 
| 131|0x0000000709d00000, 0x0000000709d00000, 0x0000000709e00000|  0%| F|  |TAMS 0x0000000709d00000, 0x0000000709d00000| Untracked 
| 132|0x0000000709e00000, 0x0000000709e00000, 0x0000000709f00000|  0%| F|  |TAMS 0x0000000709e00000, 0x0000000709e00000| Untracked 
| 133|0x0000000709f00000, 0x0000000709f00000, 0x000000070a000000|  0%| F|  |TAMS 0x0000000709f00000, 0x0000000709f00000| Untracked 
| 134|0x000000070a000000, 0x000000070a000000, 0x000000070a100000|  0%| F|  |TAMS 0x000000070a000000, 0x000000070a000000| Untracked 
| 135|0x000000070a100000, 0x000000070a100000, 0x000000070a200000|  0%| F|  |TAMS 0x000000070a100000, 0x000000070a100000| Untracked 
| 136|0x000000070a200000, 0x000000070a200000, 0x000000070a300000|  0%| F|  |TAMS 0x000000070a200000, 0x000000070a200000| Untracked 
| 137|0x000000070a300000, 0x000000070a300000, 0x000000070a400000|  0%| F|  |TAMS 0x000000070a300000, 0x000000070a300000| Untracked 
| 138|0x000000070a400000, 0x000000070a400000, 0x000000070a500000|  0%| F|  |TAMS 0x000000070a400000, 0x000000070a400000| Untracked 
| 139|0x000000070a500000, 0x000000070a500000, 0x000000070a600000|  0%| F|  |TAMS 0x000000070a500000, 0x000000070a500000| Untracked 
| 140|0x000000070a600000, 0x000000070a600000, 0x000000070a700000|  0%| F|  |TAMS 0x000000070a600000, 0x000000070a600000| Untracked 
| 141|0x000000070a700000, 0x000000070a700000, 0x000000070a800000|  0%| F|  |TAMS 0x000000070a700000, 0x000000070a700000| Untracked 
| 142|0x000000070a800000, 0x000000070a800000, 0x000000070a900000|  0%| F|  |TAMS 0x000000070a800000, 0x000000070a800000| Untracked 
| 143|0x000000070a900000, 0x000000070a900000, 0x000000070aa00000|  0%| F|  |TAMS 0x000000070a900000, 0x000000070a900000| Untracked 
| 144|0x000000070aa00000, 0x000000070aa00000, 0x000000070ab00000|  0%| F|  |TAMS 0x000000070aa00000, 0x000000070aa00000| Untracked 
| 145|0x000000070ab00000, 0x000000070ab00000, 0x000000070ac00000|  0%| F|  |TAMS 0x000000070ab00000, 0x000000070ab00000| Untracked 
| 146|0x000000070ac00000, 0x000000070ac00000, 0x000000070ad00000|  0%| F|  |TAMS 0x000000070ac00000, 0x000000070ac00000| Untracked 
| 147|0x000000070ad00000, 0x000000070ad00000, 0x000000070ae00000|  0%| F|  |TAMS 0x000000070ad00000, 0x000000070ad00000| Untracked 
| 148|0x000000070ae00000, 0x000000070ae00000, 0x000000070af00000|  0%| F|  |TAMS 0x000000070ae00000, 0x000000070ae00000| Untracked 
| 149|0x000000070af00000, 0x000000070af00000, 0x000000070b000000|  0%| F|  |TAMS 0x000000070af00000, 0x000000070af00000| Untracked 
| 150|0x000000070b000000, 0x000000070b000000, 0x000000070b100000|  0%| F|  |TAMS 0x000000070b000000, 0x000000070b000000| Untracked 
| 151|0x000000070b100000, 0x000000070b100000, 0x000000070b200000|  0%| F|  |TAMS 0x000000070b100000, 0x000000070b100000| Untracked 
| 152|0x000000070b200000, 0x000000070b200000, 0x000000070b300000|  0%| F|  |TAMS 0x000000070b200000, 0x000000070b200000| Untracked 
| 153|0x000000070b300000, 0x000000070b300000, 0x000000070b400000|  0%| F|  |TAMS 0x000000070b300000, 0x000000070b300000| Untracked 
| 154|0x000000070b400000, 0x000000070b400000, 0x000000070b500000|  0%| F|  |TAMS 0x000000070b400000, 0x000000070b400000| Untracked 
| 155|0x000000070b500000, 0x000000070b500000, 0x000000070b600000|  0%| F|  |TAMS 0x000000070b500000, 0x000000070b500000| Untracked 
| 156|0x000000070b600000, 0x000000070b600000, 0x000000070b700000|  0%| F|  |TAMS 0x000000070b600000, 0x000000070b600000| Untracked 
| 157|0x000000070b700000, 0x000000070b700000, 0x000000070b800000|  0%| F|  |TAMS 0x000000070b700000, 0x000000070b700000| Untracked 
| 158|0x000000070b800000, 0x000000070b800000, 0x000000070b900000|  0%| F|  |TAMS 0x000000070b800000, 0x000000070b800000| Untracked 
| 159|0x000000070b900000, 0x000000070b900000, 0x000000070ba00000|  0%| F|  |TAMS 0x000000070b900000, 0x000000070b900000| Untracked 
| 160|0x000000070ba00000, 0x000000070ba00000, 0x000000070bb00000|  0%| F|  |TAMS 0x000000070ba00000, 0x000000070ba00000| Untracked 
| 161|0x000000070bb00000, 0x000000070bb00000, 0x000000070bc00000|  0%| F|  |TAMS 0x000000070bb00000, 0x000000070bb00000| Untracked 
| 162|0x000000070bc00000, 0x000000070bc00000, 0x000000070bd00000|  0%| F|  |TAMS 0x000000070bc00000, 0x000000070bc00000| Untracked 
| 163|0x000000070bd00000, 0x000000070bd00000, 0x000000070be00000|  0%| F|  |TAMS 0x000000070bd00000, 0x000000070bd00000| Untracked 
| 164|0x000000070be00000, 0x000000070be00000, 0x000000070bf00000|  0%| F|  |TAMS 0x000000070be00000, 0x000000070be00000| Untracked 
| 165|0x000000070bf00000, 0x000000070bf00000, 0x000000070c000000|  0%| F|  |TAMS 0x000000070bf00000, 0x000000070bf00000| Untracked 
| 166|0x000000070c000000, 0x000000070c000000, 0x000000070c100000|  0%| F|  |TAMS 0x000000070c000000, 0x000000070c000000| Untracked 
| 167|0x000000070c100000, 0x000000070c100000, 0x000000070c200000|  0%| F|  |TAMS 0x000000070c100000, 0x000000070c100000| Untracked 
| 168|0x000000070c200000, 0x000000070c200000, 0x000000070c300000|  0%| F|  |TAMS 0x000000070c200000, 0x000000070c200000| Untracked 
| 169|0x000000070c300000, 0x000000070c300000, 0x000000070c400000|  0%| F|  |TAMS 0x000000070c300000, 0x000000070c300000| Untracked 
| 170|0x000000070c400000, 0x000000070c400000, 0x000000070c500000|  0%| F|  |TAMS 0x000000070c400000, 0x000000070c400000| Untracked 
| 171|0x000000070c500000, 0x000000070c500000, 0x000000070c600000|  0%| F|  |TAMS 0x000000070c500000, 0x000000070c500000| Untracked 
| 172|0x000000070c600000, 0x000000070c600000, 0x000000070c700000|  0%| F|  |TAMS 0x000000070c600000, 0x000000070c600000| Untracked 
| 173|0x000000070c700000, 0x000000070c700000, 0x000000070c800000|  0%| F|  |TAMS 0x000000070c700000, 0x000000070c700000| Untracked 
| 174|0x000000070c800000, 0x000000070c800000, 0x000000070c900000|  0%| F|  |TAMS 0x000000070c800000, 0x000000070c800000| Untracked 
| 175|0x000000070c900000, 0x000000070c900000, 0x000000070ca00000|  0%| F|  |TAMS 0x000000070c900000, 0x000000070c900000| Untracked 
| 176|0x000000070ca00000, 0x000000070ca00000, 0x000000070cb00000|  0%| F|  |TAMS 0x000000070ca00000, 0x000000070ca00000| Untracked 
| 177|0x000000070cb00000, 0x000000070cb00000, 0x000000070cc00000|  0%| F|  |TAMS 0x000000070cb00000, 0x000000070cb00000| Untracked 
| 178|0x000000070cc00000, 0x000000070cc00000, 0x000000070cd00000|  0%| F|  |TAMS 0x000000070cc00000, 0x000000070cc00000| Untracked 
| 179|0x000000070cd00000, 0x000000070cd00000, 0x000000070ce00000|  0%| F|  |TAMS 0x000000070cd00000, 0x000000070cd00000| Untracked 
| 180|0x000000070ce00000, 0x000000070ce00000, 0x000000070cf00000|  0%| F|  |TAMS 0x000000070ce00000, 0x000000070ce00000| Untracked 
| 181|0x000000070cf00000, 0x000000070cf00000, 0x000000070d000000|  0%| F|  |TAMS 0x000000070cf00000, 0x000000070cf00000| Untracked 
| 182|0x000000070d000000, 0x000000070d000000, 0x000000070d100000|  0%| F|  |TAMS 0x000000070d000000, 0x000000070d000000| Untracked 
| 183|0x000000070d100000, 0x000000070d1f7710, 0x000000070d200000| 96%| S|  |TAMS 0x000000070d100000, 0x000000070d100000| Untracked 
| 184|0x000000070d200000, 0x000000070d300000, 0x000000070d300000|100%| S|  |TAMS 0x000000070d200000, 0x000000070d200000| Untracked 
| 185|0x000000070d300000, 0x000000070d400000, 0x000000070d400000|100%| S|  |TAMS 0x000000070d300000, 0x000000070d300000| Untracked 
| 186|0x000000070d400000, 0x000000070d500000, 0x000000070d500000|100%| S|  |TAMS 0x000000070d400000, 0x000000070d400000| Untracked 
| 187|0x000000070d500000, 0x000000070d600000, 0x000000070d600000|100%| S|  |TAMS 0x000000070d500000, 0x000000070d500000| Untracked 
| 188|0x000000070d600000, 0x000000070d700000, 0x000000070d700000|100%| S|  |TAMS 0x000000070d600000, 0x000000070d600000| Untracked 
| 189|0x000000070d700000, 0x000000070d800000, 0x000000070d800000|100%| S|  |TAMS 0x000000070d700000, 0x000000070d700000| Untracked 
| 190|0x000000070d800000, 0x000000070d900000, 0x000000070d900000|100%| S|  |TAMS 0x000000070d800000, 0x000000070d800000| Untracked 
| 191|0x000000070d900000, 0x000000070da00000, 0x000000070da00000|100%| S|  |TAMS 0x000000070d900000, 0x000000070d900000| Untracked 
| 192|0x000000070da00000, 0x000000070db00000, 0x000000070db00000|100%| S|  |TAMS 0x000000070da00000, 0x000000070da00000| Untracked 
| 193|0x000000070db00000, 0x000000070dc00000, 0x000000070dc00000|100%| S|  |TAMS 0x000000070db00000, 0x000000070db00000| Untracked 
| 194|0x000000070dc00000, 0x000000070dc00000, 0x000000070dd00000|  0%| F|  |TAMS 0x000000070dc00000, 0x000000070dc00000| Untracked 
| 195|0x000000070dd00000, 0x000000070dd00000, 0x000000070de00000|  0%| F|  |TAMS 0x000000070dd00000, 0x000000070dd00000| Untracked 
| 196|0x000000070de00000, 0x000000070de00000, 0x000000070df00000|  0%| F|  |TAMS 0x000000070de00000, 0x000000070de00000| Untracked 
| 197|0x000000070df00000, 0x000000070df00000, 0x000000070e000000|  0%| F|  |TAMS 0x000000070df00000, 0x000000070df00000| Untracked 
| 198|0x000000070e000000, 0x000000070e000000, 0x000000070e100000|  0%| F|  |TAMS 0x000000070e000000, 0x000000070e000000| Untracked 
| 199|0x000000070e100000, 0x000000070e100000, 0x000000070e200000|  0%| F|  |TAMS 0x000000070e100000, 0x000000070e100000| Untracked 
| 200|0x000000070e200000, 0x000000070e200000, 0x000000070e300000|  0%| F|  |TAMS 0x000000070e200000, 0x000000070e200000| Untracked 
| 201|0x000000070e300000, 0x000000070e300000, 0x000000070e400000|  0%| F|  |TAMS 0x000000070e300000, 0x000000070e300000| Untracked 
| 202|0x000000070e400000, 0x000000070e400000, 0x000000070e500000|  0%| F|  |TAMS 0x000000070e400000, 0x000000070e400000| Untracked 
| 203|0x000000070e500000, 0x000000070e500000, 0x000000070e600000|  0%| F|  |TAMS 0x000000070e500000, 0x000000070e500000| Untracked 
| 204|0x000000070e600000, 0x000000070e600000, 0x000000070e700000|  0%| F|  |TAMS 0x000000070e600000, 0x000000070e600000| Untracked 
| 205|0x000000070e700000, 0x000000070e700000, 0x000000070e800000|  0%| F|  |TAMS 0x000000070e700000, 0x000000070e700000| Untracked 
| 206|0x000000070e800000, 0x000000070e800000, 0x000000070e900000|  0%| F|  |TAMS 0x000000070e800000, 0x000000070e800000| Untracked 
| 207|0x000000070e900000, 0x000000070e900000, 0x000000070ea00000|  0%| F|  |TAMS 0x000000070e900000, 0x000000070e900000| Untracked 
| 208|0x000000070ea00000, 0x000000070ea00000, 0x000000070eb00000|  0%| F|  |TAMS 0x000000070ea00000, 0x000000070ea00000| Untracked 
| 209|0x000000070eb00000, 0x000000070eb00000, 0x000000070ec00000|  0%| F|  |TAMS 0x000000070eb00000, 0x000000070eb00000| Untracked 
| 210|0x000000070ec00000, 0x000000070ec00000, 0x000000070ed00000|  0%| F|  |TAMS 0x000000070ec00000, 0x000000070ec00000| Untracked 
| 211|0x000000070ed00000, 0x000000070ed00000, 0x000000070ee00000|  0%| F|  |TAMS 0x000000070ed00000, 0x000000070ed00000| Untracked 
| 212|0x000000070ee00000, 0x000000070ee00000, 0x000000070ef00000|  0%| F|  |TAMS 0x000000070ee00000, 0x000000070ee00000| Untracked 
| 213|0x000000070ef00000, 0x000000070ef00000, 0x000000070f000000|  0%| F|  |TAMS 0x000000070ef00000, 0x000000070ef00000| Untracked 
| 214|0x000000070f000000, 0x000000070f000000, 0x000000070f100000|  0%| F|  |TAMS 0x000000070f000000, 0x000000070f000000| Untracked 
| 215|0x000000070f100000, 0x000000070f100000, 0x000000070f200000|  0%| F|  |TAMS 0x000000070f100000, 0x000000070f100000| Untracked 
| 216|0x000000070f200000, 0x000000070f200000, 0x000000070f300000|  0%| F|  |TAMS 0x000000070f200000, 0x000000070f200000| Untracked 
| 217|0x000000070f300000, 0x000000070f300000, 0x000000070f400000|  0%| F|  |TAMS 0x000000070f300000, 0x000000070f300000| Untracked 
| 218|0x000000070f400000, 0x000000070f400000, 0x000000070f500000|  0%| F|  |TAMS 0x000000070f400000, 0x000000070f400000| Untracked 
| 219|0x000000070f500000, 0x000000070f500000, 0x000000070f600000|  0%| F|  |TAMS 0x000000070f500000, 0x000000070f500000| Untracked 
| 220|0x000000070f600000, 0x000000070f600000, 0x000000070f700000|  0%| F|  |TAMS 0x000000070f600000, 0x000000070f600000| Untracked 
| 221|0x000000070f700000, 0x000000070f700000, 0x000000070f800000|  0%| F|  |TAMS 0x000000070f700000, 0x000000070f700000| Untracked 
| 222|0x000000070f800000, 0x000000070f800000, 0x000000070f900000|  0%| F|  |TAMS 0x000000070f800000, 0x000000070f800000| Untracked 
| 223|0x000000070f900000, 0x000000070f900000, 0x000000070fa00000|  0%| F|  |TAMS 0x000000070f900000, 0x000000070f900000| Untracked 
| 224|0x000000070fa00000, 0x000000070fa00000, 0x000000070fb00000|  0%| F|  |TAMS 0x000000070fa00000, 0x000000070fa00000| Untracked 
| 225|0x000000070fb00000, 0x000000070fb00000, 0x000000070fc00000|  0%| F|  |TAMS 0x000000070fb00000, 0x000000070fb00000| Untracked 
| 226|0x000000070fc00000, 0x000000070fc00000, 0x000000070fd00000|  0%| F|  |TAMS 0x000000070fc00000, 0x000000070fc00000| Untracked 
| 227|0x000000070fd00000, 0x000000070fd00000, 0x000000070fe00000|  0%| F|  |TAMS 0x000000070fd00000, 0x000000070fd00000| Untracked 
| 228|0x000000070fe00000, 0x000000070fe00000, 0x000000070ff00000|  0%| F|  |TAMS 0x000000070fe00000, 0x000000070fe00000| Untracked 
| 229|0x000000070ff00000, 0x000000070ff00000, 0x0000000710000000|  0%| F|  |TAMS 0x000000070ff00000, 0x000000070ff00000| Untracked 
| 230|0x0000000710000000, 0x0000000710000000, 0x0000000710100000|  0%| F|  |TAMS 0x0000000710000000, 0x0000000710000000| Untracked 
| 231|0x0000000710100000, 0x0000000710100000, 0x0000000710200000|  0%| F|  |TAMS 0x0000000710100000, 0x0000000710100000| Untracked 
| 232|0x0000000710200000, 0x0000000710200000, 0x0000000710300000|  0%| F|  |TAMS 0x0000000710200000, 0x0000000710200000| Untracked 
| 233|0x0000000710300000, 0x0000000710300000, 0x0000000710400000|  0%| F|  |TAMS 0x0000000710300000, 0x0000000710300000| Untracked 
| 234|0x0000000710400000, 0x0000000710400000, 0x0000000710500000|  0%| F|  |TAMS 0x0000000710400000, 0x0000000710400000| Untracked 
| 235|0x0000000710500000, 0x0000000710580800, 0x0000000710600000| 50%| E|  |TAMS 0x0000000710500000, 0x0000000710500000| Untracked 
| 236|0x0000000710600000, 0x0000000710700000, 0x0000000710700000|100%| E|  |TAMS 0x0000000710600000, 0x0000000710600000| Untracked 
| 237|0x0000000710700000, 0x0000000710800000, 0x0000000710800000|100%| E|  |TAMS 0x0000000710700000, 0x0000000710700000| Untracked 
| 238|0x0000000710800000, 0x0000000710900000, 0x0000000710900000|100%| E|  |TAMS 0x0000000710800000, 0x0000000710800000| Untracked 
| 239|0x0000000710900000, 0x0000000710a00000, 0x0000000710a00000|100%| E|  |TAMS 0x0000000710900000, 0x0000000710900000| Untracked 
| 240|0x0000000710a00000, 0x0000000710b00000, 0x0000000710b00000|100%| E|  |TAMS 0x0000000710a00000, 0x0000000710a00000| Untracked 
| 241|0x0000000710b00000, 0x0000000710c00000, 0x0000000710c00000|100%| E|  |TAMS 0x0000000710b00000, 0x0000000710b00000| Untracked 
| 242|0x0000000710c00000, 0x0000000710d00000, 0x0000000710d00000|100%| E|  |TAMS 0x0000000710c00000, 0x0000000710c00000| Untracked 
| 243|0x0000000710d00000, 0x0000000710e00000, 0x0000000710e00000|100%| E|  |TAMS 0x0000000710d00000, 0x0000000710d00000| Untracked 
| 244|0x0000000710e00000, 0x0000000710f00000, 0x0000000710f00000|100%| E|  |TAMS 0x0000000710e00000, 0x0000000710e00000| Untracked 
| 245|0x0000000710f00000, 0x0000000711000000, 0x0000000711000000|100%| E|  |TAMS 0x0000000710f00000, 0x0000000710f00000| Untracked 
| 246|0x0000000711000000, 0x0000000711100000, 0x0000000711100000|100%| E|  |TAMS 0x0000000711000000, 0x0000000711000000| Untracked 
| 247|0x0000000711100000, 0x0000000711200000, 0x0000000711200000|100%| E|  |TAMS 0x0000000711100000, 0x0000000711100000| Untracked 
| 248|0x0000000711200000, 0x0000000711300000, 0x0000000711300000|100%| E|  |TAMS 0x0000000711200000, 0x0000000711200000| Untracked 
| 249|0x0000000711300000, 0x0000000711400000, 0x0000000711400000|100%| E|  |TAMS 0x0000000711300000, 0x0000000711300000| Untracked 
| 250|0x0000000711400000, 0x0000000711500000, 0x0000000711500000|100%| E|  |TAMS 0x0000000711400000, 0x0000000711400000| Untracked 
| 251|0x0000000711500000, 0x0000000711600000, 0x0000000711600000|100%| E|  |TAMS 0x0000000711500000, 0x0000000711500000| Untracked 
| 252|0x0000000711600000, 0x0000000711700000, 0x0000000711700000|100%| E|  |TAMS 0x0000000711600000, 0x0000000711600000| Untracked 
| 253|0x0000000711700000, 0x0000000711800000, 0x0000000711800000|100%| E|  |TAMS 0x0000000711700000, 0x0000000711700000| Untracked 
| 254|0x0000000711800000, 0x0000000711900000, 0x0000000711900000|100%| E|  |TAMS 0x0000000711800000, 0x0000000711800000| Untracked 
| 255|0x0000000711900000, 0x0000000711a00000, 0x0000000711a00000|100%| E|  |TAMS 0x0000000711900000, 0x0000000711900000| Untracked 
| 256|0x0000000711a00000, 0x0000000711b00000, 0x0000000711b00000|100%| E|  |TAMS 0x0000000711a00000, 0x0000000711a00000| Untracked 
| 257|0x0000000711b00000, 0x0000000711c00000, 0x0000000711c00000|100%| E|  |TAMS 0x0000000711b00000, 0x0000000711b00000| Untracked 
| 258|0x0000000711c00000, 0x0000000711d00000, 0x0000000711d00000|100%| E|  |TAMS 0x0000000711c00000, 0x0000000711c00000| Untracked 
| 259|0x0000000711d00000, 0x0000000711e00000, 0x0000000711e00000|100%| E|  |TAMS 0x0000000711d00000, 0x0000000711d00000| Complete 
| 260|0x0000000711e00000, 0x0000000711f00000, 0x0000000711f00000|100%| E|  |TAMS 0x0000000711e00000, 0x0000000711e00000| Untracked 
| 261|0x0000000711f00000, 0x0000000712000000, 0x0000000712000000|100%| E|  |TAMS 0x0000000711f00000, 0x0000000711f00000| Untracked 
| 262|0x0000000712000000, 0x0000000712100000, 0x0000000712100000|100%| E|  |TAMS 0x0000000712000000, 0x0000000712000000| Untracked 
| 263|0x0000000712100000, 0x0000000712200000, 0x0000000712200000|100%| E|  |TAMS 0x0000000712100000, 0x0000000712100000| Untracked 
| 264|0x0000000712200000, 0x0000000712300000, 0x0000000712300000|100%| E|  |TAMS 0x0000000712200000, 0x0000000712200000| Untracked 
| 265|0x0000000712300000, 0x0000000712400000, 0x0000000712400000|100%| E|  |TAMS 0x0000000712300000, 0x0000000712300000| Untracked 
| 266|0x0000000712400000, 0x0000000712500000, 0x0000000712500000|100%| E|  |TAMS 0x0000000712400000, 0x0000000712400000| Untracked 
| 267|0x0000000712500000, 0x0000000712600000, 0x0000000712600000|100%| E|  |TAMS 0x0000000712500000, 0x0000000712500000| Untracked 
| 268|0x0000000712600000, 0x0000000712700000, 0x0000000712700000|100%| E|  |TAMS 0x0000000712600000, 0x0000000712600000| Untracked 
| 269|0x0000000712700000, 0x0000000712800000, 0x0000000712800000|100%| E|  |TAMS 0x0000000712700000, 0x0000000712700000| Untracked 
| 270|0x0000000712800000, 0x0000000712900000, 0x0000000712900000|100%| E|  |TAMS 0x0000000712800000, 0x0000000712800000| Untracked 
| 271|0x0000000712900000, 0x0000000712a00000, 0x0000000712a00000|100%| E|  |TAMS 0x0000000712900000, 0x0000000712900000| Untracked 
| 272|0x0000000712a00000, 0x0000000712b00000, 0x0000000712b00000|100%| E|  |TAMS 0x0000000712a00000, 0x0000000712a00000| Untracked 
| 273|0x0000000712b00000, 0x0000000712c00000, 0x0000000712c00000|100%| E|  |TAMS 0x0000000712b00000, 0x0000000712b00000| Untracked 
| 274|0x0000000712c00000, 0x0000000712d00000, 0x0000000712d00000|100%| E|  |TAMS 0x0000000712c00000, 0x0000000712c00000| Untracked 
| 275|0x0000000712d00000, 0x0000000712e00000, 0x0000000712e00000|100%| E|  |TAMS 0x0000000712d00000, 0x0000000712d00000| Untracked 
| 276|0x0000000712e00000, 0x0000000712f00000, 0x0000000712f00000|100%| E|  |TAMS 0x0000000712e00000, 0x0000000712e00000| Untracked 
| 277|0x0000000712f00000, 0x0000000713000000, 0x0000000713000000|100%| E|  |TAMS 0x0000000712f00000, 0x0000000712f00000| Untracked 
| 278|0x0000000713000000, 0x0000000713100000, 0x0000000713100000|100%| E|  |TAMS 0x0000000713000000, 0x0000000713000000| Untracked 
| 279|0x0000000713100000, 0x0000000713200000, 0x0000000713200000|100%| E|  |TAMS 0x0000000713100000, 0x0000000713100000| Untracked 
| 280|0x0000000713200000, 0x0000000713300000, 0x0000000713300000|100%| E|  |TAMS 0x0000000713200000, 0x0000000713200000| Untracked 
| 281|0x0000000713300000, 0x0000000713400000, 0x0000000713400000|100%| E|  |TAMS 0x0000000713300000, 0x0000000713300000| Untracked 
| 282|0x0000000713400000, 0x0000000713500000, 0x0000000713500000|100%| E|  |TAMS 0x0000000713400000, 0x0000000713400000| Untracked 
| 283|0x0000000713500000, 0x0000000713600000, 0x0000000713600000|100%| E|  |TAMS 0x0000000713500000, 0x0000000713500000| Untracked 
| 284|0x0000000713600000, 0x0000000713700000, 0x0000000713700000|100%| E|  |TAMS 0x0000000713600000, 0x0000000713600000| Untracked 
| 285|0x0000000713700000, 0x0000000713800000, 0x0000000713800000|100%| E|  |TAMS 0x0000000713700000, 0x0000000713700000| Untracked 
| 286|0x0000000713800000, 0x0000000713900000, 0x0000000713900000|100%| E|  |TAMS 0x0000000713800000, 0x0000000713800000| Untracked 
| 287|0x0000000713900000, 0x0000000713a00000, 0x0000000713a00000|100%| E|  |TAMS 0x0000000713900000, 0x0000000713900000| Untracked 
| 288|0x0000000713a00000, 0x0000000713b00000, 0x0000000713b00000|100%| E|  |TAMS 0x0000000713a00000, 0x0000000713a00000| Untracked 
| 289|0x0000000713b00000, 0x0000000713c00000, 0x0000000713c00000|100%| E|  |TAMS 0x0000000713b00000, 0x0000000713b00000| Untracked 
| 290|0x0000000713c00000, 0x0000000713d00000, 0x0000000713d00000|100%| E|  |TAMS 0x0000000713c00000, 0x0000000713c00000| Untracked 
| 291|0x0000000713d00000, 0x0000000713e00000, 0x0000000713e00000|100%| E|  |TAMS 0x0000000713d00000, 0x0000000713d00000| Untracked 
| 292|0x0000000713e00000, 0x0000000713f00000, 0x0000000713f00000|100%| E|  |TAMS 0x0000000713e00000, 0x0000000713e00000| Untracked 
| 293|0x0000000713f00000, 0x0000000714000000, 0x0000000714000000|100%| E|  |TAMS 0x0000000713f00000, 0x0000000713f00000| Untracked 
| 294|0x0000000714000000, 0x0000000714100000, 0x0000000714100000|100%| E|  |TAMS 0x0000000714000000, 0x0000000714000000| Untracked 
| 295|0x0000000714100000, 0x0000000714200000, 0x0000000714200000|100%| E|  |TAMS 0x0000000714100000, 0x0000000714100000| Untracked 
| 296|0x0000000714200000, 0x0000000714300000, 0x0000000714300000|100%| E|  |TAMS 0x0000000714200000, 0x0000000714200000| Untracked 
| 297|0x0000000714300000, 0x0000000714400000, 0x0000000714400000|100%| E|  |TAMS 0x0000000714300000, 0x0000000714300000| Untracked 
| 298|0x0000000714400000, 0x0000000714500000, 0x0000000714500000|100%| E|  |TAMS 0x0000000714400000, 0x0000000714400000| Untracked 
| 299|0x0000000714500000, 0x0000000714600000, 0x0000000714600000|100%| E|  |TAMS 0x0000000714500000, 0x0000000714500000| Untracked 
| 300|0x0000000714600000, 0x0000000714700000, 0x0000000714700000|100%| E|  |TAMS 0x0000000714600000, 0x0000000714600000| Untracked 
| 301|0x0000000714700000, 0x0000000714800000, 0x0000000714800000|100%| E|  |TAMS 0x0000000714700000, 0x0000000714700000| Untracked 
| 302|0x0000000714800000, 0x0000000714900000, 0x0000000714900000|100%| E|  |TAMS 0x0000000714800000, 0x0000000714800000| Untracked 
| 303|0x0000000714900000, 0x0000000714a00000, 0x0000000714a00000|100%| E|  |TAMS 0x0000000714900000, 0x0000000714900000| Untracked 
| 304|0x0000000714a00000, 0x0000000714b00000, 0x0000000714b00000|100%| E|  |TAMS 0x0000000714a00000, 0x0000000714a00000| Untracked 
| 305|0x0000000714b00000, 0x0000000714c00000, 0x0000000714c00000|100%| E|  |TAMS 0x0000000714b00000, 0x0000000714b00000| Untracked 
| 306|0x0000000714c00000, 0x0000000714d00000, 0x0000000714d00000|100%| E|  |TAMS 0x0000000714c00000, 0x0000000714c00000| Untracked 
| 307|0x0000000714d00000, 0x0000000714e00000, 0x0000000714e00000|100%| E|  |TAMS 0x0000000714d00000, 0x0000000714d00000| Untracked 

Card table byte_map: [0x0000020c242c0000,0x0000020c24ac0000] _byte_map_base: 0x0000020c20ab3000

Marking Bits (Prev, Next): (CMBitMap*) 0x0000020c0a9bca60, (CMBitMap*) 0x0000020c0a9bca28
 Prev Bits: [0x0000020c29260000, 0x0000020c2d1f8000)
 Next Bits: [0x0000020c252c0000, 0x0000020c29258000)

Polling page: 0x0000020c0aa30000

Metaspace:

Usage:
  Non-class:     26.91 MB capacity,    26.50 MB ( 98%) used,   384.05 KB (  1%) free+waste,    38.69 KB ( <1%) overhead. 
      Class:      3.30 MB capacity,     3.11 MB ( 94%) used,   172.52 KB (  5%) free+waste,    15.75 KB ( <1%) overhead. 
       Both:     30.21 MB capacity,    29.61 MB ( 98%) used,   556.57 KB (  2%) free+waste,    54.44 KB ( <1%) overhead. 

Virtual space:
  Non-class space:       28.00 MB reserved,      26.92 MB ( 96%) committed 
      Class space:        1.00 GB reserved,       3.38 MB ( <1%) committed 
             Both:        1.03 GB reserved,      30.30 MB (  3%) committed 

Chunk freelists:
   Non-Class:  1.13 KB
       Class:  2.13 KB
        Both:  3.25 KB

CodeHeap 'non-profiled nmethods': size=120064Kb used=3618Kb max_used=3618Kb free=116445Kb
 bounds [0x0000020c1bf50000, 0x0000020c1c2e0000, 0x0000020c23490000]
CodeHeap 'profiled nmethods': size=120000Kb used=12580Kb max_used=12580Kb free=107419Kb
 bounds [0x0000020c14a20000, 0x0000020c15670000, 0x0000020c1bf50000]
CodeHeap 'non-nmethods': size=5696Kb used=1149Kb max_used=1191Kb free=4546Kb
 bounds [0x0000020c14490000, 0x0000020c14700000, 0x0000020c14a20000]
 total_blobs=7241 nmethods=5107 adapters=387
 compilation: enabled
              stopped_count=0, restarted_count=0
 full_count=0

Compilation events (10 events):
Event: 31.583 Thread 0x0000020c301c6000 nmethod 5344 0x0000020c15668790 code [0x0000020c15668960, 0x0000020c15668d58]
Event: 31.583 Thread 0x0000020c301c6000 5345       3       sun.util.calendar.BaseCalendar::getCalendarDateFromFixedDate (305 bytes)
Event: 31.585 Thread 0x0000020c301c6000 nmethod 5345 0x0000020c15668e10 code [0x0000020c156690c0, 0x0000020c1566a930]
Event: 31.585 Thread 0x0000020c301c6000 5346       3       java.io.OutputStream::write (9 bytes)
Event: 31.585 Thread 0x0000020c301c6000 nmethod 5346 0x0000020c1566b090 code [0x0000020c1566b260, 0x0000020c1566b490]
Event: 31.592 Thread 0x0000020c31261000 5347       4       sun.nio.cs.UTF_8::updatePositions (23 bytes)
Event: 31.592 Thread 0x0000020c301c6000 5348  s    3       java.io.BufferedOutputStream::flush (12 bytes)
Event: 31.593 Thread 0x0000020c301c6000 nmethod 5348 0x0000020c1566b590 code [0x0000020c1566b780, 0x0000020c1566bce0]
Event: 31.593 Thread 0x0000020c301c6000 5349       3       java.util.Locale::hashCode (41 bytes)
Event: 31.593 Thread 0x0000020c301c6000 nmethod 5349 0x0000020c1566be10 code [0x0000020c1566bfe0, 0x0000020c1566c240]

GC Heap History (10 events):
Event: 5.021 GC heap after
{Heap after GC invocations=5 (full 0):
 garbage-first heap   total 262144K, used 15070K [0x0000000701a00000, 0x0000000800000000)
  region size 1024K, 3 young (3072K), 3 survivors (3072K)
 Metaspace       used 20778K, capacity 21136K, committed 21296K, reserved 1069056K
  class space    used 2200K, capacity 2325K, committed 2432K, reserved 1048576K
}
Event: 5.846 GC heap before
{Heap before GC invocations=6 (full 0):
 garbage-first heap   total 262144K, used 64222K [0x0000000701a00000, 0x0000000800000000)
  region size 1024K, 52 young (53248K), 3 survivors (3072K)
 Metaspace       used 21511K, capacity 21816K, committed 22064K, reserved 1069056K
  class space    used 2245K, capacity 2359K, committed 2432K, reserved 1048576K
}
Event: 5.858 GC heap after
{Heap after GC invocations=7 (full 0):
 garbage-first heap   total 262144K, used 19981K [0x0000000701a00000, 0x0000000800000000)
  region size 1024K, 7 young (7168K), 7 survivors (7168K)
 Metaspace       used 21511K, capacity 21816K, committed 22064K, reserved 1069056K
  class space    used 2245K, capacity 2359K, committed 2432K, reserved 1048576K
}
Event: 6.693 GC heap before
{Heap before GC invocations=7 (full 0):
 garbage-first heap   total 262144K, used 84493K [0x0000000701a00000, 0x0000000800000000)
  region size 1024K, 70 young (71680K), 7 survivors (7168K)
 Metaspace       used 21801K, capacity 22217K, committed 22576K, reserved 1069056K
  class space    used 2249K, capacity 2364K, committed 2432K, reserved 1048576K
}
Event: 6.716 GC heap after
{Heap after GC invocations=8 (full 0):
 garbage-first heap   total 315392K, used 28783K [0x0000000701a00000, 0x0000000800000000)
  region size 1024K, 9 young (9216K), 9 survivors (9216K)
 Metaspace       used 21801K, capacity 22217K, committed 22576K, reserved 1069056K
  class space    used 2249K, capacity 2364K, committed 2432K, reserved 1048576K
}
Event: 8.218 GC heap before
{Heap before GC invocations=8 (full 0):
 garbage-first heap   total 315392K, used 105583K [0x0000000701a00000, 0x0000000800000000)
  region size 1024K, 84 young (86016K), 9 survivors (9216K)
 Metaspace       used 22776K, capacity 23268K, committed 23472K, reserved 1071104K
  class space    used 2345K, capacity 2501K, committed 2560K, reserved 1048576K
}
Event: 8.238 GC heap after
{Heap after GC invocations=9 (full 0):
 garbage-first heap   total 315392K, used 35938K [0x0000000701a00000, 0x0000000800000000)
  region size 1024K, 7 young (7168K), 7 survivors (7168K)
 Metaspace       used 22776K, capacity 23268K, committed 23472K, reserved 1071104K
  class space    used 2345K, capacity 2501K, committed 2560K, reserved 1048576K
}
Event: 30.036 GC heap before
{Heap before GC invocations=9 (full 0):
 garbage-first heap   total 315392K, used 145506K [0x0000000701a00000, 0x0000000800000000)
  region size 1024K, 114 young (116736K), 7 survivors (7168K)
 Metaspace       used 27877K, capacity 28427K, committed 28592K, reserved 1075200K
  class space    used 2851K, capacity 3028K, committed 3072K, reserved 1048576K
}
Event: 30.052 GC heap after
{Heap after GC invocations=10 (full 0):
 garbage-first heap   total 315392K, used 40177K [0x0000000701a00000, 0x0000000800000000)
  region size 1024K, 11 young (11264K), 11 survivors (11264K)
 Metaspace       used 27877K, capacity 28427K, committed 28592K, reserved 1075200K
  class space    used 2851K, capacity 3028K, committed 3072K, reserved 1048576K
}
Event: 31.593 GC heap before
{Heap before GC invocations=10 (full 0):
 garbage-first heap   total 315392K, used 138481K [0x0000000701a00000, 0x0000000800000000)
  region size 1024K, 84 young (86016K), 11 survivors (11264K)
 Metaspace       used 30322K, capacity 30934K, committed 31024K, reserved 1077248K
  class space    used 3186K, capacity 3375K, committed 3456K, reserved 1048576K
}

Deoptimization events (10 events):
Event: 30.663 Thread 0x0000020c0a958000 Uncommon trap: reason=unstable_if action=reinterpret pc=0x0000020c1c1d420c method=java.util.jar.Manifest$FastInputStream.readLine([BII)I @ 130 c2
Event: 31.134 Thread 0x0000020c0a958000 Uncommon trap: reason=null_assert_or_unreached0 action=make_not_entrant pc=0x0000020c1c022204 method=java.util.jar.JarFile.maybeInstantiateVerifier()V @ 4 c2
Event: 31.167 Thread 0x0000020c0a958000 Uncommon trap: reason=unstable_if action=reinterpret pc=0x0000020c1c24c33c method=java.util.zip.CRC32.updateBytesCheck([BII)V @ 1 c2
Event: 31.168 Thread 0x0000020c0a958000 Uncommon trap: reason=unstable_if action=reinterpret pc=0x0000020c1c24ebb0 method=java.util.zip.Deflater.deflate([BIII)I @ 109 c2
Event: 31.176 Thread 0x0000020c0a958000 Uncommon trap: reason=unstable_if action=reinterpret pc=0x0000020c1c24ce6c method=java.util.zip.CRC32.updateBytesCheck([BII)V @ 1 c2
Event: 31.177 Thread 0x0000020c0a958000 Uncommon trap: reason=class_check action=maybe_recompile pc=0x0000020c1c218fb4 method=java.util.zip.InflaterInputStream.read([BII)I @ 100 c2
Event: 31.181 Thread 0x0000020c0a958000 Uncommon trap: reason=class_check action=maybe_recompile pc=0x0000020c1c218fb4 method=java.util.zip.InflaterInputStream.read([BII)I @ 100 c2
Event: 31.182 Thread 0x0000020c0a958000 Uncommon trap: reason=class_check action=maybe_recompile pc=0x0000020c1c218fb4 method=java.util.zip.InflaterInputStream.read([BII)I @ 100 c2
Event: 31.183 Thread 0x0000020c0a958000 Uncommon trap: reason=class_check action=maybe_recompile pc=0x0000020c1c218fb4 method=java.util.zip.InflaterInputStream.read([BII)I @ 100 c2
Event: 31.593 Thread 0x0000020c0a958000 Uncommon trap: reason=unstable_if action=reinterpret pc=0x0000020c1c0f8a48 method=java.util.regex.Pattern$BmpCharPropertyGreedy.match(Ljava/util/regex/Matcher;ILjava/lang/CharSequence;)Z @ 73 c2

Classes redefined (0 events):
No events

Internal exceptions (10 events):
Event: 29.526 Thread 0x0000020c0a958000 Exception <a 'java/lang/reflect/InvocationTargetException'{0x000000070f966468}> (0x000000070f966468) thrown at [t:/workspace/open/src/hotspot/share/runtime/reflection.cpp, line 1242]
Event: 30.846 Thread 0x0000020c0a958000 Exception <a 'java/lang/NoClassDefFoundError'{0x00000007123dfcd0}: org/sonatype/aether/resolution/ArtifactDescriptorException> (0x00000007123dfcd0) thrown at [t:/workspace/open/src/hotspot/share/classfile/systemDictionary.cpp, line 220]
Event: 30.875 Thread 0x0000020c0a958000 Exception <a 'java/lang/NoClassDefFoundError'{0x0000000712169338}: org/sonatype/aether/version/VersionConstraint> (0x0000000712169338) thrown at [t:/workspace/open/src/hotspot/share/classfile/systemDictionary.cpp, line 220]
Event: 30.879 Thread 0x0000020c0a958000 Exception <a 'java/lang/NoClassDefFoundError'{0x000000071217f790}: org/sonatype/aether/artifact/Artifact> (0x000000071217f790) thrown at [t:/workspace/open/src/hotspot/share/classfile/systemDictionary.cpp, line 220]
Event: 30.886 Thread 0x0000020c0a958000 Exception <a 'java/lang/NoClassDefFoundError'{0x00000007121e54b0}: org/sonatype/aether/resolution/ArtifactResolutionException> (0x00000007121e54b0) thrown at [t:/workspace/open/src/hotspot/share/classfile/systemDictionary.cpp, line 220]
Event: 30.916 Thread 0x0000020c0a958000 Exception <a 'java/lang/NoClassDefFoundError'{0x0000000711f25f00}: org/sonatype/aether/installation/InstallationException> (0x0000000711f25f00) thrown at [t:/workspace/open/src/hotspot/share/classfile/systemDictionary.cpp, line 220]
Event: 30.930 Thread 0x0000020c0a958000 Exception <a 'java/lang/NoClassDefFoundError'{0x0000000711fbe7d0}: org/sonatype/aether/collection/DependencyCollectionException> (0x0000000711fbe7d0) thrown at [t:/workspace/open/src/hotspot/share/classfile/systemDictionary.cpp, line 220]
Event: 30.959 Thread 0x0000020c0a958000 Exception <a 'java/lang/NoClassDefFoundError'{0x0000000711d48f38}: org/sonatype/aether/deployment/DeploymentException> (0x0000000711d48f38) thrown at [t:/workspace/open/src/hotspot/share/classfile/systemDictionary.cpp, line 220]
Event: 30.977 Thread 0x0000020c0a958000 Exception <a 'java/lang/NoClassDefFoundError'{0x0000000711c0d1a8}: org/sonatype/aether/artifact/Artifact> (0x0000000711c0d1a8) thrown at [t:/workspace/open/src/hotspot/share/classfile/systemDictionary.cpp, line 220]
Event: 31.128 Thread 0x0000020c0a958000 Exception <a 'java/lang/NoSuchMethodError'{0x0000000711af10f0}: java.lang.invoke.DirectMethodHandle$Holder.invokeStaticInit(Ljava/lang/Object;Ljava/lang/Object;)I> (0x0000000711af10f0) thrown at [t:/workspace/open/src/hotspot/share/interpreter/linkResolve

Events (10 events):
Event: 31.395 Thread 0x0000020c0a958000 DEOPT PACKING pc=0x0000020c14c94c5c sp=0x00000055f49fce90
Event: 31.395 Thread 0x0000020c0a958000 DEOPT UNPACKING pc=0x0000020c144b843f sp=0x00000055f49fc430 mode 0
Event: 31.592 loading class org/apache/maven/plugin/logging/Log
Event: 31.592 loading class org/apache/maven/plugin/logging/Log done
Event: 31.592 loading class org/apache/maven/plugin/logging/Log
Event: 31.592 loading class org/apache/maven/plugin/logging/Log done
Event: 31.593 Thread 0x0000020c0a958000 Uncommon trap: trap_request=0xffffff4d fr.pc=0x0000020c1c0f8a48 relative=0x00000000000003a8
Event: 31.593 Thread 0x0000020c0a958000 DEOPT PACKING pc=0x0000020c1c0f8a48 sp=0x00000055f49fda40
Event: 31.593 Thread 0x0000020c0a958000 DEOPT UNPACKING pc=0x0000020c144b8629 sp=0x00000055f49fd9f0 mode 2
Event: 31.593 Executing VM operation: G1CollectFull


Dynamic libraries:
0x00007ff75f540000 - 0x00007ff75f587000 	C:\Program Files\Java\jdk-11.0.1\bin\java.exe
0x00007ffd0cf20000 - 0x00007ffd0d110000 	C:\WINDOWS\SYSTEM32\ntdll.dll
0x00007ffd0b2f0000 - 0x00007ffd0b3a2000 	C:\WINDOWS\System32\KERNEL32.DLL
0x00007ffd0a630000 - 0x00007ffd0a8d3000 	C:\WINDOWS\System32\KERNELBASE.dll
0x00007ffd0b420000 - 0x00007ffd0b4c3000 	C:\WINDOWS\System32\ADVAPI32.dll
0x00007ffd0b050000 - 0x00007ffd0b0ee000 	C:\WINDOWS\System32\msvcrt.dll
0x00007ffd0bd20000 - 0x00007ffd0bdb7000 	C:\WINDOWS\System32\sechost.dll
0x00007ffd0c270000 - 0x00007ffd0c390000 	C:\WINDOWS\System32\RPCRT4.dll
0x00007ffd0cd40000 - 0x00007ffd0ced4000 	C:\WINDOWS\System32\USER32.dll
0x00007ffd0ae30000 - 0x00007ffd0ae51000 	C:\WINDOWS\System32\win32u.dll
0x00007ffd0ccb0000 - 0x00007ffd0ccd6000 	C:\WINDOWS\System32\GDI32.dll
0x00007ffd0abe0000 - 0x00007ffd0ad74000 	C:\WINDOWS\System32\gdi32full.dll
0x00007ffd0aec0000 - 0x00007ffd0af5e000 	C:\WINDOWS\System32\msvcp_win.dll
0x00007ffd0aae0000 - 0x00007ffd0abda000 	C:\WINDOWS\System32\ucrtbase.dll
0x00007ffcfa7c0000 - 0x00007ffcfaa45000 	C:\WINDOWS\WinSxS\amd64_microsoft.windows.common-controls_6595b64144ccf1df_6.0.18362.535_none_e6c3b34713100821\COMCTL32.dll
0x00007ffd0c420000 - 0x00007ffd0c756000 	C:\WINDOWS\System32\combase.dll
0x00007ffd0ad80000 - 0x00007ffd0ae00000 	C:\WINDOWS\System32\bcryptPrimitives.dll
0x00007ffd02e50000 - 0x00007ffd02e5a000 	C:\WINDOWS\SYSTEM32\VERSION.dll
0x00007ffd0c1e0000 - 0x00007ffd0c20e000 	C:\WINDOWS\System32\IMM32.DLL
0x00007ffd09320000 - 0x00007ffd09336000 	C:\Program Files\Java\jdk-11.0.1\bin\vcruntime140.dll
0x00007ffcf36a0000 - 0x00007ffcf374a000 	C:\Program Files\Java\jdk-11.0.1\bin\msvcp140.dll
0x00007ffccaeb0000 - 0x00007ffccb9f2000 	C:\Program Files\Java\jdk-11.0.1\bin\server\jvm.dll
0x00007ffd0cca0000 - 0x00007ffd0cca8000 	C:\WINDOWS\System32\PSAPI.DLL
0x00007ffd06210000 - 0x00007ffd06219000 	C:\WINDOWS\SYSTEM32\WSOCK32.dll
0x00007ffd0b3b0000 - 0x00007ffd0b41f000 	C:\WINDOWS\System32\WS2_32.dll
0x00007ffd06530000 - 0x00007ffd06554000 	C:\WINDOWS\SYSTEM32\WINMM.dll
0x00007ffd06500000 - 0x00007ffd0652d000 	C:\WINDOWS\SYSTEM32\WINMMBASE.dll
0x00007ffd0af60000 - 0x00007ffd0afaa000 	C:\WINDOWS\System32\cfgmgr32.dll
0x00007ffd09e50000 - 0x00007ffd09e61000 	C:\WINDOWS\System32\kernel.appcore.dll
0x00007ffd00d10000 - 0x00007ffd00d21000 	C:\Program Files\Java\jdk-11.0.1\bin\verify.dll
0x00007ffd09910000 - 0x00007ffd09b04000 	C:\WINDOWS\SYSTEM32\DBGHELP.DLL
0x00007ffd09680000 - 0x00007ffd096aa000 	C:\WINDOWS\SYSTEM32\dbgcore.DLL
0x00007ffcfa6f0000 - 0x00007ffcfa719000 	C:\Program Files\Java\jdk-11.0.1\bin\java.dll
0x00007ffce1e50000 - 0x00007ffce1e7f000 	C:\Program Files\Java\jdk-11.0.1\bin\instrument.dll
0x00007ffcfe230000 - 0x00007ffcfe246000 	C:\Program Files\Java\jdk-11.0.1\bin\zip.dll
0x00007ffd06200000 - 0x00007ffd0620a000 	C:\Program Files\Java\jdk-11.0.1\bin\jimage.dll
0x00007ffd0b630000 - 0x00007ffd0bd15000 	C:\WINDOWS\System32\SHELL32.dll
0x00007ffd0bdc0000 - 0x00007ffd0be69000 	C:\WINDOWS\System32\shcore.dll
0x00007ffd09eb0000 - 0x00007ffd0a62f000 	C:\WINDOWS\System32\windows.storage.dll
0x00007ffd09e70000 - 0x00007ffd09e8f000 	C:\WINDOWS\System32\profapi.dll
0x00007ffd09e00000 - 0x00007ffd09e4a000 	C:\WINDOWS\System32\powrprof.dll
0x00007ffd09df0000 - 0x00007ffd09e00000 	C:\WINDOWS\System32\UMPDC.dll
0x00007ffd0cce0000 - 0x00007ffd0cd32000 	C:\WINDOWS\System32\shlwapi.dll
0x00007ffd0afb0000 - 0x00007ffd0afc7000 	C:\WINDOWS\System32\cryptsp.dll
0x00007ffcfaa50000 - 0x00007ffcfaa69000 	C:\Program Files\Java\jdk-11.0.1\bin\net.dll
0x00007ffd010e0000 - 0x00007ffd011d0000 	C:\WINDOWS\SYSTEM32\WINHTTP.dll
0x00007ffd08fe0000 - 0x00007ffd09047000 	C:\WINDOWS\system32\mswsock.dll
0x00007ffcfa640000 - 0x00007ffcfa653000 	C:\Program Files\Java\jdk-11.0.1\bin\nio.dll
0x00007ffcdffb0000 - 0x00007ffcdffca000 	C:\Program Files\JetBrains\IntelliJ IDEA 2019.1.1\bin\breakgen64.dll
0x00007ffd08b50000 - 0x00007ffd08b83000 	C:\WINDOWS\system32\rsaenh.dll
0x00007ffd0ae00000 - 0x00007ffd0ae26000 	C:\WINDOWS\System32\bcrypt.dll
0x00007ffd09d10000 - 0x00007ffd09d35000 	C:\WINDOWS\SYSTEM32\USERENV.dll
0x00007ffd091b0000 - 0x00007ffd091bc000 	C:\WINDOWS\SYSTEM32\CRYPTBASE.dll
0x00007ffd08cf0000 - 0x00007ffd08d2a000 	C:\WINDOWS\SYSTEM32\IPHLPAPI.DLL
0x00007ffd0b230000 - 0x00007ffd0b238000 	C:\WINDOWS\System32\NSI.dll
0x00007ffcff1c0000 - 0x00007ffcff1d6000 	C:\WINDOWS\SYSTEM32\dhcpcsvc6.DLL
0x00007ffd00960000 - 0x00007ffd0097c000 	C:\WINDOWS\SYSTEM32\dhcpcsvc.DLL
0x00007ffd08d30000 - 0x00007ffd08dfa000 	C:\WINDOWS\SYSTEM32\DNSAPI.dll

dbghelp: loaded successfully - version: 4.0.5 - missing functions: none
symbol engine: initialized successfully - sym options: 0x614 - pdb path: .;C:\Program Files\Java\jdk-11.0.1\bin;C:\WINDOWS\SYSTEM32;C:\WINDOWS\WinSxS\amd64_microsoft.windows.common-controls_6595b64144ccf1df_6.0.18362.535_none_e6c3b34713100821;C:\Program Files\Java\jdk-11.0.1\bin\server;C:\Program Files\JetBrains\IntelliJ IDEA 2019.1.1\bin

VM Arguments:
jvm_args: -Dmaven.multiModuleProjectDirectory=D:\project_project_project\idea_project\shop_vue_springcloud\shop_order -Dmaven.home=C:\Program Files\JetBrains\IntelliJ IDEA 2019.1.1\plugins\maven\lib\maven3 -Dclassworlds.conf=C:\Program Files\JetBrains\IntelliJ IDEA 2019.1.1\plugins\maven\lib\maven3\bin\m2.conf -javaagent:C:\Program Files\JetBrains\IntelliJ IDEA 2019.1.1\lib\idea_rt.jar=63942:C:\Program Files\JetBrains\IntelliJ IDEA 2019.1.1\bin -Dfile.encoding=UTF-8 
java_command: org.codehaus.classworlds.Launcher -Didea.version2019.1.1 package
java_class_path (initial): C:\Program Files\JetBrains\IntelliJ IDEA 2019.1.1\plugins\maven\lib\maven3\boot\plexus-classworlds-2.5.2.jar
Launcher Type: SUN_STANDARD

[Global flags]
     intx CICompilerCount                          = 3                                         {product} {ergonomic}
     uint ConcGCThreads                            = 1                                         {product} {ergonomic}
     uint G1ConcRefinementThreads                  = 4                                         {product} {ergonomic}
   size_t G1HeapRegionSize                         = 1048576                                   {product} {ergonomic}
    uintx GCDrainStackTargetSize                   = 64                                        {product} {ergonomic}
   size_t InitialHeapSize                          = 268435456                                 {product} {ergonomic}
   size_t MarkStackSize                            = 4194304                                   {product} {ergonomic}
   size_t MaxHeapSize                              = 4267704320                                {product} {ergonomic}
   size_t MaxNewSize                               = 2560622592                                {product} {ergonomic}
   size_t MinHeapDeltaBytes                        = 1048576                                   {product} {ergonomic}
    uintx NonNMethodCodeHeapSize                   = 5830092                                {pd product} {ergonomic}
    uintx NonProfiledCodeHeapSize                  = 122914074                              {pd product} {ergonomic}
    uintx ProfiledCodeHeapSize                     = 122914074                              {pd product} {ergonomic}
    uintx ReservedCodeCacheSize                    = 251658240                              {pd product} {ergonomic}
     bool SegmentedCodeCache                       = true                                      {product} {ergonomic}
     bool UseCompressedClassPointers               = true                                 {lp64_product} {ergonomic}
     bool UseCompressedOops                        = true                                 {lp64_product} {ergonomic}
     bool UseG1GC                                  = true                                      {product} {ergonomic}
     bool UseLargePagesIndividualAllocation        = false                                  {pd product} {ergonomic}

Logging:
Log output configuration:
 #0: stdout all=warning uptime,level,tags
 #1: stderr all=off uptime,level,tags

Environment Variables:
JAVA_HOME=C:\cxp_cxp_cxp\cxp_studio\Java\jdk-10.0.2
CLASSPATH=.;C:\cxp_cxp_cxp\cxp_studio\Java\jdk-10.0.2\lib;C:\cxp_cxp_cxp\cxp_studio\Java\jdk-10.0.2\lib\tools.jar;
PATH=C:\Program Files (x86)\NetSarang\Xshell 6\;C:\cxp_cxp_cxp\cxp_studio\Java\jdk-10.0.2\bin;C:\Program Files (x86)\Common Files\Intel\Shared Files\cpp\bin\Intel64;C:\Program Files (x86)\Common Files\Oracle\Java\javapath;C:\Windows\system32;C:\Windows;C:\Windows\System32\Wbem;C:\Windows\System32\WindowsPowerShell\v1.0\;C:\Users\cxp14\Anaconda3\Scripts;C:\Windows\System32\OpenSSH\;"C:\cxp_cxp_cxp\cxp_studio\Java\jdk-10.0.2\bin;C:\cxp_cxp_cxp\cxp_studio\Java\jdk-10.0.2\jre\bin;";C:\cxp_cxp_cxp\cxp_studio\mysql\mysql-5.7.24-win32\bin;C:\Users\cxp14\AppData\Local\Programs\Python\Python36;C:\Users\cxp14\AppData\Local\Programs\Python\Python36\Scripts;C:\Program Files\nodejs\;C:\Users\cxp14\Documents\WeChat Files\cxpssk\FileStorage\File\2019-05;C:\cxp_cxp_cxp\cxp_studio\Redis;C:\Program Files\Git\cmd;C:\WINDOWS\system32;C:\WINDOWS;C:\WINDOWS\System32\Wbem;C:\WINDOWS\System32\WindowsPowerShell\v1.0\;C:\WINDOWS\System32\OpenSSH\;C:\cxp_cxp_cxp\cxp_studio\apache-maven-3.6.2\bin;C:\Users\cxp14\AppData\Local\Microsoft\WindowsApps;C:\Users\cxp14\AppData\Local\Programs\Microsoft VS Code\bin;C:\Users\cxp14\AppData\Roaming\npm;%CATALINA_HOME&\bin;C:\cxp_cxp_cxp\cxp_studio\apache-maven-3.6.2\bin;C:\Program Files (x86)\Google\Chrome\Application;;C:\Users\cxp14\AppData\Local\Programs\Fiddler
USERNAME=cxp14
OS=Windows_NT
PROCESSOR_IDENTIFIER=Intel64 Family 6 Model 158 Stepping 9, GenuineIntel



---------------  S Y S T E M  ---------------

OS: Windows 10 , 64 bit Build 18362 (10.0.18362.329)

CPU:total 4 (initial active 4) (2 cores per cpu, 2 threads per core) family 6 model 158 stepping 9, cmov, cx8, fxsr, mmx, sse, sse2, sse3, ssse3, sse4.1, sse4.2, popcnt, aes, clmul, erms, 3dnowpref, lzcnt, ht, tsc, tscinvbit

Memory: 4k page, system-wide physical 16273M (6118M free)
TotalPageFile size 24465M (AvailPageFile size 7633M)
current process WorkingSet (physical memory assigned to process): 302M, peak: 309M
current process commit charge ("private bytes"): 477M, peak: 477M

vm_info: Java HotSpot(TM) 64-Bit Server VM (11.0.1+13-LTS) for windows-amd64 JRE (11.0.1+13-LTS), built on Oct  6 2018 13:20:16 by "mach5one" with MS VC++ 15.5 (VS2017)

END.
