#
# A fatal error has been detected by the Java Runtime Environment:
#
#  EXCEPTION_ACCESS_VIOLATION (0xc0000005) at pc=0x00007ff892a3ed1d, pid=3920, tid=13252
#
# JRE version: Java(TM) SE Runtime Environment (11.0.1+13) (build 11.0.1+13-LTS)
# Java VM: Java HotSpot(TM) 64-Bit Server VM (11.0.1+13-LTS, mixed mode, tiered, compressed oops, g1 gc, windows-amd64)
# Problematic frame:
# V  [jvm.dll+0x2eed1d]
#
# No core dump will be written. Minidumps are not enabled by default on client versions of Windows
#
# If you would like to submit a bug report, please visit:
#   http://bugreport.java.com/bugreport/crash.jsp
#

---------------  S U M M A R Y ------------

Command Line: -XX:TieredStopAtLevel=1 -Xverify:none -Dspring.output.ansi.enabled=always -Dcom.sun.management.jmxremote -Dspring.jmx.enabled=true -Dspring.liveBeansView.mbeanDomain -Dspring.application.admin.enabled=true -javaagent:C:\Program Files\JetBrains\IntelliJ IDEA 2019.1.1\lib\idea_rt.jar=61761:C:\Program Files\JetBrains\IntelliJ IDEA 2019.1.1\bin -Dfile.encoding=UTF-8 com.cxp.shop_commodity.ShopCommodityApplication

Host: Intel(R) Pentium(R) CPU G4600 @ 3.60GHz, 4 cores, 15G,  Windows 10 , 64 bit Build 18362 (10.0.18362.329)
Time: Mon Nov  4 14:44:10 2019 ?D1¨²¡À¨º¡Á?¨º¡À?? elapsed time: 1 seconds (0d 0h 0m 1s)

---------------  T H R E A D  ---------------

Current thread (0x00000258301ae800):  GCTaskThread "GC Thread#1" [stack: 0x0000005d90200000,0x0000005d90300000] [id=13252]

Stack: [0x0000005d90200000,0x0000005d90300000],  sp=0x0000005d902fde70,  free space=1015k
Native frames: (J=compiled Java code, j=interpreted, Vv=VM code, C=native code)
V  [jvm.dll+0x2eed1d]
V  [jvm.dll+0x317bb5]
V  [jvm.dll+0x318b69]
V  [jvm.dll+0x31649d]
V  [jvm.dll+0x32b11e]
V  [jvm.dll+0x40dd01]
V  [jvm.dll+0x2e4486]
V  [jvm.dll+0x73cdb7]
V  [jvm.dll+0x73d220]
V  [jvm.dll+0x32b8b5]
V  [jvm.dll+0x32b3b8]
V  [jvm.dll+0x2f7bd0]
V  [jvm.dll+0x7ab4e0]
V  [jvm.dll+0x63b2b2]
C  [ucrtbase.dll+0x20e72]
C  [KERNEL32.DLL+0x17bd4]
C  [ntdll.dll+0x6ced1]

JavaThread 0x000002580bf9c000 (nid = 11208) was being processed
Java frames: (J=compiled Java code, j=interpreted, Vv=VM code)
v  ~RuntimeStub::new_type_array Runtime1 stub
J 1224 c1 java.util.zip.InflaterInputStream.<init>(Ljava/io/InputStream;Ljava/util/zip/Inflater;I)V java.base@11.0.1 (79 bytes) @ 0x0000025814b1a89f [0x0000025814b1a380+0x000000000000051f]
J 1223 c1 java.util.zip.ZipFile$ZipFileInflaterInputStream.<init>(Ljava/util/zip/ZipFile;Ljava/util/zip/ZipFile$ZipFileInputStream;Ljava/util/zip/ZipFile$CleanableResource;Ljava/util/zip/Inflater;I)V java.base@11.0.1 (41 bytes) @ 0x0000025814b19bec [0x0000025814b19b60+0x000000000000008c]
J 1267 c1 java.util.zip.ZipFile$ZipFileInflaterInputStream.<init>(Ljava/util/zip/ZipFile;Ljava/util/zip/ZipFile$ZipFileInputStream;Ljava/util/zip/ZipFile$CleanableResource;I)V java.base@11.0.1 (14 bytes) @ 0x0000025814b326d4 [0x0000025814b32660+0x0000000000000074]
j  java.util.zip.ZipFile.getInputStream(Ljava/util/zip/ZipEntry;)Ljava/io/InputStream;+268 java.base@11.0.1
j  java.util.jar.JarFile.getInputStream(Ljava/util/zip/ZipEntry;)Ljava/io/InputStream;+13 java.base@11.0.1
j  jdk.internal.loader.URLClassPath$JarLoader$2.getInputStream()Ljava/io/InputStream;+11 java.base@11.0.1
j  jdk.internal.loader.Resource.cachedInputStream()Ljava/io/InputStream;+9 java.base@11.0.1
j  jdk.internal.loader.Resource.getByteBuffer()Ljava/nio/ByteBuffer;+1 java.base@11.0.1
j  jdk.internal.loader.BuiltinClassLoader.defineClass(Ljava/lang/String;Ljdk/internal/loader/Resource;)Ljava/lang/Class;+45 java.base@11.0.1
j  jdk.internal.loader.BuiltinClassLoader.findClassOnClassPathOrNull(Ljava/lang/String;)Ljava/lang/Class;+37 java.base@11.0.1
J 1230 c1 jdk.internal.loader.BuiltinClassLoader.loadClassOrNull(Ljava/lang/String;Z)Ljava/lang/Class; java.base@11.0.1 (143 bytes) @ 0x0000025814b1caac [0x0000025814b1c5a0+0x000000000000050c]
j  jdk.internal.loader.BuiltinClassLoader.loadClass(Ljava/lang/String;Z)Ljava/lang/Class;+3 java.base@11.0.1
j  jdk.internal.loader.ClassLoaders$AppClassLoader.loadClass(Ljava/lang/String;Z)Ljava/lang/Class;+36 java.base@11.0.1
j  java.lang.ClassLoader.loadClass(Ljava/lang/String;)Ljava/lang/Class;+3 java.base@11.0.1
v  ~StubRoutines::call_stub
j  java.lang.ClassLoader.defineClass1(Ljava/lang/ClassLoader;Ljava/lang/String;[BIILjava/security/ProtectionDomain;Ljava/lang/String;)Ljava/lang/Class;+0 java.base@11.0.1
j  java.lang.ClassLoader.defineClass(Ljava/lang/String;[BIILjava/security/ProtectionDomain;)Ljava/lang/Class;+27 java.base@11.0.1
j  java.security.SecureClassLoader.defineClass(Ljava/lang/String;[BIILjava/security/CodeSource;)Ljava/lang/Class;+12 java.base@11.0.1
j  jdk.internal.loader.BuiltinClassLoader.defineClass(Ljava/lang/String;Ljdk/internal/loader/Resource;)Ljava/lang/Class;+117 java.base@11.0.1
j  jdk.internal.loader.BuiltinClassLoader.findClassOnClassPathOrNull(Ljava/lang/String;)Ljava/lang/Class;+37 java.base@11.0.1
J 1230 c1 jdk.internal.loader.BuiltinClassLoader.loadClassOrNull(Ljava/lang/String;Z)Ljava/lang/Class; java.base@11.0.1 (143 bytes) @ 0x0000025814b1caac [0x0000025814b1c5a0+0x000000000000050c]
j  jdk.internal.loader.BuiltinClassLoader.loadClass(Ljava/lang/String;Z)Ljava/lang/Class;+3 java.base@11.0.1
j  jdk.internal.loader.ClassLoaders$AppClassLoader.loadClass(Ljava/lang/String;Z)Ljava/lang/Class;+36 java.base@11.0.1
j  java.lang.ClassLoader.loadClass(Ljava/lang/String;)Ljava/lang/Class;+3 java.base@11.0.1
v  ~StubRoutines::call_stub
j  org.springframework.util.ConcurrentReferenceHashMap.put(Ljava/lang/Object;Ljava/lang/Object;Z)Ljava/lang/Object;+2
j  org.springframework.util.ConcurrentReferenceHashMap.put(Ljava/lang/Object;Ljava/lang/Object;)Ljava/lang/Object;+4
j  org.springframework.core.io.support.SpringFactoriesLoader.loadSpringFactories(Ljava/lang/ClassLoader;)Ljava/util/Map;+198
j  org.springframework.core.io.support.SpringFactoriesLoader.loadFactoryNames(Ljava/lang/Class;Ljava/lang/ClassLoader;)Ljava/util/List;+6
j  org.springframework.boot.SpringApplication.getSpringFactoriesInstances(Ljava/lang/Class;[Ljava/lang/Class;[Ljava/lang/Object;)Ljava/util/Collection;+13
j  org.springframework.boot.SpringApplication.getSpringFactoriesInstances(Ljava/lang/Class;)Ljava/util/Collection;+10
j  org.springframework.boot.SpringApplication.<init>(Lorg/springframework/core/io/ResourceLoader;[Ljava/lang/Class;)V+105
j  org.springframework.boot.SpringApplication.<init>([Ljava/lang/Class;)V+3
j  org.springframework.boot.SpringApplication.run([Ljava/lang/Class;[Ljava/lang/String;)Lorg/springframework/context/ConfigurableApplicationContext;+5
j  org.springframework.boot.SpringApplication.run(Ljava/lang/Class;[Ljava/lang/String;)Lorg/springframework/context/ConfigurableApplicationContext;+9
j  com.cxp.shop_commodity.ShopCommodityApplication.main([Ljava/lang/String;)V+3
v  ~StubRoutines::call_stub

siginfo: EXCEPTION_ACCESS_VIOLATION (0xc0000005), reading address 0x00000000000000f8


Register to memory mapping:

RIP=0x00007ff892a3ed1d jvm.dll
RAX=0x000002580bf9ee30 points into unknown readable memory
RBX=0x00000258309a71c0 points into unknown readable memory
RCX=0x0000000000000014 is an unknown value
RDX=0x0 is NULL
RSP=0x0000005d902fde70 points into unknown readable memory
RBP=0x00000258309a7330 points into unknown readable memory
RSI=0x0000000701fd6c00 is an oop
java.lang.Class 
{0x0000000701fd6c00} - klass: 'java/lang/Class'
RDI=0x0000000701fd6c38 is pointing into object: 0x0000000701fd6c00
java.lang.Class 
{0x0000000701fd6c00} - klass: 'java/lang/Class'
R8 =0x0000000701fd6c38 is pointing into object: 0x0000000701fd6c00
java.lang.Class 
{0x0000000701fd6c00} - klass: 'java/lang/Class'
R9 =0x0 is NULL
R10=0x0000000800002268 is pointing into metadata
R11=0x0000000701fd6c00 is an oop
java.lang.Class 
{0x0000000701fd6c00} - klass: 'java/lang/Class'
R12=0x0000000800002308 is pointing into metadata
R13=0x0000000701fd6c00 is an oop
java.lang.Class 
{0x0000000701fd6c00} - klass: 'java/lang/Class'
R14=0x0000000701fd6c0c is pointing into object: 0x0000000701fd6c00
java.lang.Class 
{0x0000000701fd6c00} - klass: 'java/lang/Class'
R15=0x0000000800002308 is pointing into metadata


Registers:
RAX=0x000002580bf9ee30, RBX=0x00000258309a71c0, RCX=0x0000000000000014, RDX=0x0000000000000000
RSP=0x0000005d902fde70, RBP=0x00000258309a7330, RSI=0x0000000701fd6c00, RDI=0x0000000701fd6c38
R8 =0x0000000701fd6c38, R9 =0x0000000000000000, R10=0x0000000800002268, R11=0x0000000701fd6c00
R12=0x0000000800002308, R13=0x0000000701fd6c00, R14=0x0000000701fd6c0c, R15=0x0000000800002308
RIP=0x00007ff892a3ed1d, EFLAGS=0x0000000000010246

Top of Stack: (sp=0x0000005d902fde70)
0x0000005d902fde70:   00000258309a59c0 0000000701fd6bad
0x0000005d902fde80:   0000000000000003 0000000701fd6ba0
0x0000005d902fde90:   0000000000000005 00007ff892a67bb5
0x0000005d902fdea0:   000002582eefbf00 0000000701fd6bcd
0x0000005d902fdeb0:   0000005d902fdef0 00007ff892a68de2
0x0000005d902fdec0:   0000000710b861c8 0000000000000001
0x0000005d902fded0:   0000000701fd6c00 00000258309a71c0
0x0000005d902fdee0:   0000000000000002 00007ff892a68b69
0x0000005d902fdef0:   0000000000000001 000000000000000e
0x0000005d902fdf00:   00000042a5799309 0000000000000001
0x0000005d902fdf10:   000002580000028a 00000000000003d8
0x0000005d902fdf20:   0000000001f7f210 00007ff892a40da8
0x0000005d902fdf30:   00000258309a71c0 0000000000000040
0x0000005d902fdf40:   0000025809e64e58 00000000000003d8
0x0000005d902fdf50:   0000000000000000 0000025809e64e50
0x0000005d902fdf60:   000002580bf9d720 00007ff892a6649d 

Instructions: (pc=0x00007ff892a3ed1d)
0x00007ff892a3ecfd:   8b d9 d1 e8 a8 01 75 6b 48 8b 41 08 8b 88 c0 02
0x00007ff892a3ed0d:   00 00 48 8b 80 b0 02 00 00 49 d3 e9 4a 8b 14 c8
0x00007ff892a3ed1d:   48 8b 82 f8 00 00 00 83 b8 18 01 00 00 00 74 43
0x00007ff892a3ed2d:   48 8b 4b 50 48 89 7c 24 30 49 c1 e8 09 48 8b 79 



---------------  P R O C E S S  ---------------

Threads class SMR info:
_java_thread_list=0x00000258301f2ca0, length=13, elements={
0x000002580bf9c000, 0x000002582f7b5800, 0x000002582f7c0000, 0x000002582ef02000,
0x000002582ef04000, 0x000002582ef06000, 0x000002582ef0e000, 0x000002582f9e3800,
0x000002582f9d6000, 0x000002582f9d9000, 0x00000258300d6000, 0x00000258300d7000,
0x00000258308ad000
}

Java Threads: ( => current thread )
  0x000002580bf9c000 JavaThread "main" [_thread_blocked, id=11208, stack(0x0000005d8f000000,0x0000005d8f100000)]
  0x000002582f7b5800 JavaThread "Reference Handler" daemon [_thread_blocked, id=7700, stack(0x0000005d8f700000,0x0000005d8f800000)]
  0x000002582f7c0000 JavaThread "Finalizer" daemon [_thread_blocked, id=12872, stack(0x0000005d8f800000,0x0000005d8f900000)]
  0x000002582ef02000 JavaThread "Signal Dispatcher" daemon [_thread_blocked, id=1480, stack(0x0000005d8f900000,0x0000005d8fa00000)]
  0x000002582ef04000 JavaThread "Attach Listener" daemon [_thread_blocked, id=8752, stack(0x0000005d8fa00000,0x0000005d8fb00000)]
  0x000002582ef06000 JavaThread "C1 CompilerThread0" daemon [_thread_blocked, id=12740, stack(0x0000005d8fb00000,0x0000005d8fc00000)]
  0x000002582ef0e000 JavaThread "Sweeper thread" daemon [_thread_blocked, id=12764, stack(0x0000005d8fc00000,0x0000005d8fd00000)]
  0x000002582f9e3800 JavaThread "Common-Cleaner" daemon [_thread_blocked, id=11016, stack(0x0000005d8fd00000,0x0000005d8fe00000)]
  0x000002582f9d6000 JavaThread "C1 CompilerThread1" daemon [_thread_blocked, id=9284, stack(0x0000005d8fe00000,0x0000005d8ff00000)]
  0x000002582f9d9000 JavaThread "C1 CompilerThread2" daemon [_thread_blocked, id=13812, stack(0x0000005d8ff00000,0x0000005d90000000)]
  0x00000258300d6000 JavaThread "Monitor Ctrl-Break" daemon [_thread_in_native, id=10000, stack(0x0000005d90000000,0x0000005d90100000)]
  0x00000258300d7000 JavaThread "Service Thread" daemon [_thread_blocked, id=10876, stack(0x0000005d90100000,0x0000005d90200000)]
  0x00000258308ad000 JavaThread "RMI TCP Accept-0" daemon [_thread_in_native, id=12960, stack(0x0000005d90500000,0x0000005d90600000)]

Other Threads:
  0x000002582eefd000 VMThread "VM Thread" [stack: 0x0000005d8f600000,0x0000005d8f700000] [id=10784]
  0x00000258301e8000 WatcherThread [stack: 0x0000005d90600000,0x0000005d90700000] [id=652]
  0x000002580bfb3000 GCTaskThread "GC Thread#0" [stack: 0x0000005d8f100000,0x0000005d8f200000] [id=8936]
=>0x00000258301ae800 GCTaskThread "GC Thread#1" [stack: 0x0000005d90200000,0x0000005d90300000] [id=13252]
  0x00000258301af800 GCTaskThread "GC Thread#2" [stack: 0x0000005d90300000,0x0000005d90400000] [id=5356]
  0x00000258301b4000 GCTaskThread "GC Thread#3" [stack: 0x0000005d90400000,0x0000005d90500000] [id=12624]
  0x000002580c00e000 ConcurrentGCThread "G1 Main Marker" [stack: 0x0000005d8f200000,0x0000005d8f300000] [id=12848]
  0x000002580c00f000 ConcurrentGCThread "G1 Conc#0" [stack: 0x0000005d8f300000,0x0000005d8f400000] [id=13388]
  0x000002582ede4000 ConcurrentGCThread "G1 Refine#0" [stack: 0x0000005d8f400000,0x0000005d8f500000] [id=9656]
  0x000002582ede5000 ConcurrentGCThread "G1 Young RemSet Sampling" [stack: 0x0000005d8f500000,0x0000005d8f600000] [id=14952]

Threads with active compile tasks:
C1 CompilerThread11287       1       java.util.jar.Manifest::getMainAttributes (5 bytes)

VM state:at safepoint (normal execution)

VM Mutex/Monitor currently owned by a thread:  ([mutex/lock_event])
[0x000002580bf9bc80] Threads_lock - owner thread: 0x000002582eefd000
[0x000002580bf9b0b0] Heap_lock - owner thread: 0x000002580bf9c000

Heap address: 0x0000000701a00000, size: 4070 MB, Compressed Oops mode: Zero based, Oop shift amount: 3
Narrow klass base: 0x0000000800000000, Narrow klass shift: 0
Compressed class space size: 1073741824 Address: 0x0000000800000000

Heap:
 garbage-first heap   total 262144K, used 17668K [0x0000000701a00000, 0x0000000800000000)
  region size 1024K, 12 young (12288K), 2 survivors (2048K)
 Metaspace       used 13365K, capacity 13719K, committed 13824K, reserved 1060864K
  class space    used 1395K, capacity 1509K, committed 1536K, reserved 1048576K
Heap Regions: E=young(eden), S=young(survivor), O=old, HS=humongous(starts), HC=humongous(continues), CS=collection set, F=free, A=archive, TAMS=top-at-mark-start (previous, next)
|   0|0x0000000701a00000, 0x0000000701b00000, 0x0000000701b00000|100%| O|  |TAMS 0x0000000701a00000, 0x0000000701a00000| Untracked 
|   1|0x0000000701b00000, 0x0000000701c00000, 0x0000000701c00000|100%| O|  |TAMS 0x0000000701b00000, 0x0000000701b00000| Untracked 
|   2|0x0000000701c00000, 0x0000000701d00000, 0x0000000701d00000|100%| O|  |TAMS 0x0000000701c00000, 0x0000000701c00000| Untracked 
|   3|0x0000000701d00000, 0x0000000701e00000, 0x0000000701e00000|100%| O|  |TAMS 0x0000000701d00000, 0x0000000701d00000| Untracked 
|   4|0x0000000701e00000, 0x0000000701f00000, 0x0000000701f00000|100%| O|  |TAMS 0x0000000701e00000, 0x0000000701e00000| Untracked 
|   5|0x0000000701f00000, 0x0000000702000000, 0x0000000702000000|100%| O|  |TAMS 0x0000000701f00000, 0x0000000701f00000| Untracked 
|   6|0x0000000702000000, 0x0000000702100000, 0x0000000702100000|100%| O|  |TAMS 0x0000000702000000, 0x0000000702000000| Untracked 
|   7|0x0000000702100000, 0x0000000702147e90, 0x0000000702200000| 28%| O|  |TAMS 0x0000000702100000, 0x0000000702100000| Untracked 
|   8|0x0000000702200000, 0x0000000702200000, 0x0000000702300000|  0%| F|  |TAMS 0x0000000702200000, 0x0000000702200000| Untracked 
|   9|0x0000000702300000, 0x0000000702300000, 0x0000000702400000|  0%| F|  |TAMS 0x0000000702300000, 0x0000000702300000| Untracked 
|  10|0x0000000702400000, 0x0000000702400000, 0x0000000702500000|  0%| F|  |TAMS 0x0000000702400000, 0x0000000702400000| Untracked 
|  11|0x0000000702500000, 0x0000000702500000, 0x0000000702600000|  0%| F|  |TAMS 0x0000000702500000, 0x0000000702500000| Untracked 
|  12|0x0000000702600000, 0x0000000702600000, 0x0000000702700000|  0%| F|  |TAMS 0x0000000702600000, 0x0000000702600000| Untracked 
|  13|0x0000000702700000, 0x0000000702700000, 0x0000000702800000|  0%| F|  |TAMS 0x0000000702700000, 0x0000000702700000| Untracked 
|  14|0x0000000702800000, 0x0000000702800000, 0x0000000702900000|  0%| F|  |TAMS 0x0000000702800000, 0x0000000702800000| Untracked 
|  15|0x0000000702900000, 0x0000000702900000, 0x0000000702a00000|  0%| F|  |TAMS 0x0000000702900000, 0x0000000702900000| Untracked 
|  16|0x0000000702a00000, 0x0000000702a00000, 0x0000000702b00000|  0%| F|  |TAMS 0x0000000702a00000, 0x0000000702a00000| Untracked 
|  17|0x0000000702b00000, 0x0000000702b00000, 0x0000000702c00000|  0%| F|  |TAMS 0x0000000702b00000, 0x0000000702b00000| Untracked 
|  18|0x0000000702c00000, 0x0000000702c00000, 0x0000000702d00000|  0%| F|  |TAMS 0x0000000702c00000, 0x0000000702c00000| Untracked 
|  19|0x0000000702d00000, 0x0000000702d00000, 0x0000000702e00000|  0%| F|  |TAMS 0x0000000702d00000, 0x0000000702d00000| Untracked 
|  20|0x0000000702e00000, 0x0000000702e00000, 0x0000000702f00000|  0%| F|  |TAMS 0x0000000702e00000, 0x0000000702e00000| Untracked 
|  21|0x0000000702f00000, 0x0000000702f00000, 0x0000000703000000|  0%| F|  |TAMS 0x0000000702f00000, 0x0000000702f00000| Untracked 
|  22|0x0000000703000000, 0x0000000703000000, 0x0000000703100000|  0%| F|  |TAMS 0x0000000703000000, 0x0000000703000000| Untracked 
|  23|0x0000000703100000, 0x0000000703100000, 0x0000000703200000|  0%| F|  |TAMS 0x0000000703100000, 0x0000000703100000| Untracked 
|  24|0x0000000703200000, 0x0000000703200000, 0x0000000703300000|  0%| F|  |TAMS 0x0000000703200000, 0x0000000703200000| Untracked 
|  25|0x0000000703300000, 0x0000000703300000, 0x0000000703400000|  0%| F|  |TAMS 0x0000000703300000, 0x0000000703300000| Untracked 
|  26|0x0000000703400000, 0x0000000703400000, 0x0000000703500000|  0%| F|  |TAMS 0x0000000703400000, 0x0000000703400000| Untracked 
|  27|0x0000000703500000, 0x0000000703500000, 0x0000000703600000|  0%| F|  |TAMS 0x0000000703500000, 0x0000000703500000| Untracked 
|  28|0x0000000703600000, 0x0000000703600000, 0x0000000703700000|  0%| F|  |TAMS 0x0000000703600000, 0x0000000703600000| Untracked 
|  29|0x0000000703700000, 0x0000000703700000, 0x0000000703800000|  0%| F|  |TAMS 0x0000000703700000, 0x0000000703700000| Untracked 
|  30|0x0000000703800000, 0x0000000703800000, 0x0000000703900000|  0%| F|  |TAMS 0x0000000703800000, 0x0000000703800000| Untracked 
|  31|0x0000000703900000, 0x0000000703900000, 0x0000000703a00000|  0%| F|  |TAMS 0x0000000703900000, 0x0000000703900000| Untracked 
|  32|0x0000000703a00000, 0x0000000703a00000, 0x0000000703b00000|  0%| F|  |TAMS 0x0000000703a00000, 0x0000000703a00000| Untracked 
|  33|0x0000000703b00000, 0x0000000703b00000, 0x0000000703c00000|  0%| F|  |TAMS 0x0000000703b00000, 0x0000000703b00000| Untracked 
|  34|0x0000000703c00000, 0x0000000703c00000, 0x0000000703d00000|  0%| F|  |TAMS 0x0000000703c00000, 0x0000000703c00000| Untracked 
|  35|0x0000000703d00000, 0x0000000703d00000, 0x0000000703e00000|  0%| F|  |TAMS 0x0000000703d00000, 0x0000000703d00000| Untracked 
|  36|0x0000000703e00000, 0x0000000703e00000, 0x0000000703f00000|  0%| F|  |TAMS 0x0000000703e00000, 0x0000000703e00000| Untracked 
|  37|0x0000000703f00000, 0x0000000703f00000, 0x0000000704000000|  0%| F|  |TAMS 0x0000000703f00000, 0x0000000703f00000| Untracked 
|  38|0x0000000704000000, 0x0000000704000000, 0x0000000704100000|  0%| F|  |TAMS 0x0000000704000000, 0x0000000704000000| Untracked 
|  39|0x0000000704100000, 0x0000000704100000, 0x0000000704200000|  0%| F|  |TAMS 0x0000000704100000, 0x0000000704100000| Untracked 
|  40|0x0000000704200000, 0x0000000704200000, 0x0000000704300000|  0%| F|  |TAMS 0x0000000704200000, 0x0000000704200000| Untracked 
|  41|0x0000000704300000, 0x0000000704300000, 0x0000000704400000|  0%| F|  |TAMS 0x0000000704300000, 0x0000000704300000| Untracked 
|  42|0x0000000704400000, 0x0000000704400000, 0x0000000704500000|  0%| F|  |TAMS 0x0000000704400000, 0x0000000704400000| Untracked 
|  43|0x0000000704500000, 0x0000000704500000, 0x0000000704600000|  0%| F|  |TAMS 0x0000000704500000, 0x0000000704500000| Untracked 
|  44|0x0000000704600000, 0x0000000704600000, 0x0000000704700000|  0%| F|  |TAMS 0x0000000704600000, 0x0000000704600000| Untracked 
|  45|0x0000000704700000, 0x0000000704700000, 0x0000000704800000|  0%| F|  |TAMS 0x0000000704700000, 0x0000000704700000| Untracked 
|  46|0x0000000704800000, 0x0000000704800000, 0x0000000704900000|  0%| F|  |TAMS 0x0000000704800000, 0x0000000704800000| Untracked 
|  47|0x0000000704900000, 0x0000000704900000, 0x0000000704a00000|  0%| F|  |TAMS 0x0000000704900000, 0x0000000704900000| Untracked 
|  48|0x0000000704a00000, 0x0000000704a00000, 0x0000000704b00000|  0%| F|  |TAMS 0x0000000704a00000, 0x0000000704a00000| Untracked 
|  49|0x0000000704b00000, 0x0000000704b00000, 0x0000000704c00000|  0%| F|  |TAMS 0x0000000704b00000, 0x0000000704b00000| Untracked 
|  50|0x0000000704c00000, 0x0000000704c00000, 0x0000000704d00000|  0%| F|  |TAMS 0x0000000704c00000, 0x0000000704c00000| Untracked 
|  51|0x0000000704d00000, 0x0000000704d00000, 0x0000000704e00000|  0%| F|  |TAMS 0x0000000704d00000, 0x0000000704d00000| Untracked 
|  52|0x0000000704e00000, 0x0000000704e00000, 0x0000000704f00000|  0%| F|  |TAMS 0x0000000704e00000, 0x0000000704e00000| Untracked 
|  53|0x0000000704f00000, 0x0000000704f00000, 0x0000000705000000|  0%| F|  |TAMS 0x0000000704f00000, 0x0000000704f00000| Untracked 
|  54|0x0000000705000000, 0x0000000705000000, 0x0000000705100000|  0%| F|  |TAMS 0x0000000705000000, 0x0000000705000000| Untracked 
|  55|0x0000000705100000, 0x0000000705100000, 0x0000000705200000|  0%| F|  |TAMS 0x0000000705100000, 0x0000000705100000| Untracked 
|  56|0x0000000705200000, 0x0000000705200000, 0x0000000705300000|  0%| F|  |TAMS 0x0000000705200000, 0x0000000705200000| Untracked 
|  57|0x0000000705300000, 0x0000000705300000, 0x0000000705400000|  0%| F|  |TAMS 0x0000000705300000, 0x0000000705300000| Untracked 
|  58|0x0000000705400000, 0x0000000705400000, 0x0000000705500000|  0%| F|  |TAMS 0x0000000705400000, 0x0000000705400000| Untracked 
|  59|0x0000000705500000, 0x0000000705500000, 0x0000000705600000|  0%| F|  |TAMS 0x0000000705500000, 0x0000000705500000| Untracked 
|  60|0x0000000705600000, 0x0000000705600000, 0x0000000705700000|  0%| F|  |TAMS 0x0000000705600000, 0x0000000705600000| Untracked 
|  61|0x0000000705700000, 0x0000000705700000, 0x0000000705800000|  0%| F|  |TAMS 0x0000000705700000, 0x0000000705700000| Untracked 
|  62|0x0000000705800000, 0x0000000705800000, 0x0000000705900000|  0%| F|  |TAMS 0x0000000705800000, 0x0000000705800000| Untracked 
|  63|0x0000000705900000, 0x0000000705900000, 0x0000000705a00000|  0%| F|  |TAMS 0x0000000705900000, 0x0000000705900000| Untracked 
|  64|0x0000000705a00000, 0x0000000705a00000, 0x0000000705b00000|  0%| F|  |TAMS 0x0000000705a00000, 0x0000000705a00000| Untracked 
|  65|0x0000000705b00000, 0x0000000705b00000, 0x0000000705c00000|  0%| F|  |TAMS 0x0000000705b00000, 0x0000000705b00000| Untracked 
|  66|0x0000000705c00000, 0x0000000705c00000, 0x0000000705d00000|  0%| F|  |TAMS 0x0000000705c00000, 0x0000000705c00000| Untracked 
|  67|0x0000000705d00000, 0x0000000705d00000, 0x0000000705e00000|  0%| F|  |TAMS 0x0000000705d00000, 0x0000000705d00000| Untracked 
|  68|0x0000000705e00000, 0x0000000705e00000, 0x0000000705f00000|  0%| F|  |TAMS 0x0000000705e00000, 0x0000000705e00000| Untracked 
|  69|0x0000000705f00000, 0x0000000705f00000, 0x0000000706000000|  0%| F|  |TAMS 0x0000000705f00000, 0x0000000705f00000| Untracked 
|  70|0x0000000706000000, 0x0000000706000000, 0x0000000706100000|  0%| F|  |TAMS 0x0000000706000000, 0x0000000706000000| Untracked 
|  71|0x0000000706100000, 0x0000000706100000, 0x0000000706200000|  0%| F|  |TAMS 0x0000000706100000, 0x0000000706100000| Untracked 
|  72|0x0000000706200000, 0x0000000706200000, 0x0000000706300000|  0%| F|  |TAMS 0x0000000706200000, 0x0000000706200000| Untracked 
|  73|0x0000000706300000, 0x0000000706300000, 0x0000000706400000|  0%| F|  |TAMS 0x0000000706300000, 0x0000000706300000| Untracked 
|  74|0x0000000706400000, 0x0000000706400000, 0x0000000706500000|  0%| F|  |TAMS 0x0000000706400000, 0x0000000706400000| Untracked 
|  75|0x0000000706500000, 0x0000000706500000, 0x0000000706600000|  0%| F|  |TAMS 0x0000000706500000, 0x0000000706500000| Untracked 
|  76|0x0000000706600000, 0x0000000706600000, 0x0000000706700000|  0%| F|  |TAMS 0x0000000706600000, 0x0000000706600000| Untracked 
|  77|0x0000000706700000, 0x0000000706700000, 0x0000000706800000|  0%| F|  |TAMS 0x0000000706700000, 0x0000000706700000| Untracked 
|  78|0x0000000706800000, 0x0000000706800000, 0x0000000706900000|  0%| F|  |TAMS 0x0000000706800000, 0x0000000706800000| Untracked 
|  79|0x0000000706900000, 0x0000000706900000, 0x0000000706a00000|  0%| F|  |TAMS 0x0000000706900000, 0x0000000706900000| Untracked 
|  80|0x0000000706a00000, 0x0000000706a00000, 0x0000000706b00000|  0%| F|  |TAMS 0x0000000706a00000, 0x0000000706a00000| Untracked 
|  81|0x0000000706b00000, 0x0000000706b00000, 0x0000000706c00000|  0%| F|  |TAMS 0x0000000706b00000, 0x0000000706b00000| Untracked 
|  82|0x0000000706c00000, 0x0000000706c00000, 0x0000000706d00000|  0%| F|  |TAMS 0x0000000706c00000, 0x0000000706c00000| Untracked 
|  83|0x0000000706d00000, 0x0000000706d00000, 0x0000000706e00000|  0%| F|  |TAMS 0x0000000706d00000, 0x0000000706d00000| Untracked 
|  84|0x0000000706e00000, 0x0000000706e00000, 0x0000000706f00000|  0%| F|  |TAMS 0x0000000706e00000, 0x0000000706e00000| Untracked 
|  85|0x0000000706f00000, 0x0000000706f00000, 0x0000000707000000|  0%| F|  |TAMS 0x0000000706f00000, 0x0000000706f00000| Untracked 
|  86|0x0000000707000000, 0x0000000707000000, 0x0000000707100000|  0%| F|  |TAMS 0x0000000707000000, 0x0000000707000000| Untracked 
|  87|0x0000000707100000, 0x0000000707100000, 0x0000000707200000|  0%| F|  |TAMS 0x0000000707100000, 0x0000000707100000| Untracked 
|  88|0x0000000707200000, 0x0000000707200000, 0x0000000707300000|  0%| F|  |TAMS 0x0000000707200000, 0x0000000707200000| Untracked 
|  89|0x0000000707300000, 0x0000000707300000, 0x0000000707400000|  0%| F|  |TAMS 0x0000000707300000, 0x0000000707300000| Untracked 
|  90|0x0000000707400000, 0x0000000707400000, 0x0000000707500000|  0%| F|  |TAMS 0x0000000707400000, 0x0000000707400000| Untracked 
|  91|0x0000000707500000, 0x0000000707500000, 0x0000000707600000|  0%| F|  |TAMS 0x0000000707500000, 0x0000000707500000| Untracked 
|  92|0x0000000707600000, 0x0000000707600000, 0x0000000707700000|  0%| F|  |TAMS 0x0000000707600000, 0x0000000707600000| Untracked 
|  93|0x0000000707700000, 0x0000000707700000, 0x0000000707800000|  0%| F|  |TAMS 0x0000000707700000, 0x0000000707700000| Untracked 
|  94|0x0000000707800000, 0x0000000707800000, 0x0000000707900000|  0%| F|  |TAMS 0x0000000707800000, 0x0000000707800000| Untracked 
|  95|0x0000000707900000, 0x0000000707900000, 0x0000000707a00000|  0%| F|  |TAMS 0x0000000707900000, 0x0000000707900000| Untracked 
|  96|0x0000000707a00000, 0x0000000707a00000, 0x0000000707b00000|  0%| F|  |TAMS 0x0000000707a00000, 0x0000000707a00000| Untracked 
|  97|0x0000000707b00000, 0x0000000707b00000, 0x0000000707c00000|  0%| F|  |TAMS 0x0000000707b00000, 0x0000000707b00000| Untracked 
|  98|0x0000000707c00000, 0x0000000707c00000, 0x0000000707d00000|  0%| F|  |TAMS 0x0000000707c00000, 0x0000000707c00000| Untracked 
|  99|0x0000000707d00000, 0x0000000707d00000, 0x0000000707e00000|  0%| F|  |TAMS 0x0000000707d00000, 0x0000000707d00000| Untracked 
| 100|0x0000000707e00000, 0x0000000707e00000, 0x0000000707f00000|  0%| F|  |TAMS 0x0000000707e00000, 0x0000000707e00000| Untracked 
| 101|0x0000000707f00000, 0x0000000707f00000, 0x0000000708000000|  0%| F|  |TAMS 0x0000000707f00000, 0x0000000707f00000| Untracked 
| 102|0x0000000708000000, 0x0000000708000000, 0x0000000708100000|  0%| F|  |TAMS 0x0000000708000000, 0x0000000708000000| Untracked 
| 103|0x0000000708100000, 0x0000000708100000, 0x0000000708200000|  0%| F|  |TAMS 0x0000000708100000, 0x0000000708100000| Untracked 
| 104|0x0000000708200000, 0x0000000708200000, 0x0000000708300000|  0%| F|  |TAMS 0x0000000708200000, 0x0000000708200000| Untracked 
| 105|0x0000000708300000, 0x0000000708300000, 0x0000000708400000|  0%| F|  |TAMS 0x0000000708300000, 0x0000000708300000| Untracked 
| 106|0x0000000708400000, 0x0000000708400000, 0x0000000708500000|  0%| F|  |TAMS 0x0000000708400000, 0x0000000708400000| Untracked 
| 107|0x0000000708500000, 0x0000000708500000, 0x0000000708600000|  0%| F|  |TAMS 0x0000000708500000, 0x0000000708500000| Untracked 
| 108|0x0000000708600000, 0x0000000708600000, 0x0000000708700000|  0%| F|  |TAMS 0x0000000708600000, 0x0000000708600000| Untracked 
| 109|0x0000000708700000, 0x0000000708700000, 0x0000000708800000|  0%| F|  |TAMS 0x0000000708700000, 0x0000000708700000| Untracked 
| 110|0x0000000708800000, 0x0000000708800000, 0x0000000708900000|  0%| F|  |TAMS 0x0000000708800000, 0x0000000708800000| Untracked 
| 111|0x0000000708900000, 0x0000000708900000, 0x0000000708a00000|  0%| F|  |TAMS 0x0000000708900000, 0x0000000708900000| Untracked 
| 112|0x0000000708a00000, 0x0000000708a00000, 0x0000000708b00000|  0%| F|  |TAMS 0x0000000708a00000, 0x0000000708a00000| Untracked 
| 113|0x0000000708b00000, 0x0000000708b00000, 0x0000000708c00000|  0%| F|  |TAMS 0x0000000708b00000, 0x0000000708b00000| Untracked 
| 114|0x0000000708c00000, 0x0000000708c00000, 0x0000000708d00000|  0%| F|  |TAMS 0x0000000708c00000, 0x0000000708c00000| Untracked 
| 115|0x0000000708d00000, 0x0000000708d00000, 0x0000000708e00000|  0%| F|  |TAMS 0x0000000708d00000, 0x0000000708d00000| Untracked 
| 116|0x0000000708e00000, 0x0000000708e00000, 0x0000000708f00000|  0%| F|  |TAMS 0x0000000708e00000, 0x0000000708e00000| Untracked 
| 117|0x0000000708f00000, 0x0000000708f00000, 0x0000000709000000|  0%| F|  |TAMS 0x0000000708f00000, 0x0000000708f00000| Untracked 
| 118|0x0000000709000000, 0x0000000709000000, 0x0000000709100000|  0%| F|  |TAMS 0x0000000709000000, 0x0000000709000000| Untracked 
| 119|0x0000000709100000, 0x0000000709100000, 0x0000000709200000|  0%| F|  |TAMS 0x0000000709100000, 0x0000000709100000| Untracked 
| 120|0x0000000709200000, 0x0000000709200000, 0x0000000709300000|  0%| F|  |TAMS 0x0000000709200000, 0x0000000709200000| Untracked 
| 121|0x0000000709300000, 0x0000000709300000, 0x0000000709400000|  0%| F|  |TAMS 0x0000000709300000, 0x0000000709300000| Untracked 
| 122|0x0000000709400000, 0x0000000709400000, 0x0000000709500000|  0%| F|  |TAMS 0x0000000709400000, 0x0000000709400000| Untracked 
| 123|0x0000000709500000, 0x0000000709500000, 0x0000000709600000|  0%| F|  |TAMS 0x0000000709500000, 0x0000000709500000| Untracked 
| 124|0x0000000709600000, 0x0000000709600000, 0x0000000709700000|  0%| F|  |TAMS 0x0000000709600000, 0x0000000709600000| Untracked 
| 125|0x0000000709700000, 0x0000000709700000, 0x0000000709800000|  0%| F|  |TAMS 0x0000000709700000, 0x0000000709700000| Untracked 
| 126|0x0000000709800000, 0x0000000709800000, 0x0000000709900000|  0%| F|  |TAMS 0x0000000709800000, 0x0000000709800000| Untracked 
| 127|0x0000000709900000, 0x0000000709900000, 0x0000000709a00000|  0%| F|  |TAMS 0x0000000709900000, 0x0000000709900000| Untracked 
| 128|0x0000000709a00000, 0x0000000709a00000, 0x0000000709b00000|  0%| F|  |TAMS 0x0000000709a00000, 0x0000000709a00000| Untracked 
| 129|0x0000000709b00000, 0x0000000709b00000, 0x0000000709c00000|  0%| F|  |TAMS 0x0000000709b00000, 0x0000000709b00000| Untracked 
| 130|0x0000000709c00000, 0x0000000709c00000, 0x0000000709d00000|  0%| F|  |TAMS 0x0000000709c00000, 0x0000000709c00000| Untracked 
| 131|0x0000000709d00000, 0x0000000709d00000, 0x0000000709e00000|  0%| F|  |TAMS 0x0000000709d00000, 0x0000000709d00000| Untracked 
| 132|0x0000000709e00000, 0x0000000709e00000, 0x0000000709f00000|  0%| F|  |TAMS 0x0000000709e00000, 0x0000000709e00000| Untracked 
| 133|0x0000000709f00000, 0x0000000709f00000, 0x000000070a000000|  0%| F|  |TAMS 0x0000000709f00000, 0x0000000709f00000| Untracked 
| 134|0x000000070a000000, 0x000000070a000000, 0x000000070a100000|  0%| F|  |TAMS 0x000000070a000000, 0x000000070a000000| Untracked 
| 135|0x000000070a100000, 0x000000070a100000, 0x000000070a200000|  0%| F|  |TAMS 0x000000070a100000, 0x000000070a100000| Untracked 
| 136|0x000000070a200000, 0x000000070a200000, 0x000000070a300000|  0%| F|  |TAMS 0x000000070a200000, 0x000000070a200000| Untracked 
| 137|0x000000070a300000, 0x000000070a300000, 0x000000070a400000|  0%| F|  |TAMS 0x000000070a300000, 0x000000070a300000| Untracked 
| 138|0x000000070a400000, 0x000000070a400000, 0x000000070a500000|  0%| F|  |TAMS 0x000000070a400000, 0x000000070a400000| Untracked 
| 139|0x000000070a500000, 0x000000070a500000, 0x000000070a600000|  0%| F|  |TAMS 0x000000070a500000, 0x000000070a500000| Untracked 
| 140|0x000000070a600000, 0x000000070a600000, 0x000000070a700000|  0%| F|  |TAMS 0x000000070a600000, 0x000000070a600000| Untracked 
| 141|0x000000070a700000, 0x000000070a700000, 0x000000070a800000|  0%| F|  |TAMS 0x000000070a700000, 0x000000070a700000| Untracked 
| 142|0x000000070a800000, 0x000000070a800000, 0x000000070a900000|  0%| F|  |TAMS 0x000000070a800000, 0x000000070a800000| Untracked 
| 143|0x000000070a900000, 0x000000070a900000, 0x000000070aa00000|  0%| F|  |TAMS 0x000000070a900000, 0x000000070a900000| Untracked 
| 144|0x000000070aa00000, 0x000000070aa00000, 0x000000070ab00000|  0%| F|  |TAMS 0x000000070aa00000, 0x000000070aa00000| Untracked 
| 145|0x000000070ab00000, 0x000000070ab00000, 0x000000070ac00000|  0%| F|  |TAMS 0x000000070ab00000, 0x000000070ab00000| Untracked 
| 146|0x000000070ac00000, 0x000000070ac00000, 0x000000070ad00000|  0%| F|  |TAMS 0x000000070ac00000, 0x000000070ac00000| Untracked 
| 147|0x000000070ad00000, 0x000000070ad00000, 0x000000070ae00000|  0%| F|  |TAMS 0x000000070ad00000, 0x000000070ad00000| Untracked 
| 148|0x000000070ae00000, 0x000000070ae00000, 0x000000070af00000|  0%| F|  |TAMS 0x000000070ae00000, 0x000000070ae00000| Untracked 
| 149|0x000000070af00000, 0x000000070af00000, 0x000000070b000000|  0%| F|  |TAMS 0x000000070af00000, 0x000000070af00000| Untracked 
| 150|0x000000070b000000, 0x000000070b000000, 0x000000070b100000|  0%| F|  |TAMS 0x000000070b000000, 0x000000070b000000| Untracked 
| 151|0x000000070b100000, 0x000000070b100000, 0x000000070b200000|  0%| F|  |TAMS 0x000000070b100000, 0x000000070b100000| Untracked 
| 152|0x000000070b200000, 0x000000070b200000, 0x000000070b300000|  0%| F|  |TAMS 0x000000070b200000, 0x000000070b200000| Untracked 
| 153|0x000000070b300000, 0x000000070b300000, 0x000000070b400000|  0%| F|  |TAMS 0x000000070b300000, 0x000000070b300000| Untracked 
| 154|0x000000070b400000, 0x000000070b400000, 0x000000070b500000|  0%| F|  |TAMS 0x000000070b400000, 0x000000070b400000| Untracked 
| 155|0x000000070b500000, 0x000000070b500000, 0x000000070b600000|  0%| F|  |TAMS 0x000000070b500000, 0x000000070b500000| Untracked 
| 156|0x000000070b600000, 0x000000070b600000, 0x000000070b700000|  0%| F|  |TAMS 0x000000070b600000, 0x000000070b600000| Untracked 
| 157|0x000000070b700000, 0x000000070b700000, 0x000000070b800000|  0%| F|  |TAMS 0x000000070b700000, 0x000000070b700000| Untracked 
| 158|0x000000070b800000, 0x000000070b800000, 0x000000070b900000|  0%| F|  |TAMS 0x000000070b800000, 0x000000070b800000| Untracked 
| 159|0x000000070b900000, 0x000000070b900000, 0x000000070ba00000|  0%| F|  |TAMS 0x000000070b900000, 0x000000070b900000| Untracked 
| 160|0x000000070ba00000, 0x000000070ba00000, 0x000000070bb00000|  0%| F|  |TAMS 0x000000070ba00000, 0x000000070ba00000| Untracked 
| 161|0x000000070bb00000, 0x000000070bb00000, 0x000000070bc00000|  0%| F|  |TAMS 0x000000070bb00000, 0x000000070bb00000| Untracked 
| 162|0x000000070bc00000, 0x000000070bc00000, 0x000000070bd00000|  0%| F|  |TAMS 0x000000070bc00000, 0x000000070bc00000| Untracked 
| 163|0x000000070bd00000, 0x000000070bd00000, 0x000000070be00000|  0%| F|  |TAMS 0x000000070bd00000, 0x000000070bd00000| Untracked 
| 164|0x000000070be00000, 0x000000070be00000, 0x000000070bf00000|  0%| F|  |TAMS 0x000000070be00000, 0x000000070be00000| Untracked 
| 165|0x000000070bf00000, 0x000000070bf00000, 0x000000070c000000|  0%| F|  |TAMS 0x000000070bf00000, 0x000000070bf00000| Untracked 
| 166|0x000000070c000000, 0x000000070c000000, 0x000000070c100000|  0%| F|  |TAMS 0x000000070c000000, 0x000000070c000000| Untracked 
| 167|0x000000070c100000, 0x000000070c100000, 0x000000070c200000|  0%| F|  |TAMS 0x000000070c100000, 0x000000070c100000| Untracked 
| 168|0x000000070c200000, 0x000000070c200000, 0x000000070c300000|  0%| F|  |TAMS 0x000000070c200000, 0x000000070c200000| Untracked 
| 169|0x000000070c300000, 0x000000070c300000, 0x000000070c400000|  0%| F|  |TAMS 0x000000070c300000, 0x000000070c300000| Untracked 
| 170|0x000000070c400000, 0x000000070c400000, 0x000000070c500000|  0%| F|  |TAMS 0x000000070c400000, 0x000000070c400000| Untracked 
| 171|0x000000070c500000, 0x000000070c500000, 0x000000070c600000|  0%| F|  |TAMS 0x000000070c500000, 0x000000070c500000| Untracked 
| 172|0x000000070c600000, 0x000000070c600000, 0x000000070c700000|  0%| F|  |TAMS 0x000000070c600000, 0x000000070c600000| Untracked 
| 173|0x000000070c700000, 0x000000070c700000, 0x000000070c800000|  0%| F|  |TAMS 0x000000070c700000, 0x000000070c700000| Untracked 
| 174|0x000000070c800000, 0x000000070c800000, 0x000000070c900000|  0%| F|  |TAMS 0x000000070c800000, 0x000000070c800000| Untracked 
| 175|0x000000070c900000, 0x000000070c900000, 0x000000070ca00000|  0%| F|  |TAMS 0x000000070c900000, 0x000000070c900000| Untracked 
| 176|0x000000070ca00000, 0x000000070ca00000, 0x000000070cb00000|  0%| F|  |TAMS 0x000000070ca00000, 0x000000070ca00000| Untracked 
| 177|0x000000070cb00000, 0x000000070cb00000, 0x000000070cc00000|  0%| F|  |TAMS 0x000000070cb00000, 0x000000070cb00000| Untracked 
| 178|0x000000070cc00000, 0x000000070cc00000, 0x000000070cd00000|  0%| F|  |TAMS 0x000000070cc00000, 0x000000070cc00000| Untracked 
| 179|0x000000070cd00000, 0x000000070cd00000, 0x000000070ce00000|  0%| F|  |TAMS 0x000000070cd00000, 0x000000070cd00000| Untracked 
| 180|0x000000070ce00000, 0x000000070ce00000, 0x000000070cf00000|  0%| F|  |TAMS 0x000000070ce00000, 0x000000070ce00000| Untracked 
| 181|0x000000070cf00000, 0x000000070cf00000, 0x000000070d000000|  0%| F|  |TAMS 0x000000070cf00000, 0x000000070cf00000| Untracked 
| 182|0x000000070d000000, 0x000000070d000000, 0x000000070d100000|  0%| F|  |TAMS 0x000000070d000000, 0x000000070d000000| Untracked 
| 183|0x000000070d100000, 0x000000070d100000, 0x000000070d200000|  0%| F|  |TAMS 0x000000070d100000, 0x000000070d100000| Untracked 
| 184|0x000000070d200000, 0x000000070d200000, 0x000000070d300000|  0%| F|  |TAMS 0x000000070d200000, 0x000000070d200000| Untracked 
| 185|0x000000070d300000, 0x000000070d300000, 0x000000070d400000|  0%| F|  |TAMS 0x000000070d300000, 0x000000070d300000| Untracked 
| 186|0x000000070d400000, 0x000000070d400000, 0x000000070d500000|  0%| F|  |TAMS 0x000000070d400000, 0x000000070d400000| Untracked 
| 187|0x000000070d500000, 0x000000070d500000, 0x000000070d600000|  0%| F|  |TAMS 0x000000070d500000, 0x000000070d500000| Untracked 
| 188|0x000000070d600000, 0x000000070d600000, 0x000000070d700000|  0%| F|  |TAMS 0x000000070d600000, 0x000000070d600000| Untracked 
| 189|0x000000070d700000, 0x000000070d700000, 0x000000070d800000|  0%| F|  |TAMS 0x000000070d700000, 0x000000070d700000| Untracked 
| 190|0x000000070d800000, 0x000000070d800000, 0x000000070d900000|  0%| F|  |TAMS 0x000000070d800000, 0x000000070d800000| Untracked 
| 191|0x000000070d900000, 0x000000070d900000, 0x000000070da00000|  0%| F|  |TAMS 0x000000070d900000, 0x000000070d900000| Untracked 
| 192|0x000000070da00000, 0x000000070da00000, 0x000000070db00000|  0%| F|  |TAMS 0x000000070da00000, 0x000000070da00000| Untracked 
| 193|0x000000070db00000, 0x000000070db00000, 0x000000070dc00000|  0%| F|  |TAMS 0x000000070db00000, 0x000000070db00000| Untracked 
| 194|0x000000070dc00000, 0x000000070dc00000, 0x000000070dd00000|  0%| F|  |TAMS 0x000000070dc00000, 0x000000070dc00000| Untracked 
| 195|0x000000070dd00000, 0x000000070dd00000, 0x000000070de00000|  0%| F|  |TAMS 0x000000070dd00000, 0x000000070dd00000| Untracked 
| 196|0x000000070de00000, 0x000000070de00000, 0x000000070df00000|  0%| F|  |TAMS 0x000000070de00000, 0x000000070de00000| Untracked 
| 197|0x000000070df00000, 0x000000070df00000, 0x000000070e000000|  0%| F|  |TAMS 0x000000070df00000, 0x000000070df00000| Untracked 
| 198|0x000000070e000000, 0x000000070e000000, 0x000000070e100000|  0%| F|  |TAMS 0x000000070e000000, 0x000000070e000000| Untracked 
| 199|0x000000070e100000, 0x000000070e100000, 0x000000070e200000|  0%| F|  |TAMS 0x000000070e100000, 0x000000070e100000| Untracked 
| 200|0x000000070e200000, 0x000000070e200000, 0x000000070e300000|  0%| F|  |TAMS 0x000000070e200000, 0x000000070e200000| Untracked 
| 201|0x000000070e300000, 0x000000070e300000, 0x000000070e400000|  0%| F|  |TAMS 0x000000070e300000, 0x000000070e300000| Untracked 
| 202|0x000000070e400000, 0x000000070e400000, 0x000000070e500000|  0%| F|  |TAMS 0x000000070e400000, 0x000000070e400000| Untracked 
| 203|0x000000070e500000, 0x000000070e500000, 0x000000070e600000|  0%| F|  |TAMS 0x000000070e500000, 0x000000070e500000| Untracked 
| 204|0x000000070e600000, 0x000000070e600000, 0x000000070e700000|  0%| F|  |TAMS 0x000000070e600000, 0x000000070e600000| Untracked 
| 205|0x000000070e700000, 0x000000070e700000, 0x000000070e800000|  0%| F|  |TAMS 0x000000070e700000, 0x000000070e700000| Untracked 
| 206|0x000000070e800000, 0x000000070e800000, 0x000000070e900000|  0%| F|  |TAMS 0x000000070e800000, 0x000000070e800000| Untracked 
| 207|0x000000070e900000, 0x000000070e900000, 0x000000070ea00000|  0%| F|  |TAMS 0x000000070e900000, 0x000000070e900000| Untracked 
| 208|0x000000070ea00000, 0x000000070ea00000, 0x000000070eb00000|  0%| F|  |TAMS 0x000000070ea00000, 0x000000070ea00000| Untracked 
| 209|0x000000070eb00000, 0x000000070eb00000, 0x000000070ec00000|  0%| F|  |TAMS 0x000000070eb00000, 0x000000070eb00000| Untracked 
| 210|0x000000070ec00000, 0x000000070ec00000, 0x000000070ed00000|  0%| F|  |TAMS 0x000000070ec00000, 0x000000070ec00000| Untracked 
| 211|0x000000070ed00000, 0x000000070ed00000, 0x000000070ee00000|  0%| F|  |TAMS 0x000000070ed00000, 0x000000070ed00000| Untracked 
| 212|0x000000070ee00000, 0x000000070ee00000, 0x000000070ef00000|  0%| F|  |TAMS 0x000000070ee00000, 0x000000070ee00000| Untracked 
| 213|0x000000070ef00000, 0x000000070ef00000, 0x000000070f000000|  0%| F|  |TAMS 0x000000070ef00000, 0x000000070ef00000| Untracked 
| 214|0x000000070f000000, 0x000000070f000000, 0x000000070f100000|  0%| F|  |TAMS 0x000000070f000000, 0x000000070f000000| Untracked 
| 215|0x000000070f100000, 0x000000070f100000, 0x000000070f200000|  0%| F|  |TAMS 0x000000070f100000, 0x000000070f100000| Untracked 
| 216|0x000000070f200000, 0x000000070f200000, 0x000000070f300000|  0%| F|  |TAMS 0x000000070f200000, 0x000000070f200000| Untracked 
| 217|0x000000070f300000, 0x000000070f300000, 0x000000070f400000|  0%| F|  |TAMS 0x000000070f300000, 0x000000070f300000| Untracked 
| 218|0x000000070f400000, 0x000000070f400000, 0x000000070f500000|  0%| F|  |TAMS 0x000000070f400000, 0x000000070f400000| Untracked 
| 219|0x000000070f500000, 0x000000070f500000, 0x000000070f600000|  0%| F|  |TAMS 0x000000070f500000, 0x000000070f500000| Untracked 
| 220|0x000000070f600000, 0x000000070f600000, 0x000000070f700000|  0%| F|  |TAMS 0x000000070f600000, 0x000000070f600000| Untracked 
| 221|0x000000070f700000, 0x000000070f700000, 0x000000070f800000|  0%| F|  |TAMS 0x000000070f700000, 0x000000070f700000| Untracked 
| 222|0x000000070f800000, 0x000000070f800000, 0x000000070f900000|  0%| F|  |TAMS 0x000000070f800000, 0x000000070f800000| Untracked 
| 223|0x000000070f900000, 0x000000070f900000, 0x000000070fa00000|  0%| F|  |TAMS 0x000000070f900000, 0x000000070f900000| Untracked 
| 224|0x000000070fa00000, 0x000000070fa00000, 0x000000070fb00000|  0%| F|  |TAMS 0x000000070fa00000, 0x000000070fa00000| Untracked 
| 225|0x000000070fb00000, 0x000000070fb00000, 0x000000070fc00000|  0%| F|  |TAMS 0x000000070fb00000, 0x000000070fb00000| Untracked 
| 226|0x000000070fc00000, 0x000000070fc00000, 0x000000070fd00000|  0%| F|  |TAMS 0x000000070fc00000, 0x000000070fc00000| Untracked 
| 227|0x000000070fd00000, 0x000000070fd00000, 0x000000070fe00000|  0%| F|  |TAMS 0x000000070fd00000, 0x000000070fd00000| Untracked 
| 228|0x000000070fe00000, 0x000000070fe00000, 0x000000070ff00000|  0%| F|  |TAMS 0x000000070fe00000, 0x000000070fe00000| Untracked 
| 229|0x000000070ff00000, 0x000000070ff00000, 0x0000000710000000|  0%| F|  |TAMS 0x000000070ff00000, 0x000000070ff00000| Untracked 
| 230|0x0000000710000000, 0x0000000710000000, 0x0000000710100000|  0%| F|  |TAMS 0x0000000710000000, 0x0000000710000000| Untracked 
| 231|0x0000000710100000, 0x0000000710100000, 0x0000000710200000|  0%| F|  |TAMS 0x0000000710100000, 0x0000000710100000| Untracked 
| 232|0x0000000710200000, 0x0000000710200000, 0x0000000710300000|  0%| F|  |TAMS 0x0000000710200000, 0x0000000710200000| Untracked 
| 233|0x0000000710300000, 0x0000000710300000, 0x0000000710400000|  0%| F|  |TAMS 0x0000000710300000, 0x0000000710300000| Untracked 
| 234|0x0000000710400000, 0x0000000710400000, 0x0000000710500000|  0%| F|  |TAMS 0x0000000710400000, 0x0000000710400000| Untracked 
| 235|0x0000000710500000, 0x0000000710500000, 0x0000000710600000|  0%| F|  |TAMS 0x0000000710500000, 0x0000000710500000| Untracked 
| 236|0x0000000710600000, 0x0000000710600000, 0x0000000710700000|  0%| F|  |TAMS 0x0000000710600000, 0x0000000710600000| Untracked 
| 237|0x0000000710700000, 0x0000000710700000, 0x0000000710800000|  0%| F|  |TAMS 0x0000000710700000, 0x0000000710700000| Untracked 
| 238|0x0000000710800000, 0x0000000710800000, 0x0000000710900000|  0%| F|  |TAMS 0x0000000710800000, 0x0000000710800000| Untracked 
| 239|0x0000000710900000, 0x0000000710900000, 0x0000000710a00000|  0%| F|  |TAMS 0x0000000710900000, 0x0000000710900000| Untracked 
| 240|0x0000000710a00000, 0x0000000710b00000, 0x0000000710b00000|100%| E|CS|TAMS 0x0000000710a00000, 0x0000000710a00000| Complete 
| 241|0x0000000710b00000, 0x0000000710c00000, 0x0000000710c00000|100%| E|CS|TAMS 0x0000000710b00000, 0x0000000710b00000| Complete 
| 242|0x0000000710c00000, 0x0000000710c00000, 0x0000000710d00000|  0%| F|  |TAMS 0x0000000710c00000, 0x0000000710c00000| Untracked 
| 243|0x0000000710d00000, 0x0000000710d00000, 0x0000000710e00000|  0%| F|  |TAMS 0x0000000710d00000, 0x0000000710d00000| Untracked 
| 244|0x0000000710e00000, 0x0000000710eacd00, 0x0000000710f00000| 67%| S|  |TAMS 0x0000000710e00000, 0x0000000710e00000| Complete 
| 245|0x0000000710f00000, 0x0000000711000000, 0x0000000711000000|100%| S|  |TAMS 0x0000000710f00000, 0x0000000710f00000| Complete 
| 246|0x0000000711000000, 0x00000007110ff438, 0x0000000711100000| 99%| E|CS|TAMS 0x0000000711000000, 0x0000000711000000| Complete 
| 247|0x0000000711100000, 0x0000000711200000, 0x0000000711200000|100%| E|CS|TAMS 0x0000000711100000, 0x0000000711100000| Complete 
| 248|0x0000000711200000, 0x0000000711300000, 0x0000000711300000|100%| E|CS|TAMS 0x0000000711200000, 0x0000000711200000| Complete 
| 249|0x0000000711300000, 0x0000000711400000, 0x0000000711400000|100%| E|CS|TAMS 0x0000000711300000, 0x0000000711300000| Complete 
| 250|0x0000000711400000, 0x0000000711500000, 0x0000000711500000|100%| E|CS|TAMS 0x0000000711400000, 0x0000000711400000| Complete 
| 251|0x0000000711500000, 0x0000000711600000, 0x0000000711600000|100%| E|CS|TAMS 0x0000000711500000, 0x0000000711500000| Complete 
| 252|0x0000000711600000, 0x0000000711700000, 0x0000000711700000|100%| E|CS|TAMS 0x0000000711600000, 0x0000000711600000| Complete 
| 253|0x0000000711700000, 0x0000000711800000, 0x0000000711800000|100%| E|CS|TAMS 0x0000000711700000, 0x0000000711700000| Complete 
| 254|0x0000000711800000, 0x0000000711900000, 0x0000000711900000|100%| E|CS|TAMS 0x0000000711800000, 0x0000000711800000| Complete 
| 255|0x0000000711900000, 0x0000000711a00000, 0x0000000711a00000|100%| E|CS|TAMS 0x0000000711900000, 0x0000000711900000| Complete 

Card table byte_map: [0x0000025823aa0000,0x00000258242a0000] _byte_map_base: 0x0000025820293000

Marking Bits (Prev, Next): (CMBitMap*) 0x0000025809e7e268, (CMBitMap*) 0x0000025809e7e2a0
 Prev Bits: [0x0000025824aa0000, 0x0000025828a38000)
 Next Bits: [0x0000025828a40000, 0x000002582c9d8000)

Polling page: 0x0000025809ee0000

Metaspace:

Usage:
  Non-class:     11.92 MB capacity,    11.69 MB ( 98%) used,   211.94 KB (  2%) free+waste,    28.13 KB ( <1%) overhead. 
      Class:      1.47 MB capacity,     1.36 MB ( 92%) used,   100.09 KB (  7%) free+waste,    13.56 KB ( <1%) overhead. 
       Both:     13.40 MB capacity,    13.05 MB ( 97%) used,   312.03 KB (  2%) free+waste,    41.69 KB ( <1%) overhead. 

Virtual space:
  Non-class space:       12.00 MB reserved,      12.00 MB (100%) committed 
      Class space:        1.00 GB reserved,       1.50 MB ( <1%) committed 
             Both:        1.01 GB reserved,      13.50 MB (  1%) committed 

Chunk freelists:
   Non-Class:  1.75 KB
       Class:  0 bytes
        Both:  1.75 KB

CodeHeap 'non-profiled nmethods': size=238912Kb used=1964Kb max_used=1964Kb free=236947Kb
 bounds [0x0000025814950000, 0x0000025814bc0000, 0x00000258232a0000]
CodeHeap 'non-nmethods': size=6848Kb used=2234Kb max_used=2234Kb free=4613Kb
 bounds [0x00000258142a0000, 0x0000025814510000, 0x0000025814950000]
 total_blobs=1710 nmethods=1286 adapters=334
 compilation: enabled
              stopped_count=0, restarted_count=0
 full_count=0

Compilation events (10 events):
Event: 1.048 Thread 0x000002582f9d9000 1284   !   1       java.util.jar.JarFile::isMultiRelease (33 bytes)
Event: 1.048 Thread 0x000002582ef06000 1283       1       java.util.jar.JarFile::getEntry0 (24 bytes)
Event: 1.049 Thread 0x000002582f9d9000 nmethod 1284 0x0000025814b38890 code [0x0000025814b38a40, 0x0000025814b38bd0]
Event: 1.049 Thread 0x000002582ef06000 nmethod 1283 0x0000025814b38c90 code [0x0000025814b38e60, 0x0000025814b390f0]
Event: 1.049 Thread 0x000002582f9d6000 nmethod 1282 0x0000025814b39210 code [0x0000025814b39480, 0x0000025814b39ec0]
Event: 1.049 Thread 0x000002582f9d9000 1285       1       java.util.jar.JarFile::getEntry (22 bytes)
Event: 1.050 Thread 0x000002582f9d9000 nmethod 1285 0x0000025814b3a390 code [0x0000025814b3a560, 0x0000025814b3a8d0]
Event: 1.050 Thread 0x000002582ef06000 1286       1       java.util.ArrayList::toArray (57 bytes)
Event: 1.050 Thread 0x000002582ef06000 nmethod 1286 0x0000025814b3aa90 code [0x0000025814b3ac60, 0x0000025814b3b000]
Event: 1.050 Thread 0x000002582f9d6000 1287       1       java.util.jar.Manifest::getMainAttributes (5 bytes)

GC Heap History (3 events):
Event: 0.598 GC heap before
{Heap before GC invocations=0 (full 0):
 garbage-first heap   total 262144K, used 13312K [0x0000000701a00000, 0x0000000800000000)
  region size 1024K, 14 young (14336K), 0 survivors (0K)
 Metaspace       used 9586K, capacity 9754K, committed 9856K, reserved 1058816K
  class space    used 975K, capacity 1061K, committed 1152K, reserved 1048576K
}
Event: 0.605 GC heap after
{Heap after GC invocations=1 (full 0):
 garbage-first heap   total 262144K, used 7431K [0x0000000701a00000, 0x0000000800000000)
  region size 1024K, 2 young (2048K), 2 survivors (2048K)
 Metaspace       used 9586K, capacity 9754K, committed 9856K, reserved 1058816K
  class space    used 975K, capacity 1061K, committed 1152K, reserved 1048576K
}
Event: 1.050 GC heap before
{Heap before GC invocations=1 (full 0):
 garbage-first heap   total 262144K, used 16647K [0x0000000701a00000, 0x0000000800000000)
  region size 1024K, 12 young (12288K), 2 survivors (2048K)
 Metaspace       used 13365K, capacity 13719K, committed 13824K, reserved 1060864K
  class space    used 1395K, capacity 1509K, committed 1536K, reserved 1048576K
}

Deoptimization events (0 events):
No events

Classes redefined (0 events):
No events

Internal exceptions (10 events):
Event: 0.539 Thread 0x000002580bf9c000 Exception <a 'java/lang/NoSuchMethodError'{0x0000000710dbdd38}: java.lang.invoke.DirectMethodHandle$Holder.invokeStatic(Ljava/lang/Object;Ljava/lang/Object;Ljava/lang/Object;Ljava/lang/Object;Ljava/lang/Object;Ljava/lang/Object;Ljava/lang/Object;Ljava/lan
Event: 0.542 Thread 0x000002580bf9c000 Exception <a 'java/lang/NoSuchMethodError'{0x0000000710ddea30}: java.lang.invoke.DirectMethodHandle$Holder.invokeStatic(Ljava/lang/Object;Ljava/lang/Object;Ljava/lang/Object;Ljava/lang/Object;Ljava/lang/Object;Ljava/lang/Object;Ljava/lang/Object;Ljava/lan
Event: 0.638 Thread 0x000002580bf9c000 Exception <a 'java/lang/NoSuchMethodError'{0x00000007119a58e8}: java.lang.invoke.DirectMethodHandle$Holder.invokeSpecialIFC(Ljava/lang/Object;Ljava/lang/Object;Ljava/lang/Object;)I> (0x00000007119a58e8) thrown at [t:/workspace/open/src/hotspot/share/inter
Event: 0.660 Thread 0x000002580bf9c000 Exception <a 'java/lang/NoSuchMethodError'{0x00000007118297d0}: java.lang.invoke.DirectMethodHandle$Holder.invokeStatic(Ljava/lang/Object;IIII)Ljava/lang/Object;> (0x00000007118297d0) thrown at [t:/workspace/open/src/hotspot/share/interpreter/linkResolver
Event: 0.660 Thread 0x000002580bf9c000 Exception <a 'java/lang/NoSuchMethodError'{0x000000071182c8e8}: java.lang.invoke.DirectMethodHandle$Holder.invokeStaticInit(Ljava/lang/Object;IIII)Ljava/lang/Object;> (0x000000071182c8e8) thrown at [t:/workspace/open/src/hotspot/share/interpreter/linkReso
Event: 0.866 Thread 0x000002580bf9c000 Exception <a 'java/lang/NoSuchMethodError'{0x00000007118a3380}: java.lang.invoke.DirectMethodHandle$Holder.invokeStatic(Ljava/lang/Object;Ljava/lang/Object;IIII)Ljava/lang/Object;> (0x00000007118a3380) thrown at [t:/workspace/open/src/hotspot/share/interp
Event: 0.866 Thread 0x000002580bf9c000 Exception <a 'java/lang/NoSuchMethodError'{0x00000007118a66c8}: java.lang.invoke.DirectMethodHandle$Holder.invokeStaticInit(Ljava/lang/Object;Ljava/lang/Object;IIII)Ljava/lang/Object;> (0x00000007118a66c8) thrown at [t:/workspace/open/src/hotspot/share/in
Event: 0.879 Thread 0x000002580bf9c000 Exception <a 'java/lang/ClassNotFoundException'{0x00000007118c6d10}: javax/management/remote/rmi/RMIServerImpl_Skel> (0x00000007118c6d10) thrown at [t:/workspace/open/src/hotspot/share/classfile/systemDictionary.cpp, line 231]
Event: 0.930 Thread 0x000002580bf9c000 Exception <a 'java/lang/ClassNotFoundException'{0x000000071151b5d8}: javax/smartcardio/CardPermission> (0x000000071151b5d8) thrown at [t:/workspace/open/src/hotspot/share/classfile/systemDictionary.cpp, line 231]
Event: 0.932 Thread 0x000002580bf9c000 Exception <a 'java/io/FileNotFoundException'{0x0000000711529c28}> (0x0000000711529c28) thrown at [t:/workspace/open/src/hotspot/share/prims/jni.cpp, line 615]

Events (10 events):
Event: 1.039 Executing VM operation: Deoptimize done
Event: 1.039 loading class sun/net/www/protocol/jar/URLJarFile$URLJarFileEntry
Event: 1.039 loading class sun/net/www/protocol/jar/URLJarFile$URLJarFileEntry done
Event: 1.039 loading class sun/net/www/protocol/jar/JarURLConnection$JarURLInputStream
Event: 1.039 loading class sun/net/www/protocol/jar/JarURLConnection$JarURLInputStream done
Event: 1.050 loading class org/springframework/util/ConcurrentReferenceHashMap$1
Event: 1.050 loading class org/springframework/util/ConcurrentReferenceHashMap$1 done
Event: 1.050 loading class org/springframework/util/ConcurrentReferenceHashMap$Task
Event: 1.050 loading class org/springframework/util/ConcurrentReferenceHashMap$Task done
Event: 1.050 Executing VM operation: G1CollectForAllocation


Dynamic libraries:
0x00007ff6786f0000 - 0x00007ff678737000 	C:\Program Files\Java\jdk-11.0.1\bin\java.exe
0x00007ff8c7fa0000 - 0x00007ff8c8190000 	C:\WINDOWS\SYSTEM32\ntdll.dll
0x00007ff8c6de0000 - 0x00007ff8c6e92000 	C:\WINDOWS\System32\KERNEL32.DLL
0x00007ff8c5900000 - 0x00007ff8c5ba3000 	C:\WINDOWS\System32\KERNELBASE.dll
0x00007ff8c6bf0000 - 0x00007ff8c6c93000 	C:\WINDOWS\System32\ADVAPI32.dll
0x00007ff8c79d0000 - 0x00007ff8c7a6e000 	C:\WINDOWS\System32\msvcrt.dll
0x00007ff8c7860000 - 0x00007ff8c78f7000 	C:\WINDOWS\System32\sechost.dll
0x00007ff8c6ad0000 - 0x00007ff8c6bf0000 	C:\WINDOWS\System32\RPCRT4.dll
0x00007ff8c6050000 - 0x00007ff8c61e4000 	C:\WINDOWS\System32\USER32.dll
0x00007ff8c5e30000 - 0x00007ff8c5e51000 	C:\WINDOWS\System32\win32u.dll
0x00007ff8c61f0000 - 0x00007ff8c6216000 	C:\WINDOWS\System32\GDI32.dll
0x00007ff8c5eb0000 - 0x00007ff8c6044000 	C:\WINDOWS\System32\gdi32full.dll
0x00007ff8c5860000 - 0x00007ff8c58fe000 	C:\WINDOWS\System32\msvcp_win.dll
0x00007ff8c56b0000 - 0x00007ff8c57aa000 	C:\WINDOWS\System32\ucrtbase.dll
0x00007ff8b2360000 - 0x00007ff8b25e5000 	C:\WINDOWS\WinSxS\amd64_microsoft.windows.common-controls_6595b64144ccf1df_6.0.18362.418_none_e6c6b287130d565d\COMCTL32.dll
0x00007ff8c7a70000 - 0x00007ff8c7da6000 	C:\WINDOWS\System32\combase.dll
0x00007ff8bd6c0000 - 0x00007ff8bd6ca000 	C:\WINDOWS\SYSTEM32\VERSION.dll
0x00007ff8c5bd0000 - 0x00007ff8c5c50000 	C:\WINDOWS\System32\bcryptPrimitives.dll
0x00007ff8c7660000 - 0x00007ff8c768e000 	C:\WINDOWS\System32\IMM32.DLL
0x00007ff8be290000 - 0x00007ff8be2a6000 	C:\Program Files\Java\jdk-11.0.1\bin\vcruntime140.dll
0x00007ff89cf80000 - 0x00007ff89d02a000 	C:\Program Files\Java\jdk-11.0.1\bin\msvcp140.dll
0x00007ff892750000 - 0x00007ff893292000 	C:\Program Files\Java\jdk-11.0.1\bin\server\jvm.dll
0x00007ff8c7e70000 - 0x00007ff8c7e78000 	C:\WINDOWS\System32\PSAPI.DLL
0x00007ff8aefd0000 - 0x00007ff8aefd9000 	C:\WINDOWS\SYSTEM32\WSOCK32.dll
0x00007ff8c6ca0000 - 0x00007ff8c6d0f000 	C:\WINDOWS\System32\WS2_32.dll
0x00007ff8c2de0000 - 0x00007ff8c2e04000 	C:\WINDOWS\SYSTEM32\WINMM.dll
0x00007ff8c2db0000 - 0x00007ff8c2ddd000 	C:\WINDOWS\SYSTEM32\WINMMBASE.dll
0x00007ff8c5e60000 - 0x00007ff8c5eaa000 	C:\WINDOWS\System32\cfgmgr32.dll
0x00007ff8c4ec0000 - 0x00007ff8c4ed1000 	C:\WINDOWS\System32\kernel.appcore.dll
0x00007ff8be270000 - 0x00007ff8be281000 	C:\Program Files\Java\jdk-11.0.1\bin\verify.dll
0x00007ff8ad590000 - 0x00007ff8ad784000 	C:\WINDOWS\SYSTEM32\DBGHELP.DLL
0x00007ff8acc90000 - 0x00007ff8accba000 	C:\WINDOWS\SYSTEM32\dbgcore.DLL
0x00007ff8be240000 - 0x00007ff8be269000 	C:\Program Files\Java\jdk-11.0.1\bin\java.dll
0x00007ff8c17f0000 - 0x00007ff8c181f000 	C:\Program Files\Java\jdk-11.0.1\bin\instrument.dll
0x00007ff8be220000 - 0x00007ff8be236000 	C:\Program Files\Java\jdk-11.0.1\bin\zip.dll
0x00007ff8c17a0000 - 0x00007ff8c17aa000 	C:\Program Files\Java\jdk-11.0.1\bin\jimage.dll
0x00007ff8c6220000 - 0x00007ff8c6905000 	C:\WINDOWS\System32\SHELL32.dll
0x00007ff8c6eb0000 - 0x00007ff8c6f59000 	C:\WINDOWS\System32\shcore.dll
0x00007ff8c4f30000 - 0x00007ff8c56af000 	C:\WINDOWS\System32\windows.storage.dll
0x00007ff8c4ea0000 - 0x00007ff8c4ebf000 	C:\WINDOWS\System32\profapi.dll
0x00007ff8c4ee0000 - 0x00007ff8c4f2a000 	C:\WINDOWS\System32\powrprof.dll
0x00007ff8c4e70000 - 0x00007ff8c4e80000 	C:\WINDOWS\System32\UMPDC.dll
0x00007ff8c7600000 - 0x00007ff8c7652000 	C:\WINDOWS\System32\shlwapi.dll
0x00007ff8c5bb0000 - 0x00007ff8c5bc7000 	C:\WINDOWS\System32\cryptsp.dll
0x00007ff8b65b0000 - 0x00007ff8b65c9000 	C:\Program Files\Java\jdk-11.0.1\bin\net.dll
0x00007ff8b8ac0000 - 0x00007ff8b8bb0000 	C:\WINDOWS\SYSTEM32\WINHTTP.dll
0x00007ff8c46e0000 - 0x00007ff8c4747000 	C:\WINDOWS\system32\mswsock.dll
0x00007ff8b6590000 - 0x00007ff8b65a3000 	C:\Program Files\Java\jdk-11.0.1\bin\nio.dll
0x00007ff8bfc50000 - 0x00007ff8bfc6a000 	C:\Program Files\JetBrains\IntelliJ IDEA 2019.1.1\bin\breakgen64.dll
0x00007ff8c4430000 - 0x00007ff8c44fa000 	C:\WINDOWS\SYSTEM32\DNSAPI.dll
0x00007ff8c7e60000 - 0x00007ff8c7e68000 	C:\WINDOWS\System32\NSI.dll
0x00007ff8c43f0000 - 0x00007ff8c442a000 	C:\WINDOWS\SYSTEM32\IPHLPAPI.DLL
0x00007ff8bb470000 - 0x00007ff8bb47a000 	C:\Windows\System32\rasadhlp.dll
0x00007ff8b8f20000 - 0x00007ff8b8f97000 	C:\WINDOWS\System32\fwpuclnt.dll
0x00007ff8c5c50000 - 0x00007ff8c5c76000 	C:\WINDOWS\System32\bcrypt.dll
0x00007ff8b6580000 - 0x00007ff8b6589000 	C:\Program Files\Java\jdk-11.0.1\bin\management.dll
0x00007ff8b5580000 - 0x00007ff8b558c000 	C:\Program Files\Java\jdk-11.0.1\bin\management_ext.dll
0x00007ff8c41f0000 - 0x00007ff8c4223000 	C:\WINDOWS\system32\rsaenh.dll
0x00007ff8c4d90000 - 0x00007ff8c4db5000 	C:\WINDOWS\SYSTEM32\USERENV.dll
0x00007ff8c48b0000 - 0x00007ff8c48bc000 	C:\WINDOWS\SYSTEM32\CRYPTBASE.dll
0x00007ff8b9100000 - 0x00007ff8b9116000 	C:\WINDOWS\SYSTEM32\dhcpcsvc6.DLL
0x00007ff8bb510000 - 0x00007ff8bb52c000 	C:\WINDOWS\SYSTEM32\dhcpcsvc.DLL
0x00007ff8be460000 - 0x00007ff8be476000 	C:\WINDOWS\system32\napinsp.dll
0x00007ff8aaf30000 - 0x00007ff8aaf4a000 	C:\WINDOWS\system32\pnrpnsp.dll
0x00007ff8bf4c0000 - 0x00007ff8bf4ce000 	C:\WINDOWS\System32\winrnr.dll
0x00007ff8c16d0000 - 0x00007ff8c16ec000 	C:\WINDOWS\system32\NLAapi.dll
0x00007ff8c0060000 - 0x00007ff8c0075000 	C:\WINDOWS\system32\wshbth.dll

dbghelp: loaded successfully - version: 4.0.5 - missing functions: none
symbol engine: initialized successfully - sym options: 0x614 - pdb path: .;C:\Program Files\Java\jdk-11.0.1\bin;C:\WINDOWS\SYSTEM32;C:\WINDOWS\WinSxS\amd64_microsoft.windows.common-controls_6595b64144ccf1df_6.0.18362.418_none_e6c6b287130d565d;C:\Program Files\Java\jdk-11.0.1\bin\server;C:\Program Files\JetBrains\IntelliJ IDEA 2019.1.1\bin

VM Arguments:
jvm_args: -XX:TieredStopAtLevel=1 -Xverify:none -Dspring.output.ansi.enabled=always -Dcom.sun.management.jmxremote -Dspring.jmx.enabled=true -Dspring.liveBeansView.mbeanDomain -Dspring.application.admin.enabled=true -javaagent:C:\Program Files\JetBrains\IntelliJ IDEA 2019.1.1\lib\idea_rt.jar=61761:C:\Program Files\JetBrains\IntelliJ IDEA 2019.1.1\bin -Dfile.encoding=UTF-8 
java_command: com.cxp.shop_commodity.ShopCommodityApplication
java_class_path (initial): D:\project_project_project\idea_project\shop_vue_springcloud\shop_commodity\target\classes;C:\Users\cxp14\.m2\repository\com\cxp\shop_api\0.0.1-SNAPSHOT\shop_api-0.0.1-SNAPSHOT.jar;C:\Users\cxp14\.m2\repository\org\springframework\boot\spring-boot-starter-web\2.2.0.RELEASE\spring-boot-starter-web-2.2.0.RELEASE.jar;C:\Users\cxp14\.m2\repository\org\springframework\boot\spring-boot-starter-json\2.2.0.RELEASE\spring-boot-starter-json-2.2.0.RELEASE.jar;C:\Users\cxp14\.m2\repository\com\fasterxml\jackson\core\jackson-databind\2.10.0\jackson-databind-2.10.0.jar;C:\Users\cxp14\.m2\repository\com\fasterxml\jackson\datatype\jackson-datatype-jdk8\2.10.0\jackson-datatype-jdk8-2.10.0.jar;C:\Users\cxp14\.m2\repository\com\fasterxml\jackson\datatype\jackson-datatype-jsr310\2.10.0\jackson-datatype-jsr310-2.10.0.jar;C:\Users\cxp14\.m2\repository\com\fasterxml\jackson\module\jackson-module-parameter-names\2.10.0\jackson-module-parameter-names-2.10.0.jar;C:\Users\cxp14\.m2\repository\org\springframework\boot\spring-boot-starter-tomcat\2.2.0.RELEASE\spring-boot-starter-tomcat-2.2.0.RELEASE.jar;C:\Users\cxp14\.m2\repository\org\apache\tomcat\embed\tomcat-embed-core\9.0.27\tomcat-embed-core-9.0.27.jar;C:\Users\cxp14\.m2\repository\org\apache\tomcat\embed\tomcat-embed-el\9.0.27\tomcat-embed-el-9.0.27.jar;C:\Users\cxp14\.m2\repository\org\apache\tomcat\embed\tomcat-embed-websocket\9.0.27\tomcat-embed-websocket-9.0.27.jar;C:\Users\cxp14\.m2\repository\org\springframework\boot\spring-boot-starter-validation\2.2.0.RELEASE\spring-boot-starter-validation-2.2.0.RELEASE.jar;C:\Users\cxp14\.m2\repository\jakarta\validation\jakarta.validation-api\2.0.1\jakarta.validation-api-2.0.1.jar;C:\Users\cxp14\.m2\repository\org\hibernate\validator\hibernate-validator\6.0.17.Final\hibernate-validator-6.0.17.Final.jar;C:\Users\cxp14\.m2\repository\org\jboss\logging\jboss-logging\3.4.1.Final\jboss-logging-3.4.1.Final.jar;C:\Users\cxp14\.m2\repository\com\fasterxml\classmate\1.5.0\c
Launcher Type: SUN_STANDARD

[Global flags]
     bool BytecodeVerificationLocal                = false                                     {product} {command line}
     bool BytecodeVerificationRemote               = false                                     {product} {command line}
     intx CICompilerCount                          = 3                                         {product} {ergonomic}
     uint ConcGCThreads                            = 1                                         {product} {ergonomic}
     uint G1ConcRefinementThreads                  = 4                                         {product} {ergonomic}
   size_t G1HeapRegionSize                         = 1048576                                   {product} {ergonomic}
    uintx GCDrainStackTargetSize                   = 64                                        {product} {ergonomic}
   size_t InitialHeapSize                          = 268435456                                 {product} {ergonomic}
     bool ManagementServer                         = true                                      {product} {command line}
   size_t MarkStackSize                            = 4194304                                   {product} {ergonomic}
   size_t MaxHeapSize                              = 4267704320                                {product} {ergonomic}
   size_t MaxNewSize                               = 2560622592                                {product} {ergonomic}
   size_t MinHeapDeltaBytes                        = 1048576                                   {product} {ergonomic}
    uintx NonNMethodCodeHeapSize                   = 6973028                                {pd product} {ergonomic}
    uintx NonProfiledCodeHeapSize                  = 244685212                              {pd product} {ergonomic}
    uintx ProfiledCodeHeapSize                     = 0                                      {pd product} {ergonomic}
    uintx ReservedCodeCacheSize                    = 251658240                              {pd product} {ergonomic}
     bool SegmentedCodeCache                       = true                                      {product} {ergonomic}
     intx TieredStopAtLevel                        = 1                                         {product} {command line}
     bool UseCompressedClassPointers               = true                                 {lp64_product} {ergonomic}
     bool UseCompressedOops                        = true                                 {lp64_product} {ergonomic}
     bool UseG1GC                                  = true                                      {product} {ergonomic}
     bool UseLargePagesIndividualAllocation        = false                                  {pd product} {ergonomic}

Logging:
Log output configuration:
 #0: stdout all=warning uptime,level,tags
 #1: stderr all=off uptime,level,tags

Environment Variables:
JAVA_HOME=C:\cxp_cxp_cxp\cxp_studio\Java\jdk-10.0.2
CLASSPATH=.;C:\cxp_cxp_cxp\cxp_studio\Java\jdk-10.0.2\lib;C:\cxp_cxp_cxp\cxp_studio\Java\jdk-10.0.2\lib\tools.jar;
PATH=C:\Program Files (x86)\NetSarang\Xshell 6\;C:\cxp_cxp_cxp\cxp_studio\Java\jdk-10.0.2\bin;C:\Program Files (x86)\Common Files\Intel\Shared Files\cpp\bin\Intel64;C:\Program Files (x86)\Common Files\Oracle\Java\javapath;C:\Windows\system32;C:\Windows;C:\Windows\System32\Wbem;C:\Windows\System32\WindowsPowerShell\v1.0\;C:\Users\cxp14\Anaconda3\Scripts;C:\Windows\System32\OpenSSH\;"C:\cxp_cxp_cxp\cxp_studio\Java\jdk-10.0.2\bin;C:\cxp_cxp_cxp\cxp_studio\Java\jdk-10.0.2\jre\bin;";D:\Android\Sdk;C:\cxp_cxp_cxp\cxp_studio\mysql\mysql-5.7.24-win32\bin;C:\Users\cxp14\AppData\Local\Programs\Python\Python36;C:\Users\cxp14\AppData\Local\Programs\Python\Python36\Scripts;C:\Program Files\nodejs\;C:\Users\cxp14\Documents\WeChat Files\cxpssk\FileStorage\File\2019-05;C:\cxp_cxp_cxp\cxp_studio\Redis;C:\Program Files\Git\cmd;C:\WINDOWS\system32;C:\WINDOWS;C:\WINDOWS\System32\Wbem;C:\WINDOWS\System32\WindowsPowerShell\v1.0\;C:\WINDOWS\System32\OpenSSH\;C:\cxp_cxp_cxp\cxp_studio\apache-maven-3.6.2\bin;C:\Users\cxp14\AppData\Local\Microsoft\WindowsApps;C:\Users\cxp14\AppData\Local\Programs\Microsoft VS Code\bin;C:\Users\cxp14\AppData\Roaming\npm;%CATALINA_HOME&\bin;C:\cxp_cxp_cxp\cxp_studio\apache-maven-3.6.2\bin;
USERNAME=cxp14
OS=Windows_NT
PROCESSOR_IDENTIFIER=Intel64 Family 6 Model 158 Stepping 9, GenuineIntel



---------------  S Y S T E M  ---------------

OS: Windows 10 , 64 bit Build 18362 (10.0.18362.329)

CPU:total 4 (initial active 4) (2 cores per cpu, 2 threads per core) family 6 model 158 stepping 9, cmov, cx8, fxsr, mmx, sse, sse2, sse3, ssse3, sse4.1, sse4.2, popcnt, aes, clmul, erms, 3dnowpref, lzcnt, ht, tsc, tscinvbit

Memory: 4k page, system-wide physical 16273M (7766M free)
TotalPageFile size 24465M (AvailPageFile size 9695M)
current process WorkingSet (physical memory assigned to process): 79M, peak: 79M
current process commit charge ("private bytes"): 348M, peak: 348M

vm_info: Java HotSpot(TM) 64-Bit Server VM (11.0.1+13-LTS) for windows-amd64 JRE (11.0.1+13-LTS), built on Oct  6 2018 13:20:16 by "mach5one" with MS VC++ 15.5 (VS2017)

END.
