#
# A fatal error has been detected by the Java Runtime Environment:
#
#  EXCEPTION_ACCESS_VIOLATION (0xc0000005) at pc=0x00007ffac384b2cf, pid=14544, tid=4972
#
# JRE version: Java(TM) SE Runtime Environment (11.0.1+13) (build 11.0.1+13-LTS)
# Java VM: Java HotSpot(TM) 64-Bit Server VM (11.0.1+13-LTS, mixed mode, tiered, compressed oops, g1 gc, windows-amd64)
# Problematic frame:
# V  [jvm.dll+0x37b2cf]
#
# No core dump will be written. Minidumps are not enabled by default on client versions of Windows
#
# If you would like to submit a bug report, please visit:
#   http://bugreport.java.com/bugreport/crash.jsp
#

---------------  S U M M A R Y ------------

Command Line: -XX:TieredStopAtLevel=1 -Xverify:none -Dspring.output.ansi.enabled=always -Dcom.sun.management.jmxremote -Dspring.jmx.enabled=true -Dspring.liveBeansView.mbeanDomain -Dspring.application.admin.enabled=true -javaagent:C:\Program Files\JetBrains\IntelliJ IDEA 2019.1.1\lib\idea_rt.jar=64052:C:\Program Files\JetBrains\IntelliJ IDEA 2019.1.1\bin -Dfile.encoding=UTF-8 com.cxp.shop_commodity.ShopCommodityApplication

Host: Intel(R) Pentium(R) CPU G4600 @ 3.60GHz, 4 cores, 15G,  Windows 10 , 64 bit Build 18362 (10.0.18362.329)
Time: Mon Dec 30 16:51:36 2019 ?D1¨²¡À¨º¡Á?¨º¡À?? elapsed time: 7 seconds (0d 0h 0m 7s)

---------------  T H R E A D  ---------------

Current thread (0x00000213b5749000):  JavaThread "main" [_thread_in_vm, id=4972, stack(0x00000028bbc00000,0x00000028bbd00000)]

Stack: [0x00000028bbc00000,0x00000028bbd00000],  sp=0x00000028bbcfaa00,  free space=1002k
Native frames: (J=compiled Java code, j=interpreted, Vv=VM code, C=native code)
V  [jvm.dll+0x37b2cf]
V  [jvm.dll+0x68f837]
V  [jvm.dll+0x53398a]
V  [jvm.dll+0x53570d]
V  [jvm.dll+0x535b78]
V  [jvm.dll+0x38c96a]
V  [jvm.dll+0x38c466]
C  0x00000213bda6c307

Java frames: (J=compiled Java code, j=interpreted, Vv=VM code)
j  com.fasterxml.jackson.databind.PropertyName.construct(Ljava/lang/String;)Lcom/fasterxml/jackson/databind/PropertyName;+19
j  com.fasterxml.jackson.databind.cfg.MapperConfigBase.withRootName(Ljava/lang/String;)Lcom/fasterxml/jackson/databind/cfg/MapperConfigBase;+15
j  com.fasterxml.jackson.databind.ObjectWriter.withRootName(Ljava/lang/String;)Lcom/fasterxml/jackson/databind/ObjectWriter;+7
j  com.netflix.discovery.converters.EurekaJacksonCodec.<init>(Ljava/lang/String;Ljava/lang/String;)V+288
j  com.netflix.discovery.converters.EurekaJacksonCodec.<init>()V+17
j  com.netflix.discovery.converters.EurekaJacksonCodec.<clinit>()V+26
v  ~StubRoutines::call_stub
j  com.netflix.discovery.converters.wrappers.CodecWrappers$LegacyJacksonJson.<init>()V+5
j  com.netflix.discovery.converters.wrappers.CodecWrappers.create(Ljava/lang/String;)Lcom/netflix/discovery/converters/wrappers/CodecWrapper;+56
j  com.netflix.discovery.converters.wrappers.CodecWrappers.getEncoder(Ljava/lang/String;)Lcom/netflix/discovery/converters/wrappers/EncoderWrapper;+19
j  com.netflix.discovery.converters.wrappers.CodecWrappers.getEncoder(Ljava/lang/Class;)Lcom/netflix/discovery/converters/wrappers/EncoderWrapper;+4
j  com.netflix.discovery.provider.DiscoveryJerseyProvider.<init>(Lcom/netflix/discovery/converters/wrappers/EncoderWrapper;Lcom/netflix/discovery/converters/wrappers/DecoderWrapper;)V+11
j  com.netflix.discovery.shared.transport.jersey.EurekaJerseyClientImpl$EurekaJerseyClientBuilder$MyDefaultApacheHttpClient4Config.<init>(Lcom/netflix/discovery/shared/transport/jersey/EurekaJerseyClientImpl$EurekaJerseyClientBuilder;)V+82
j  com.netflix.discovery.shared.transport.jersey.EurekaJerseyClientImpl$EurekaJerseyClientBuilder.build()Lcom/netflix/discovery/shared/transport/jersey/EurekaJerseyClient;+5
j  com.netflix.discovery.shared.transport.jersey.JerseyEurekaHttpClientFactory$JerseyEurekaHttpClientFactoryBuilder.buildLegacy(Ljava/util/Map;Z)Lcom/netflix/discovery/shared/transport/jersey/JerseyEurekaHttpClientFactory;+136
j  com.netflix.discovery.shared.transport.jersey.JerseyEurekaHttpClientFactory$JerseyEurekaHttpClientFactoryBuilder.build()Lcom/netflix/discovery/shared/transport/jersey/JerseyEurekaHttpClientFactory;+71
j  com.netflix.discovery.shared.transport.jersey.JerseyEurekaHttpClientFactory.create(Lcom/netflix/discovery/EurekaClientConfig;Ljava/util/Collection;Lcom/netflix/appinfo/InstanceInfo;Lcom/netflix/appinfo/AbstractEurekaIdentity;Ljava/util/Optional;Ljava/util/Optional;)Lcom/netflix/discovery/shared/transport/jersey/JerseyEurekaHttpClientFactory;+200
j  com.netflix.discovery.shared.transport.jersey.Jersey1TransportClientFactories.newTransportClientFactory(Lcom/netflix/discovery/EurekaClientConfig;Ljava/util/Collection;Lcom/netflix/appinfo/InstanceInfo;Ljava/util/Optional;Ljava/util/Optional;)Lcom/netflix/discovery/shared/transport/TransportClientFactory;+18
j  com.netflix.discovery.DiscoveryClient.scheduleServerEndpointTask(Lcom/netflix/discovery/DiscoveryClient$EurekaTransport;Lcom/netflix/discovery/AbstractDiscoveryClientOptionalArgs;)V+124
j  com.netflix.discovery.DiscoveryClient.<init>(Lcom/netflix/appinfo/ApplicationInfoManager;Lcom/netflix/discovery/EurekaClientConfig;Lcom/netflix/discovery/AbstractDiscoveryClientOptionalArgs;Ljavax/inject/Provider;Lcom/netflix/discovery/shared/resolver/EndpointRandomizer;)V+828
j  com.netflix.discovery.DiscoveryClient.<init>(Lcom/netflix/appinfo/ApplicationInfoManager;Lcom/netflix/discovery/EurekaClientConfig;Lcom/netflix/discovery/AbstractDiscoveryClientOptionalArgs;Lcom/netflix/discovery/shared/resolver/EndpointRandomizer;)V+14
j  com.netflix.discovery.DiscoveryClient.<init>(Lcom/netflix/appinfo/ApplicationInfoManager;Lcom/netflix/discovery/EurekaClientConfig;Lcom/netflix/discovery/AbstractDiscoveryClientOptionalArgs;)V+9
j  org.springframework.cloud.netflix.eureka.CloudEurekaClient.<init>(Lcom/netflix/appinfo/ApplicationInfoManager;Lcom/netflix/discovery/EurekaClientConfig;Lcom/netflix/discovery/AbstractDiscoveryClientOptionalArgs;Lorg/springframework/context/ApplicationEventPublisher;)V+4
j  org.springframework.cloud.netflix.eureka.EurekaClientAutoConfiguration$RefreshableEurekaClientConfiguration.eurekaClient(Lcom/netflix/appinfo/ApplicationInfoManager;Lcom/netflix/discovery/EurekaClientConfig;Lcom/netflix/appinfo/EurekaInstanceConfig;Lcom/netflix/appinfo/HealthCheckHandler;)Lcom/netflix/discovery/EurekaClient;+37
j  org.springframework.cloud.netflix.eureka.EurekaClientAutoConfiguration$RefreshableEurekaClientConfiguration$$EnhancerBySpringCGLIB$$c6c0729.CGLIB$eurekaClient$0(Lcom/netflix/appinfo/ApplicationInfoManager;Lcom/netflix/discovery/EurekaClientConfig;Lcom/netflix/appinfo/EurekaInstanceConfig;Lcom/netflix/appinfo/HealthCheckHandler;)Lcom/netflix/discovery/EurekaClient;+6
j  org.springframework.cloud.netflix.eureka.EurekaClientAutoConfiguration$RefreshableEurekaClientConfiguration$$EnhancerBySpringCGLIB$$c6c0729$$FastClassBySpringCGLIB$$2dc5ae9c.invoke(ILjava/lang/Object;[Ljava/lang/Object;)Ljava/lang/Object;+228
j  org.springframework.cglib.proxy.MethodProxy.invokeSuper(Ljava/lang/Object;[Ljava/lang/Object;)Ljava/lang/Object;+19
j  org.springframework.context.annotation.ConfigurationClassEnhancer$BeanMethodInterceptor.intercept(Ljava/lang/Object;Ljava/lang/reflect/Method;[Ljava/lang/Object;Lorg/springframework/cglib/proxy/MethodProxy;)Ljava/lang/Object;+207
j  org.springframework.cloud.netflix.eureka.EurekaClientAutoConfiguration$RefreshableEurekaClientConfiguration$$EnhancerBySpringCGLIB$$c6c0729.eurekaClient(Lcom/netflix/appinfo/ApplicationInfoManager;Lcom/netflix/discovery/EurekaClientConfig;Lcom/netflix/appinfo/EurekaInstanceConfig;Lcom/netflix/appinfo/HealthCheckHandler;)Lcom/netflix/discovery/EurekaClient;+49
v  ~StubRoutines::call_stub
J 2797  jdk.internal.reflect.NativeMethodAccessorImpl.invoke0(Ljava/lang/reflect/Method;Ljava/lang/Object;[Ljava/lang/Object;)Ljava/lang/Object; java.base@11.0.1 (0 bytes) @ 0x00000213be54814f [0x00000213be5480c0+0x000000000000008f]
J 2796 c1 jdk.internal.reflect.NativeMethodAccessorImpl.invoke(Ljava/lang/Object;[Ljava/lang/Object;)Ljava/lang/Object; java.base@11.0.1 (104 bytes) @ 0x00000213be548a3c [0x00000213be548640+0x00000000000003fc]
J 2795 c1 jdk.internal.reflect.DelegatingMethodAccessorImpl.invoke(Ljava/lang/Object;[Ljava/lang/Object;)Ljava/lang/Object; java.base@11.0.1 (10 bytes) @ 0x00000213be547d84 [0x00000213be547d40+0x0000000000000044]
J 5503 c1 org.springframework.beans.factory.support.SimpleInstantiationStrategy.instantiate(Lorg/springframework/beans/factory/support/RootBeanDefinition;Ljava/lang/String;Lorg/springframework/beans/factory/BeanFactory;Ljava/lang/Object;Ljava/lang/reflect/Method;[Ljava/lang/Object;)Ljava/lang/Object; (330 bytes) @ 0x00000213bea4e3ec [0x00000213bea4e100+0x00000000000002ec]
J 5502 c1 org.springframework.beans.factory.support.ConstructorResolver.instantiate(Ljava/lang/String;Lorg/springframework/beans/factory/support/RootBeanDefinition;Ljava/lang/Object;Ljava/lang/reflect/Method;[Ljava/lang/Object;)Ljava/lang/Object; (73 bytes) @ 0x00000213bea4d53c [0x00000213bea4d3c0+0x000000000000017c]
J 5501 c1 org.springframework.beans.factory.support.ConstructorResolver.instantiateUsingFactoryMethod(Ljava/lang/String;Lorg/springframework/beans/factory/support/RootBeanDefinition;[Ljava/lang/Object;)Lorg/springframework/beans/BeanWrapper; (1516 bytes) @ 0x00000213bea550d4 [0x00000213bea51a80+0x0000000000003654]
J 4964 c1 org.springframework.beans.factory.support.AbstractAutowireCapableBeanFactory.createBeanInstance(Ljava/lang/String;Lorg/springframework/beans/factory/support/RootBeanDefinition;[Ljava/lang/Object;)Lorg/springframework/beans/BeanWrapper; (253 bytes) @ 0x00000213be9300f4 [0x00000213be92f7a0+0x0000000000000954]
J 4963 c1 org.springframework.beans.factory.support.AbstractAutowireCapableBeanFactory.doCreateBean(Ljava/lang/String;Lorg/springframework/beans/factory/support/RootBeanDefinition;[Ljava/lang/Object;)Ljava/lang/Object; (507 bytes) @ 0x00000213be931d8c [0x00000213be931c00+0x000000000000018c]
J 4962 c1 org.springframework.beans.factory.support.AbstractAutowireCapableBeanFactory.createBean(Ljava/lang/String;Lorg/springframework/beans/factory/support/RootBeanDefinition;[Ljava/lang/Object;)Ljava/lang/Object; (247 bytes) @ 0x00000213be92d9b4 [0x00000213be92d320+0x0000000000000694]
j  org.springframework.beans.factory.support.AbstractBeanFactory.lambda$doGetBean$1(Ljava/lang/String;Lorg/springframework/beans/factory/support/RootBeanDefinition;[Ljava/lang/Object;)Ljava/lang/Object;+9
j  org.springframework.beans.factory.support.AbstractBeanFactory$$Lambda$722.getObject()Ljava/lang/Object;+16
j  org.springframework.cloud.context.scope.GenericScope$BeanLifecycleWrapper.getBean()Ljava/lang/Object;+26
j  org.springframework.cloud.context.scope.GenericScope.get(Ljava/lang/String;Lorg/springframework/beans/factory/ObjectFactory;)Ljava/lang/Object;+37
J 3355 c1 org.springframework.beans.factory.support.AbstractBeanFactory.doGetBean(Ljava/lang/String;Ljava/lang/Class;[Ljava/lang/Object;Z)Ljava/lang/Object; (833 bytes) @ 0x00000213be65108c [0x00000213be6507a0+0x00000000000008ec]
J 4680 c1 org.springframework.beans.factory.support.AbstractBeanFactory.getBean(Ljava/lang/String;)Ljava/lang/Object; (9 bytes) @ 0x00000213be8a9e0c [0x00000213be8a9dc0+0x000000000000004c]
j  org.springframework.aop.target.SimpleBeanTargetSource.getTarget()Ljava/lang/Object;+8
j  org.springframework.cloud.netflix.eureka.serviceregistry.EurekaRegistration.getTargetObject(Ljava/lang/Object;Ljava/lang/Class;)Ljava/lang/Object;+16
j  org.springframework.cloud.netflix.eureka.serviceregistry.EurekaRegistration.getEurekaClient()Lorg/springframework/cloud/netflix/eureka/CloudEurekaClient;+22
v  ~StubRoutines::call_stub
J 2797  jdk.internal.reflect.NativeMethodAccessorImpl.invoke0(Ljava/lang/reflect/Method;Ljava/lang/Object;[Ljava/lang/Object;)Ljava/lang/Object; java.base@11.0.1 (0 bytes) @ 0x00000213be54814f [0x00000213be5480c0+0x000000000000008f]
J 2796 c1 jdk.internal.reflect.NativeMethodAccessorImpl.invoke(Ljava/lang/Object;[Ljava/lang/Object;)Ljava/lang/Object; java.base@11.0.1 (104 bytes) @ 0x00000213be548a3c [0x00000213be548640+0x00000000000003fc]
J 2795 c1 jdk.internal.reflect.DelegatingMethodAccessorImpl.invoke(Ljava/lang/Object;[Ljava/lang/Object;)Ljava/lang/Object; java.base@11.0.1 (10 bytes) @ 0x00000213be547d84 [0x00000213be547d40+0x0000000000000044]
J 3051 c1 org.springframework.util.ReflectionUtils.invokeMethod(Ljava/lang/reflect/Method;Ljava/lang/Object;[Ljava/lang/Object;)Ljava/lang/Object; (22 bytes) @ 0x00000213be5bf08c [0x00000213be5befa0+0x00000000000000ec]
j  org.springframework.cloud.context.scope.GenericScope$LockedScopedProxyFactoryBean.invoke(Lorg/aopalliance/intercept/MethodInvocation;)Ljava/lang/Object;+173
j  org.springframework.aop.framework.ReflectiveMethodInvocation.proceed()Ljava/lang/Object;+120
j  org.springframework.aop.framework.CglibAopProxy$CglibMethodInvocation.proceed()Ljava/lang/Object;+1
j  org.springframework.aop.framework.CglibAopProxy$DynamicAdvisedInterceptor.intercept(Ljava/lang/Object;Ljava/lang/reflect/Method;[Ljava/lang/Object;Lorg/springframework/cglib/proxy/MethodProxy;)Ljava/lang/Object;+133
j  org.springframework.cloud.netflix.eureka.serviceregistry.EurekaRegistration$$EnhancerBySpringCGLIB$$d7163db9.getEurekaClient()Lorg/springframework/cloud/netflix/eureka/CloudEurekaClient;+31
j  org.springframework.cloud.netflix.eureka.serviceregistry.EurekaServiceRegistry.maybeInitializeClient(Lorg/springframework/cloud/netflix/eureka/serviceregistry/EurekaRegistration;)V+9
j  org.springframework.cloud.netflix.eureka.serviceregistry.EurekaServiceRegistry.register(Lorg/springframework/cloud/netflix/eureka/serviceregistry/EurekaRegistration;)V+2
j  org.springframework.cloud.netflix.eureka.serviceregistry.EurekaAutoServiceRegistration.start()V+96
j  org.springframework.context.support.DefaultLifecycleProcessor.doStart(Ljava/util/Map;Ljava/lang/String;Z)V+173
j  org.springframework.context.support.DefaultLifecycleProcessor.access$200(Lorg/springframework/context/support/DefaultLifecycleProcessor;Ljava/util/Map;Ljava/lang/String;Z)V+4
j  org.springframework.context.support.DefaultLifecycleProcessor$LifecycleGroup.start()V+114
j  org.springframework.context.support.DefaultLifecycleProcessor.startBeans(Z)V+99
j  org.springframework.context.support.DefaultLifecycleProcessor.onRefresh()V+2
j  org.springframework.context.support.AbstractApplicationContext.finishRefresh()V+12
j  org.springframework.boot.web.servlet.context.ServletWebServerApplicationContext.finishRefresh()V+1
j  org.springframework.context.support.AbstractApplicationContext.refresh()V+58
j  org.springframework.boot.web.servlet.context.ServletWebServerApplicationContext.refresh()V+1
j  org.springframework.boot.SpringApplication.refresh(Lorg/springframework/context/ApplicationContext;)V+10
j  org.springframework.boot.SpringApplication.refreshContext(Lorg/springframework/context/ConfigurableApplicationContext;)V+2
j  org.springframework.boot.SpringApplication.run([Ljava/lang/String;)Lorg/springframework/context/ConfigurableApplicationContext;+118
j  org.springframework.boot.SpringApplication.run([Ljava/lang/Class;[Ljava/lang/String;)Lorg/springframework/context/ConfigurableApplicationContext;+9
j  org.springframework.boot.SpringApplication.run(Ljava/lang/Class;[Ljava/lang/String;)Lorg/springframework/context/ConfigurableApplicationContext;+9
j  com.cxp.shop_commodity.ShopCommodityApplication.main([Ljava/lang/String;)V+3
v  ~StubRoutines::call_stub

siginfo: EXCEPTION_ACCESS_VIOLATION (0xc0000005), reading address 0x0000000000000047


Register to memory mapping:

RIP=0x00007ffac384b2cf jvm.dll
RAX=0x00000213da6b48f0 points into unknown readable memory
RBX=0x00000008002b5400 is pointing into metadata
RCX=0x00000008002b5400 is pointing into metadata
RDX=0x000000000000003f is an unknown value
RSP=0x00000028bbcfaa00 is pointing into the stack for thread: 0x00000213b5749000
RBP=0x0000000701f62c00 is an oop
jdk.internal.loader.ClassLoaders$AppClassLoader 
{0x0000000701f62c00} - klass: 'jdk/internal/loader/ClassLoaders$AppClassLoader'
RSI=0x00000008002b5400 is pointing into metadata
RDI=0x000000000000003f is an unknown value
R8 =0x00007ffac3d6c0b0 jvm.dll
R9 =0x0 is NULL
R10=0x00000213dbb86d10 is pointing into metadata
R11=0x0 is NULL
R12=0x00000008002b5400 is pointing into metadata
R13={method} {0x00000213dbb87570} 'readResolve' '()Ljava/lang/Object;' in 'com/fasterxml/jackson/databind/PropertyName'
R14={method} {0x00000213dbb87570} 'readResolve' '()Ljava/lang/Object;' in 'com/fasterxml/jackson/databind/PropertyName'
R15=0x00000028bbcfae20 is pointing into the stack for thread: 0x00000213b5749000


Registers:
RAX=0x00000213da6b48f0, RBX=0x00000008002b5400, RCX=0x00000008002b5400, RDX=0x000000000000003f
RSP=0x00000028bbcfaa00, RBP=0x0000000701f62c00, RSI=0x00000008002b5400, RDI=0x000000000000003f
R8 =0x00007ffac3d6c0b0, R9 =0x0000000000000000, R10=0x00000213dbb86d10, R11=0x0000000000000000
R12=0x00000008002b5400, R13=0x00000213dbb87568, R14=0x00000213dbb87568, R15=0x00000028bbcfae20
RIP=0x00007ffac384b2cf, EFLAGS=0x0000000000010202

Top of Stack: (sp=0x00000028bbcfaa00)
0x00000028bbcfaa00:   00000213b5749000 00000213b5749ec8
0x00000028bbcfaa10:   00000213b5749000 00007ffac3a04162
0x00000028bbcfaa20:   00000008002b5400 00007ffac3b5f837
0x00000028bbcfaa30:   0000000000000000 000000000000003f
0x00000028bbcfaa40:   00000008002b5400 00007ffac384da19
0x00000028bbcfaa50:   00000028bbcfae20 00007ffac3a0398a
0x00000028bbcfaa60:   000000000000003f 000000000000003f
0x00000028bbcfaa70:   00000213d8652fd0 00000213b5749000
0x00000028bbcfaa80:   00000008002ad101 0000000000000000
0x00000028bbcfaa90:   00000213b5749000 00000028bbcfabb0
0x00000028bbcfaaa0:   00000213b5749ec8 00007ffac37971ac
0x00000028bbcfaab0:   00000213da7765d0 00000028bbcfabb0
0x00000028bbcfaac0:   0000000000000000 00000213b5749000
0x00000028bbcfaad0:   00000213b5749ec8 00007ffac3be586e
0x00000028bbcfaae0:   00000213b57420f0 00007ffac36bd27a
0x00000028bbcfaaf0:   00000008006ecc40 00000213dbb2dc30 

Instructions: (pc=0x00007ffac384b2cf)
0x00007ffac384b2af:   57 48 83 ec 20 48 8b fa 48 8b d9 e8 11 bf 19 00
0x00007ffac384b2bf:   4c 8b 03 48 8b cb 48 8b e8 41 ff 90 90 00 00 00
0x00007ffac384b2cf:   81 7f 08 00 00 00 c0 48 8b f0 7d 07 48 8b bf f0
0x00007ffac384b2df:   00 00 00 83 7f 08 00 7e 19 48 8b cf e8 e0 be 19 



---------------  P R O C E S S  ---------------

Threads class SMR info:
_java_thread_list=0x00000213dcb48930, length=21, elements={
0x00000213b5749000, 0x00000213d8f75800, 0x00000213d8f76800, 0x00000213d8fd6800,
0x00000213d8fd8000, 0x00000213d8fd9000, 0x00000213d8ff5800, 0x00000213d8666000,
0x00000213d9185000, 0x00000213d9186000, 0x00000213d98da000, 0x00000213d98e0800,
0x00000213d9aa0000, 0x00000213da2aa800, 0x00000213da5e9800, 0x00000213dc908800,
0x00000213d919e000, 0x00000213da67f000, 0x00000213dcb71000, 0x00000213dcb54800,
0x00000213dcb55000
}

Java Threads: ( => current thread )
=>0x00000213b5749000 JavaThread "main" [_thread_in_vm, id=4972, stack(0x00000028bbc00000,0x00000028bbd00000)]
  0x00000213d8f75800 JavaThread "Reference Handler" daemon [_thread_blocked, id=16096, stack(0x00000028bc400000,0x00000028bc500000)]
  0x00000213d8f76800 JavaThread "Finalizer" daemon [_thread_blocked, id=12908, stack(0x00000028bc500000,0x00000028bc600000)]
  0x00000213d8fd6800 JavaThread "Signal Dispatcher" daemon [_thread_blocked, id=4764, stack(0x00000028bc600000,0x00000028bc700000)]
  0x00000213d8fd8000 JavaThread "Attach Listener" daemon [_thread_blocked, id=13832, stack(0x00000028bc700000,0x00000028bc800000)]
  0x00000213d8fd9000 JavaThread "C1 CompilerThread0" daemon [_thread_blocked, id=10900, stack(0x00000028bc800000,0x00000028bc900000)]
  0x00000213d8ff5800 JavaThread "Sweeper thread" daemon [_thread_blocked, id=8536, stack(0x00000028bc900000,0x00000028bca00000)]
  0x00000213d8666000 JavaThread "Common-Cleaner" daemon [_thread_blocked, id=16680, stack(0x00000028bca00000,0x00000028bcb00000)]
  0x00000213d9185000 JavaThread "C1 CompilerThread1" daemon [_thread_blocked, id=8148, stack(0x00000028bcb00000,0x00000028bcc00000)]
  0x00000213d9186000 JavaThread "C1 CompilerThread2" daemon [_thread_blocked, id=18072, stack(0x00000028bcc00000,0x00000028bcd00000)]
  0x00000213d98da000 JavaThread "Monitor Ctrl-Break" daemon [_thread_in_native, id=14908, stack(0x00000028bcd00000,0x00000028bce00000)]
  0x00000213d98e0800 JavaThread "Service Thread" daemon [_thread_blocked, id=6832, stack(0x00000028bce00000,0x00000028bcf00000)]
  0x00000213d9aa0000 JavaThread "RMI TCP Accept-0" daemon [_thread_in_native, id=17844, stack(0x00000028bd300000,0x00000028bd400000)]
  0x00000213da2aa800 JavaThread "RMI TCP Connection(1)-192.168.1.102" daemon [_thread_in_native, id=7024, stack(0x00000028bd600000,0x00000028bd700000)]
  0x00000213da5e9800 JavaThread "RMI Scheduler(0)" daemon [_thread_blocked, id=14652, stack(0x00000028bd700000,0x00000028bd800000)]
  0x00000213dc908800 JavaThread "lettuce-eventExecutorLoop-1-1" daemon [_thread_blocked, id=7060, stack(0x00000028bd500000,0x00000028bd600000)]
  0x00000213d919e000 JavaThread "mysql-cj-abandoned-connection-cleanup" daemon [_thread_blocked, id=18340, stack(0x00000028bd800000,0x00000028bd900000)]
  0x00000213da67f000 JavaThread "spring.cloud.inetutils" daemon [_thread_blocked, id=14352, stack(0x00000028bd900000,0x00000028bda00000)]
  0x00000213dcb71000 JavaThread "Catalina-utility-1" [_thread_blocked, id=8824, stack(0x00000028bda00000,0x00000028bdb00000)]
  0x00000213dcb54800 JavaThread "Catalina-utility-2" [_thread_blocked, id=12388, stack(0x00000028bdb00000,0x00000028bdc00000)]
  0x00000213dcb55000 JavaThread "container-0" [_thread_blocked, id=10956, stack(0x00000028bdc00000,0x00000028bdd00000)]

Other Threads:
  0x00000213d86ad000 VMThread "VM Thread" [stack: 0x00000028bc300000,0x00000028bc400000] [id=17272]
  0x00000213da1fd800 WatcherThread [stack: 0x00000028bd400000,0x00000028bd500000] [id=13028]
  0x00000213b5760000 GCTaskThread "GC Thread#0" [stack: 0x00000028bbe00000,0x00000028bbf00000] [id=13636]
  0x00000213d9a4b800 GCTaskThread "GC Thread#1" [stack: 0x00000028bcf00000,0x00000028bd000000] [id=9652]
  0x00000213d9a4c800 GCTaskThread "GC Thread#2" [stack: 0x00000028bd000000,0x00000028bd100000] [id=424]
  0x00000213d9a59000 GCTaskThread "GC Thread#3" [stack: 0x00000028bd100000,0x00000028bd200000] [id=6256]
  0x00000213b57bf000 ConcurrentGCThread "G1 Main Marker" [stack: 0x00000028bbf00000,0x00000028bc000000] [id=12096]
  0x00000213b57c0800 ConcurrentGCThread "G1 Conc#0" [stack: 0x00000028bc000000,0x00000028bc100000] [id=10312]
  0x00000213d8595000 ConcurrentGCThread "G1 Refine#0" [stack: 0x00000028bc100000,0x00000028bc200000] [id=9860]
  0x00000213d92bc800 ConcurrentGCThread "G1 Refine#1" [stack: 0x00000028bd200000,0x00000028bd300000] [id=13324]
  0x00000213d8596000 ConcurrentGCThread "G1 Young RemSet Sampling" [stack: 0x00000028bc200000,0x00000028bc300000] [id=10508]

Threads with active compile tasks:

VM state:not at safepoint (normal execution)

VM Mutex/Monitor currently owned by a thread: None

Heap address: 0x0000000701a00000, size: 4070 MB, Compressed Oops mode: Zero based, Oop shift amount: 3
Narrow klass base: 0x0000000800000000, Narrow klass shift: 0
Compressed class space size: 1073741824 Address: 0x0000000800000000

Heap:
 garbage-first heap   total 315392K, used 149332K [0x0000000701a00000, 0x0000000800000000)
  region size 1024K, 138 young (141312K), 15 survivors (15360K)
 Metaspace       used 57470K, capacity 59363K, committed 59472K, reserved 1101824K
  class space    used 7444K, capacity 8187K, committed 8192K, reserved 1048576K
Heap Regions: E=young(eden), S=young(survivor), O=old, HS=humongous(starts), HC=humongous(continues), CS=collection set, F=free, A=archive, TAMS=top-at-mark-start (previous, next)
|   0|0x0000000701a00000, 0x0000000701b00000, 0x0000000701b00000|100%| O|  |TAMS 0x0000000701b00000, 0x0000000701a00000| Untracked 
|   1|0x0000000701b00000, 0x0000000701c00000, 0x0000000701c00000|100%| O|  |TAMS 0x0000000701c00000, 0x0000000701b00000| Untracked 
|   2|0x0000000701c00000, 0x0000000701d00000, 0x0000000701d00000|100%| O|  |TAMS 0x0000000701d00000, 0x0000000701c00000| Untracked 
|   3|0x0000000701d00000, 0x0000000701e00000, 0x0000000701e00000|100%| O|  |TAMS 0x0000000701e00000, 0x0000000701d00000| Untracked 
|   4|0x0000000701e00000, 0x0000000701f00000, 0x0000000701f00000|100%| O|  |TAMS 0x0000000701f00000, 0x0000000701e00000| Untracked 
|   5|0x0000000701f00000, 0x0000000702000000, 0x0000000702000000|100%| O|  |TAMS 0x0000000702000000, 0x0000000701f00000| Untracked 
|   6|0x0000000702000000, 0x0000000702100000, 0x0000000702100000|100%| O|  |TAMS 0x0000000702100000, 0x0000000702000000| Untracked 
|   7|0x0000000702100000, 0x0000000702200000, 0x0000000702200000|100%| O|  |TAMS 0x0000000702200000, 0x0000000702100000| Untracked 
|   8|0x0000000702200000, 0x00000007022d5000, 0x0000000702300000| 83%| O|  |TAMS 0x00000007022d5000, 0x0000000702200000| Untracked 
|   9|0x0000000702300000, 0x0000000702300000, 0x0000000702400000|  0%| F|  |TAMS 0x0000000702300000, 0x0000000702300000| Untracked 
|  10|0x0000000702400000, 0x0000000702400000, 0x0000000702500000|  0%| F|  |TAMS 0x0000000702400000, 0x0000000702400000| Untracked 
|  11|0x0000000702500000, 0x0000000702500000, 0x0000000702600000|  0%| F|  |TAMS 0x0000000702500000, 0x0000000702500000| Untracked 
|  12|0x0000000702600000, 0x0000000702600000, 0x0000000702700000|  0%| F|  |TAMS 0x0000000702600000, 0x0000000702600000| Untracked 
|  13|0x0000000702700000, 0x0000000702700000, 0x0000000702800000|  0%| F|  |TAMS 0x0000000702700000, 0x0000000702700000| Untracked 
|  14|0x0000000702800000, 0x0000000702800000, 0x0000000702900000|  0%| F|  |TAMS 0x0000000702800000, 0x0000000702800000| Untracked 
|  15|0x0000000702900000, 0x0000000702900000, 0x0000000702a00000|  0%| F|  |TAMS 0x0000000702900000, 0x0000000702900000| Untracked 
|  16|0x0000000702a00000, 0x0000000702a00000, 0x0000000702b00000|  0%| F|  |TAMS 0x0000000702a00000, 0x0000000702a00000| Untracked 
|  17|0x0000000702b00000, 0x0000000702b00000, 0x0000000702c00000|  0%| F|  |TAMS 0x0000000702b00000, 0x0000000702b00000| Untracked 
|  18|0x0000000702c00000, 0x0000000702c00000, 0x0000000702d00000|  0%| F|  |TAMS 0x0000000702c00000, 0x0000000702c00000| Untracked 
|  19|0x0000000702d00000, 0x0000000702d00000, 0x0000000702e00000|  0%| F|  |TAMS 0x0000000702d00000, 0x0000000702d00000| Untracked 
|  20|0x0000000702e00000, 0x0000000702e00000, 0x0000000702f00000|  0%| F|  |TAMS 0x0000000702e00000, 0x0000000702e00000| Untracked 
|  21|0x0000000702f00000, 0x0000000702f00000, 0x0000000703000000|  0%| F|  |TAMS 0x0000000702f00000, 0x0000000702f00000| Untracked 
|  22|0x0000000703000000, 0x0000000703000000, 0x0000000703100000|  0%| F|  |TAMS 0x0000000703000000, 0x0000000703000000| Untracked 
|  23|0x0000000703100000, 0x0000000703100000, 0x0000000703200000|  0%| F|  |TAMS 0x0000000703100000, 0x0000000703100000| Untracked 
|  24|0x0000000703200000, 0x0000000703200000, 0x0000000703300000|  0%| F|  |TAMS 0x0000000703200000, 0x0000000703200000| Untracked 
|  25|0x0000000703300000, 0x0000000703300000, 0x0000000703400000|  0%| F|  |TAMS 0x0000000703300000, 0x0000000703300000| Untracked 
|  26|0x0000000703400000, 0x0000000703400000, 0x0000000703500000|  0%| F|  |TAMS 0x0000000703400000, 0x0000000703400000| Untracked 
|  27|0x0000000703500000, 0x0000000703500000, 0x0000000703600000|  0%| F|  |TAMS 0x0000000703500000, 0x0000000703500000| Untracked 
|  28|0x0000000703600000, 0x0000000703600000, 0x0000000703700000|  0%| F|  |TAMS 0x0000000703600000, 0x0000000703600000| Untracked 
|  29|0x0000000703700000, 0x0000000703700000, 0x0000000703800000|  0%| F|  |TAMS 0x0000000703700000, 0x0000000703700000| Untracked 
|  30|0x0000000703800000, 0x0000000703800000, 0x0000000703900000|  0%| F|  |TAMS 0x0000000703800000, 0x0000000703800000| Untracked 
|  31|0x0000000703900000, 0x0000000703900000, 0x0000000703a00000|  0%| F|  |TAMS 0x0000000703900000, 0x0000000703900000| Untracked 
|  32|0x0000000703a00000, 0x0000000703a00000, 0x0000000703b00000|  0%| F|  |TAMS 0x0000000703a00000, 0x0000000703a00000| Untracked 
|  33|0x0000000703b00000, 0x0000000703b00000, 0x0000000703c00000|  0%| F|  |TAMS 0x0000000703b00000, 0x0000000703b00000| Untracked 
|  34|0x0000000703c00000, 0x0000000703c00000, 0x0000000703d00000|  0%| F|  |TAMS 0x0000000703c00000, 0x0000000703c00000| Untracked 
|  35|0x0000000703d00000, 0x0000000703d00000, 0x0000000703e00000|  0%| F|  |TAMS 0x0000000703d00000, 0x0000000703d00000| Untracked 
|  36|0x0000000703e00000, 0x0000000703e00000, 0x0000000703f00000|  0%| F|  |TAMS 0x0000000703e00000, 0x0000000703e00000| Untracked 
|  37|0x0000000703f00000, 0x0000000703f00000, 0x0000000704000000|  0%| F|  |TAMS 0x0000000703f00000, 0x0000000703f00000| Untracked 
|  38|0x0000000704000000, 0x0000000704000000, 0x0000000704100000|  0%| F|  |TAMS 0x0000000704000000, 0x0000000704000000| Untracked 
|  39|0x0000000704100000, 0x0000000704100000, 0x0000000704200000|  0%| F|  |TAMS 0x0000000704100000, 0x0000000704100000| Untracked 
|  40|0x0000000704200000, 0x0000000704200000, 0x0000000704300000|  0%| F|  |TAMS 0x0000000704200000, 0x0000000704200000| Untracked 
|  41|0x0000000704300000, 0x0000000704300000, 0x0000000704400000|  0%| F|  |TAMS 0x0000000704300000, 0x0000000704300000| Untracked 
|  42|0x0000000704400000, 0x0000000704400000, 0x0000000704500000|  0%| F|  |TAMS 0x0000000704400000, 0x0000000704400000| Untracked 
|  43|0x0000000704500000, 0x0000000704500000, 0x0000000704600000|  0%| F|  |TAMS 0x0000000704500000, 0x0000000704500000| Untracked 
|  44|0x0000000704600000, 0x0000000704600000, 0x0000000704700000|  0%| F|  |TAMS 0x0000000704600000, 0x0000000704600000| Untracked 
|  45|0x0000000704700000, 0x0000000704700000, 0x0000000704800000|  0%| F|  |TAMS 0x0000000704700000, 0x0000000704700000| Untracked 
|  46|0x0000000704800000, 0x0000000704800000, 0x0000000704900000|  0%| F|  |TAMS 0x0000000704800000, 0x0000000704800000| Untracked 
|  47|0x0000000704900000, 0x0000000704900000, 0x0000000704a00000|  0%| F|  |TAMS 0x0000000704900000, 0x0000000704900000| Untracked 
|  48|0x0000000704a00000, 0x0000000704a00000, 0x0000000704b00000|  0%| F|  |TAMS 0x0000000704a00000, 0x0000000704a00000| Untracked 
|  49|0x0000000704b00000, 0x0000000704b00000, 0x0000000704c00000|  0%| F|  |TAMS 0x0000000704b00000, 0x0000000704b00000| Untracked 
|  50|0x0000000704c00000, 0x0000000704c00000, 0x0000000704d00000|  0%| F|  |TAMS 0x0000000704c00000, 0x0000000704c00000| Untracked 
|  51|0x0000000704d00000, 0x0000000704d00000, 0x0000000704e00000|  0%| F|  |TAMS 0x0000000704d00000, 0x0000000704d00000| Untracked 
|  52|0x0000000704e00000, 0x0000000704e00000, 0x0000000704f00000|  0%| F|  |TAMS 0x0000000704e00000, 0x0000000704e00000| Untracked 
|  53|0x0000000704f00000, 0x0000000704f00000, 0x0000000705000000|  0%| F|  |TAMS 0x0000000704f00000, 0x0000000704f00000| Untracked 
|  54|0x0000000705000000, 0x0000000705000000, 0x0000000705100000|  0%| F|  |TAMS 0x0000000705000000, 0x0000000705000000| Untracked 
|  55|0x0000000705100000, 0x0000000705100000, 0x0000000705200000|  0%| F|  |TAMS 0x0000000705100000, 0x0000000705100000| Untracked 
|  56|0x0000000705200000, 0x0000000705200000, 0x0000000705300000|  0%| F|  |TAMS 0x0000000705200000, 0x0000000705200000| Untracked 
|  57|0x0000000705300000, 0x0000000705300000, 0x0000000705400000|  0%| F|  |TAMS 0x0000000705300000, 0x0000000705300000| Untracked 
|  58|0x0000000705400000, 0x0000000705400000, 0x0000000705500000|  0%| F|  |TAMS 0x0000000705400000, 0x0000000705400000| Untracked 
|  59|0x0000000705500000, 0x0000000705500000, 0x0000000705600000|  0%| F|  |TAMS 0x0000000705500000, 0x0000000705500000| Untracked 
|  60|0x0000000705600000, 0x0000000705600000, 0x0000000705700000|  0%| F|  |TAMS 0x0000000705600000, 0x0000000705600000| Untracked 
|  61|0x0000000705700000, 0x0000000705700000, 0x0000000705800000|  0%| F|  |TAMS 0x0000000705700000, 0x0000000705700000| Untracked 
|  62|0x0000000705800000, 0x0000000705800000, 0x0000000705900000|  0%| F|  |TAMS 0x0000000705800000, 0x0000000705800000| Untracked 
|  63|0x0000000705900000, 0x0000000705900000, 0x0000000705a00000|  0%| F|  |TAMS 0x0000000705900000, 0x0000000705900000| Untracked 
|  64|0x0000000705a00000, 0x0000000705a00000, 0x0000000705b00000|  0%| F|  |TAMS 0x0000000705a00000, 0x0000000705a00000| Untracked 
|  65|0x0000000705b00000, 0x0000000705b00000, 0x0000000705c00000|  0%| F|  |TAMS 0x0000000705b00000, 0x0000000705b00000| Untracked 
|  66|0x0000000705c00000, 0x0000000705c00000, 0x0000000705d00000|  0%| F|  |TAMS 0x0000000705c00000, 0x0000000705c00000| Untracked 
|  67|0x0000000705d00000, 0x0000000705d00000, 0x0000000705e00000|  0%| F|  |TAMS 0x0000000705d00000, 0x0000000705d00000| Untracked 
|  68|0x0000000705e00000, 0x0000000705e00000, 0x0000000705f00000|  0%| F|  |TAMS 0x0000000705e00000, 0x0000000705e00000| Untracked 
|  69|0x0000000705f00000, 0x0000000705f00000, 0x0000000706000000|  0%| F|  |TAMS 0x0000000705f00000, 0x0000000705f00000| Untracked 
|  70|0x0000000706000000, 0x0000000706000000, 0x0000000706100000|  0%| F|  |TAMS 0x0000000706000000, 0x0000000706000000| Untracked 
|  71|0x0000000706100000, 0x0000000706100000, 0x0000000706200000|  0%| F|  |TAMS 0x0000000706100000, 0x0000000706100000| Untracked 
|  72|0x0000000706200000, 0x0000000706200000, 0x0000000706300000|  0%| F|  |TAMS 0x0000000706200000, 0x0000000706200000| Untracked 
|  73|0x0000000706300000, 0x0000000706300000, 0x0000000706400000|  0%| F|  |TAMS 0x0000000706300000, 0x0000000706300000| Untracked 
|  74|0x0000000706400000, 0x0000000706400000, 0x0000000706500000|  0%| F|  |TAMS 0x0000000706400000, 0x0000000706400000| Untracked 
|  75|0x0000000706500000, 0x0000000706500000, 0x0000000706600000|  0%| F|  |TAMS 0x0000000706500000, 0x0000000706500000| Untracked 
|  76|0x0000000706600000, 0x0000000706600000, 0x0000000706700000|  0%| F|  |TAMS 0x0000000706600000, 0x0000000706600000| Untracked 
|  77|0x0000000706700000, 0x0000000706700000, 0x0000000706800000|  0%| F|  |TAMS 0x0000000706700000, 0x0000000706700000| Untracked 
|  78|0x0000000706800000, 0x0000000706800000, 0x0000000706900000|  0%| F|  |TAMS 0x0000000706800000, 0x0000000706800000| Untracked 
|  79|0x0000000706900000, 0x0000000706900000, 0x0000000706a00000|  0%| F|  |TAMS 0x0000000706900000, 0x0000000706900000| Untracked 
|  80|0x0000000706a00000, 0x0000000706a00000, 0x0000000706b00000|  0%| F|  |TAMS 0x0000000706a00000, 0x0000000706a00000| Untracked 
|  81|0x0000000706b00000, 0x0000000706b00000, 0x0000000706c00000|  0%| F|  |TAMS 0x0000000706b00000, 0x0000000706b00000| Untracked 
|  82|0x0000000706c00000, 0x0000000706c00000, 0x0000000706d00000|  0%| F|  |TAMS 0x0000000706c00000, 0x0000000706c00000| Untracked 
|  83|0x0000000706d00000, 0x0000000706d00000, 0x0000000706e00000|  0%| F|  |TAMS 0x0000000706d00000, 0x0000000706d00000| Untracked 
|  84|0x0000000706e00000, 0x0000000706e00000, 0x0000000706f00000|  0%| F|  |TAMS 0x0000000706e00000, 0x0000000706e00000| Untracked 
|  85|0x0000000706f00000, 0x0000000706f00000, 0x0000000707000000|  0%| F|  |TAMS 0x0000000706f00000, 0x0000000706f00000| Untracked 
|  86|0x0000000707000000, 0x0000000707000000, 0x0000000707100000|  0%| F|  |TAMS 0x0000000707000000, 0x0000000707000000| Untracked 
|  87|0x0000000707100000, 0x0000000707100000, 0x0000000707200000|  0%| F|  |TAMS 0x0000000707100000, 0x0000000707100000| Untracked 
|  88|0x0000000707200000, 0x0000000707200000, 0x0000000707300000|  0%| F|  |TAMS 0x0000000707200000, 0x0000000707200000| Untracked 
|  89|0x0000000707300000, 0x0000000707300000, 0x0000000707400000|  0%| F|  |TAMS 0x0000000707300000, 0x0000000707300000| Untracked 
|  90|0x0000000707400000, 0x0000000707400000, 0x0000000707500000|  0%| F|  |TAMS 0x0000000707400000, 0x0000000707400000| Untracked 
|  91|0x0000000707500000, 0x0000000707500000, 0x0000000707600000|  0%| F|  |TAMS 0x0000000707500000, 0x0000000707500000| Untracked 
|  92|0x0000000707600000, 0x0000000707600000, 0x0000000707700000|  0%| F|  |TAMS 0x0000000707600000, 0x0000000707600000| Untracked 
|  93|0x0000000707700000, 0x0000000707700000, 0x0000000707800000|  0%| F|  |TAMS 0x0000000707700000, 0x0000000707700000| Untracked 
|  94|0x0000000707800000, 0x0000000707800000, 0x0000000707900000|  0%| F|  |TAMS 0x0000000707800000, 0x0000000707800000| Untracked 
|  95|0x0000000707900000, 0x0000000707900000, 0x0000000707a00000|  0%| F|  |TAMS 0x0000000707900000, 0x0000000707900000| Untracked 
|  96|0x0000000707a00000, 0x0000000707a00000, 0x0000000707b00000|  0%| F|  |TAMS 0x0000000707a00000, 0x0000000707a00000| Untracked 
|  97|0x0000000707b00000, 0x0000000707c00000, 0x0000000707c00000|100%| S|CS|TAMS 0x0000000707b00000, 0x0000000707b00000| Complete 
|  98|0x0000000707c00000, 0x0000000707d00000, 0x0000000707d00000|100%| S|CS|TAMS 0x0000000707c00000, 0x0000000707c00000| Complete 
|  99|0x0000000707d00000, 0x0000000707e00000, 0x0000000707e00000|100%| S|CS|TAMS 0x0000000707d00000, 0x0000000707d00000| Complete 
| 100|0x0000000707e00000, 0x0000000707f00000, 0x0000000707f00000|100%| S|CS|TAMS 0x0000000707e00000, 0x0000000707e00000| Complete 
| 101|0x0000000707f00000, 0x0000000708000000, 0x0000000708000000|100%| S|CS|TAMS 0x0000000707f00000, 0x0000000707f00000| Complete 
| 102|0x0000000708000000, 0x0000000708100000, 0x0000000708100000|100%| S|CS|TAMS 0x0000000708000000, 0x0000000708000000| Complete 
| 103|0x0000000708100000, 0x0000000708200000, 0x0000000708200000|100%| S|CS|TAMS 0x0000000708100000, 0x0000000708100000| Complete 
| 104|0x0000000708200000, 0x0000000708300000, 0x0000000708300000|100%| S|CS|TAMS 0x0000000708200000, 0x0000000708200000| Complete 
| 105|0x0000000708300000, 0x0000000708400000, 0x0000000708400000|100%| S|CS|TAMS 0x0000000708300000, 0x0000000708300000| Complete 
| 106|0x0000000708400000, 0x0000000708500000, 0x0000000708500000|100%| S|CS|TAMS 0x0000000708400000, 0x0000000708400000| Complete 
| 107|0x0000000708500000, 0x0000000708600000, 0x0000000708600000|100%| S|CS|TAMS 0x0000000708500000, 0x0000000708500000| Complete 
| 108|0x0000000708600000, 0x0000000708700000, 0x0000000708700000|100%| S|CS|TAMS 0x0000000708600000, 0x0000000708600000| Complete 
| 109|0x0000000708700000, 0x0000000708800000, 0x0000000708800000|100%| S|CS|TAMS 0x0000000708700000, 0x0000000708700000| Complete 
| 110|0x0000000708800000, 0x0000000708900000, 0x0000000708900000|100%| S|CS|TAMS 0x0000000708800000, 0x0000000708800000| Complete 
| 111|0x0000000708900000, 0x0000000708a00000, 0x0000000708a00000|100%| S|CS|TAMS 0x0000000708900000, 0x0000000708900000| Complete 
| 112|0x0000000708a00000, 0x0000000708a00000, 0x0000000708b00000|  0%| F|  |TAMS 0x0000000708a00000, 0x0000000708a00000| Untracked 
| 113|0x0000000708b00000, 0x0000000708b00000, 0x0000000708c00000|  0%| F|  |TAMS 0x0000000708b00000, 0x0000000708b00000| Untracked 
| 114|0x0000000708c00000, 0x0000000708c00000, 0x0000000708d00000|  0%| F|  |TAMS 0x0000000708c00000, 0x0000000708c00000| Untracked 
| 115|0x0000000708d00000, 0x0000000708d00000, 0x0000000708e00000|  0%| F|  |TAMS 0x0000000708d00000, 0x0000000708d00000| Untracked 
| 116|0x0000000708e00000, 0x0000000708e00000, 0x0000000708f00000|  0%| F|  |TAMS 0x0000000708e00000, 0x0000000708e00000| Untracked 
| 117|0x0000000708f00000, 0x0000000708f00000, 0x0000000709000000|  0%| F|  |TAMS 0x0000000708f00000, 0x0000000708f00000| Untracked 
| 118|0x0000000709000000, 0x0000000709000000, 0x0000000709100000|  0%| F|  |TAMS 0x0000000709000000, 0x0000000709000000| Untracked 
| 119|0x0000000709100000, 0x0000000709100000, 0x0000000709200000|  0%| F|  |TAMS 0x0000000709100000, 0x0000000709100000| Untracked 
| 120|0x0000000709200000, 0x0000000709200000, 0x0000000709300000|  0%| F|  |TAMS 0x0000000709200000, 0x0000000709200000| Untracked 
| 121|0x0000000709300000, 0x0000000709300000, 0x0000000709400000|  0%| F|  |TAMS 0x0000000709300000, 0x0000000709300000| Untracked 
| 122|0x0000000709400000, 0x0000000709400000, 0x0000000709500000|  0%| F|  |TAMS 0x0000000709400000, 0x0000000709400000| Untracked 
| 123|0x0000000709500000, 0x0000000709500000, 0x0000000709600000|  0%| F|  |TAMS 0x0000000709500000, 0x0000000709500000| Untracked 
| 124|0x0000000709600000, 0x0000000709600000, 0x0000000709700000|  0%| F|  |TAMS 0x0000000709600000, 0x0000000709600000| Untracked 
| 125|0x0000000709700000, 0x0000000709700000, 0x0000000709800000|  0%| F|  |TAMS 0x0000000709700000, 0x0000000709700000| Untracked 
| 126|0x0000000709800000, 0x0000000709800000, 0x0000000709900000|  0%| F|  |TAMS 0x0000000709800000, 0x0000000709800000| Untracked 
| 127|0x0000000709900000, 0x0000000709900000, 0x0000000709a00000|  0%| F|  |TAMS 0x0000000709900000, 0x0000000709900000| Untracked 
| 128|0x0000000709a00000, 0x0000000709a00000, 0x0000000709b00000|  0%| F|  |TAMS 0x0000000709a00000, 0x0000000709a00000| Untracked 
| 129|0x0000000709b00000, 0x0000000709b00000, 0x0000000709c00000|  0%| F|  |TAMS 0x0000000709b00000, 0x0000000709b00000| Untracked 
| 130|0x0000000709c00000, 0x0000000709c00000, 0x0000000709d00000|  0%| F|  |TAMS 0x0000000709c00000, 0x0000000709c00000| Untracked 
| 131|0x0000000709d00000, 0x0000000709d00000, 0x0000000709e00000|  0%| F|  |TAMS 0x0000000709d00000, 0x0000000709d00000| Untracked 
| 132|0x0000000709e00000, 0x0000000709e00000, 0x0000000709f00000|  0%| F|  |TAMS 0x0000000709e00000, 0x0000000709e00000| Untracked 
| 133|0x0000000709f00000, 0x0000000709f00000, 0x000000070a000000|  0%| F|  |TAMS 0x0000000709f00000, 0x0000000709f00000| Untracked 
| 134|0x000000070a000000, 0x000000070a000000, 0x000000070a100000|  0%| F|  |TAMS 0x000000070a000000, 0x000000070a000000| Untracked 
| 135|0x000000070a100000, 0x000000070a100000, 0x000000070a200000|  0%| F|  |TAMS 0x000000070a100000, 0x000000070a100000| Untracked 
| 136|0x000000070a200000, 0x000000070a200000, 0x000000070a300000|  0%| F|  |TAMS 0x000000070a200000, 0x000000070a200000| Untracked 
| 137|0x000000070a300000, 0x000000070a300000, 0x000000070a400000|  0%| F|  |TAMS 0x000000070a300000, 0x000000070a300000| Untracked 
| 138|0x000000070a400000, 0x000000070a400000, 0x000000070a500000|  0%| F|  |TAMS 0x000000070a400000, 0x000000070a400000| Untracked 
| 139|0x000000070a500000, 0x000000070a500000, 0x000000070a600000|  0%| F|  |TAMS 0x000000070a500000, 0x000000070a500000| Untracked 
| 140|0x000000070a600000, 0x000000070a600000, 0x000000070a700000|  0%| F|  |TAMS 0x000000070a600000, 0x000000070a600000| Untracked 
| 141|0x000000070a700000, 0x000000070a700000, 0x000000070a800000|  0%| F|  |TAMS 0x000000070a700000, 0x000000070a700000| Untracked 
| 142|0x000000070a800000, 0x000000070a800000, 0x000000070a900000|  0%| F|  |TAMS 0x000000070a800000, 0x000000070a800000| Untracked 
| 143|0x000000070a900000, 0x000000070a900000, 0x000000070aa00000|  0%| F|  |TAMS 0x000000070a900000, 0x000000070a900000| Untracked 
| 144|0x000000070aa00000, 0x000000070aa00000, 0x000000070ab00000|  0%| F|  |TAMS 0x000000070aa00000, 0x000000070aa00000| Untracked 
| 145|0x000000070ab00000, 0x000000070ab00000, 0x000000070ac00000|  0%| F|  |TAMS 0x000000070ab00000, 0x000000070ab00000| Untracked 
| 146|0x000000070ac00000, 0x000000070ac00000, 0x000000070ad00000|  0%| F|  |TAMS 0x000000070ac00000, 0x000000070ac00000| Untracked 
| 147|0x000000070ad00000, 0x000000070ad00000, 0x000000070ae00000|  0%| F|  |TAMS 0x000000070ad00000, 0x000000070ad00000| Untracked 
| 148|0x000000070ae00000, 0x000000070ae00000, 0x000000070af00000|  0%| F|  |TAMS 0x000000070ae00000, 0x000000070ae00000| Untracked 
| 149|0x000000070af00000, 0x000000070af00000, 0x000000070b000000|  0%| F|  |TAMS 0x000000070af00000, 0x000000070af00000| Untracked 
| 150|0x000000070b000000, 0x000000070b000000, 0x000000070b100000|  0%| F|  |TAMS 0x000000070b000000, 0x000000070b000000| Untracked 
| 151|0x000000070b100000, 0x000000070b100000, 0x000000070b200000|  0%| F|  |TAMS 0x000000070b100000, 0x000000070b100000| Untracked 
| 152|0x000000070b200000, 0x000000070b200000, 0x000000070b300000|  0%| F|  |TAMS 0x000000070b200000, 0x000000070b200000| Untracked 
| 153|0x000000070b300000, 0x000000070b300000, 0x000000070b400000|  0%| F|  |TAMS 0x000000070b300000, 0x000000070b300000| Untracked 
| 154|0x000000070b400000, 0x000000070b400000, 0x000000070b500000|  0%| F|  |TAMS 0x000000070b400000, 0x000000070b400000| Untracked 
| 155|0x000000070b500000, 0x000000070b500000, 0x000000070b600000|  0%| F|  |TAMS 0x000000070b500000, 0x000000070b500000| Untracked 
| 156|0x000000070b600000, 0x000000070b600000, 0x000000070b700000|  0%| F|  |TAMS 0x000000070b600000, 0x000000070b600000| Untracked 
| 157|0x000000070b700000, 0x000000070b700000, 0x000000070b800000|  0%| F|  |TAMS 0x000000070b700000, 0x000000070b700000| Untracked 
| 158|0x000000070b800000, 0x000000070b800000, 0x000000070b900000|  0%| F|  |TAMS 0x000000070b800000, 0x000000070b800000| Untracked 
| 159|0x000000070b900000, 0x000000070b900000, 0x000000070ba00000|  0%| F|  |TAMS 0x000000070b900000, 0x000000070b900000| Untracked 
| 160|0x000000070ba00000, 0x000000070ba00000, 0x000000070bb00000|  0%| F|  |TAMS 0x000000070ba00000, 0x000000070ba00000| Untracked 
| 161|0x000000070bb00000, 0x000000070bb00000, 0x000000070bc00000|  0%| F|  |TAMS 0x000000070bb00000, 0x000000070bb00000| Untracked 
| 162|0x000000070bc00000, 0x000000070bc00000, 0x000000070bd00000|  0%| F|  |TAMS 0x000000070bc00000, 0x000000070bc00000| Untracked 
| 163|0x000000070bd00000, 0x000000070bd00000, 0x000000070be00000|  0%| F|  |TAMS 0x000000070bd00000, 0x000000070bd00000| Untracked 
| 164|0x000000070be00000, 0x000000070be00000, 0x000000070bf00000|  0%| F|  |TAMS 0x000000070be00000, 0x000000070be00000| Untracked 
| 165|0x000000070bf00000, 0x000000070bf00000, 0x000000070c000000|  0%| F|  |TAMS 0x000000070bf00000, 0x000000070bf00000| Untracked 
| 166|0x000000070c000000, 0x000000070c000000, 0x000000070c100000|  0%| F|  |TAMS 0x000000070c000000, 0x000000070c000000| Untracked 
| 167|0x000000070c100000, 0x000000070c100000, 0x000000070c200000|  0%| F|  |TAMS 0x000000070c100000, 0x000000070c100000| Untracked 
| 168|0x000000070c200000, 0x000000070c200000, 0x000000070c300000|  0%| F|  |TAMS 0x000000070c200000, 0x000000070c200000| Untracked 
| 169|0x000000070c300000, 0x000000070c300000, 0x000000070c400000|  0%| F|  |TAMS 0x000000070c300000, 0x000000070c300000| Untracked 
| 170|0x000000070c400000, 0x000000070c400000, 0x000000070c500000|  0%| F|  |TAMS 0x000000070c400000, 0x000000070c400000| Untracked 
| 171|0x000000070c500000, 0x000000070c500000, 0x000000070c600000|  0%| F|  |TAMS 0x000000070c500000, 0x000000070c500000| Untracked 
| 172|0x000000070c600000, 0x000000070c600000, 0x000000070c700000|  0%| F|  |TAMS 0x000000070c600000, 0x000000070c600000| Untracked 
| 173|0x000000070c700000, 0x000000070c700000, 0x000000070c800000|  0%| F|  |TAMS 0x000000070c700000, 0x000000070c700000| Untracked 
| 174|0x000000070c800000, 0x000000070c800000, 0x000000070c900000|  0%| F|  |TAMS 0x000000070c800000, 0x000000070c800000| Untracked 
| 175|0x000000070c900000, 0x000000070c900000, 0x000000070ca00000|  0%| F|  |TAMS 0x000000070c900000, 0x000000070c900000| Untracked 
| 176|0x000000070ca00000, 0x000000070ca00000, 0x000000070cb00000|  0%| F|  |TAMS 0x000000070ca00000, 0x000000070ca00000| Untracked 
| 177|0x000000070cb00000, 0x000000070cb00000, 0x000000070cc00000|  0%| F|  |TAMS 0x000000070cb00000, 0x000000070cb00000| Untracked 
| 178|0x000000070cc00000, 0x000000070cc00000, 0x000000070cd00000|  0%| F|  |TAMS 0x000000070cc00000, 0x000000070cc00000| Untracked 
| 179|0x000000070cd00000, 0x000000070cd00000, 0x000000070ce00000|  0%| F|  |TAMS 0x000000070cd00000, 0x000000070cd00000| Untracked 
| 180|0x000000070ce00000, 0x000000070ce00000, 0x000000070cf00000|  0%| F|  |TAMS 0x000000070ce00000, 0x000000070ce00000| Untracked 
| 181|0x000000070cf00000, 0x000000070cf00000, 0x000000070d000000|  0%| F|  |TAMS 0x000000070cf00000, 0x000000070cf00000| Untracked 
| 182|0x000000070d000000, 0x000000070d000000, 0x000000070d100000|  0%| F|  |TAMS 0x000000070d000000, 0x000000070d000000| Untracked 
| 183|0x000000070d100000, 0x000000070d100000, 0x000000070d200000|  0%| F|  |TAMS 0x000000070d100000, 0x000000070d100000| Untracked 
| 184|0x000000070d200000, 0x000000070d200000, 0x000000070d300000|  0%| F|  |TAMS 0x000000070d200000, 0x000000070d200000| Untracked 
| 185|0x000000070d300000, 0x000000070d400000, 0x000000070d400000|100%| E|  |TAMS 0x000000070d300000, 0x000000070d300000| Complete 
| 186|0x000000070d400000, 0x000000070d500000, 0x000000070d500000|100%| E|CS|TAMS 0x000000070d400000, 0x000000070d400000| Complete 
| 187|0x000000070d500000, 0x000000070d600000, 0x000000070d600000|100%| E|CS|TAMS 0x000000070d500000, 0x000000070d500000| Complete 
| 188|0x000000070d600000, 0x000000070d700000, 0x000000070d700000|100%| E|CS|TAMS 0x000000070d600000, 0x000000070d600000| Complete 
| 189|0x000000070d700000, 0x000000070d800000, 0x000000070d800000|100%| E|CS|TAMS 0x000000070d700000, 0x000000070d700000| Complete 
| 190|0x000000070d800000, 0x000000070d900000, 0x000000070d900000|100%| E|CS|TAMS 0x000000070d800000, 0x000000070d800000| Complete 
| 191|0x000000070d900000, 0x000000070da00000, 0x000000070da00000|100%| E|CS|TAMS 0x000000070d900000, 0x000000070d900000| Complete 
| 192|0x000000070da00000, 0x000000070db00000, 0x000000070db00000|100%| E|CS|TAMS 0x000000070da00000, 0x000000070da00000| Complete 
| 193|0x000000070db00000, 0x000000070dc00000, 0x000000070dc00000|100%| E|CS|TAMS 0x000000070db00000, 0x000000070db00000| Complete 
| 194|0x000000070dc00000, 0x000000070dd00000, 0x000000070dd00000|100%| E|CS|TAMS 0x000000070dc00000, 0x000000070dc00000| Complete 
| 195|0x000000070dd00000, 0x000000070de00000, 0x000000070de00000|100%| E|CS|TAMS 0x000000070dd00000, 0x000000070dd00000| Complete 
| 196|0x000000070de00000, 0x000000070df00000, 0x000000070df00000|100%| E|CS|TAMS 0x000000070de00000, 0x000000070de00000| Complete 
| 197|0x000000070df00000, 0x000000070e000000, 0x000000070e000000|100%| E|CS|TAMS 0x000000070df00000, 0x000000070df00000| Complete 
| 198|0x000000070e000000, 0x000000070e100000, 0x000000070e100000|100%| E|CS|TAMS 0x000000070e000000, 0x000000070e000000| Complete 
| 199|0x000000070e100000, 0x000000070e200000, 0x000000070e200000|100%| E|CS|TAMS 0x000000070e100000, 0x000000070e100000| Complete 
| 200|0x000000070e200000, 0x000000070e300000, 0x000000070e300000|100%| E|CS|TAMS 0x000000070e200000, 0x000000070e200000| Complete 
| 201|0x000000070e300000, 0x000000070e400000, 0x000000070e400000|100%| E|CS|TAMS 0x000000070e300000, 0x000000070e300000| Complete 
| 202|0x000000070e400000, 0x000000070e500000, 0x000000070e500000|100%| E|CS|TAMS 0x000000070e400000, 0x000000070e400000| Complete 
| 203|0x000000070e500000, 0x000000070e600000, 0x000000070e600000|100%| E|CS|TAMS 0x000000070e500000, 0x000000070e500000| Complete 
| 204|0x000000070e600000, 0x000000070e700000, 0x000000070e700000|100%| E|CS|TAMS 0x000000070e600000, 0x000000070e600000| Complete 
| 205|0x000000070e700000, 0x000000070e800000, 0x000000070e800000|100%| E|CS|TAMS 0x000000070e700000, 0x000000070e700000| Complete 
| 206|0x000000070e800000, 0x000000070e900000, 0x000000070e900000|100%| E|CS|TAMS 0x000000070e800000, 0x000000070e800000| Complete 
| 207|0x000000070e900000, 0x000000070ea00000, 0x000000070ea00000|100%| E|CS|TAMS 0x000000070e900000, 0x000000070e900000| Complete 
| 208|0x000000070ea00000, 0x000000070eb00000, 0x000000070eb00000|100%| E|CS|TAMS 0x000000070ea00000, 0x000000070ea00000| Complete 
| 209|0x000000070eb00000, 0x000000070ec00000, 0x000000070ec00000|100%| E|CS|TAMS 0x000000070eb00000, 0x000000070eb00000| Complete 
| 210|0x000000070ec00000, 0x000000070ed00000, 0x000000070ed00000|100%| E|CS|TAMS 0x000000070ec00000, 0x000000070ec00000| Complete 
| 211|0x000000070ed00000, 0x000000070ee00000, 0x000000070ee00000|100%| E|CS|TAMS 0x000000070ed00000, 0x000000070ed00000| Complete 
| 212|0x000000070ee00000, 0x000000070ef00000, 0x000000070ef00000|100%| E|CS|TAMS 0x000000070ee00000, 0x000000070ee00000| Complete 
| 213|0x000000070ef00000, 0x000000070f000000, 0x000000070f000000|100%| E|CS|TAMS 0x000000070ef00000, 0x000000070ef00000| Complete 
| 214|0x000000070f000000, 0x000000070f100000, 0x000000070f100000|100%| E|CS|TAMS 0x000000070f000000, 0x000000070f000000| Complete 
| 215|0x000000070f100000, 0x000000070f200000, 0x000000070f200000|100%| E|CS|TAMS 0x000000070f100000, 0x000000070f100000| Complete 
| 216|0x000000070f200000, 0x000000070f300000, 0x000000070f300000|100%| E|CS|TAMS 0x000000070f200000, 0x000000070f200000| Complete 
| 217|0x000000070f300000, 0x000000070f400000, 0x000000070f400000|100%| E|CS|TAMS 0x000000070f300000, 0x000000070f300000| Complete 
| 218|0x000000070f400000, 0x000000070f500000, 0x000000070f500000|100%| E|CS|TAMS 0x000000070f400000, 0x000000070f400000| Complete 
| 219|0x000000070f500000, 0x000000070f600000, 0x000000070f600000|100%| E|CS|TAMS 0x000000070f500000, 0x000000070f500000| Complete 
| 220|0x000000070f600000, 0x000000070f700000, 0x000000070f700000|100%| E|CS|TAMS 0x000000070f600000, 0x000000070f600000| Complete 
| 221|0x000000070f700000, 0x000000070f800000, 0x000000070f800000|100%| E|CS|TAMS 0x000000070f700000, 0x000000070f700000| Complete 
| 222|0x000000070f800000, 0x000000070f900000, 0x000000070f900000|100%| E|CS|TAMS 0x000000070f800000, 0x000000070f800000| Complete 
| 223|0x000000070f900000, 0x000000070fa00000, 0x000000070fa00000|100%| E|CS|TAMS 0x000000070f900000, 0x000000070f900000| Complete 
| 224|0x000000070fa00000, 0x000000070fb00000, 0x000000070fb00000|100%| E|CS|TAMS 0x000000070fa00000, 0x000000070fa00000| Complete 
| 225|0x000000070fb00000, 0x000000070fc00000, 0x000000070fc00000|100%| E|CS|TAMS 0x000000070fb00000, 0x000000070fb00000| Complete 
| 226|0x000000070fc00000, 0x000000070fd00000, 0x000000070fd00000|100%| E|CS|TAMS 0x000000070fc00000, 0x000000070fc00000| Complete 
| 227|0x000000070fd00000, 0x000000070fe00000, 0x000000070fe00000|100%| E|CS|TAMS 0x000000070fd00000, 0x000000070fd00000| Complete 
| 228|0x000000070fe00000, 0x000000070ff00000, 0x000000070ff00000|100%| E|CS|TAMS 0x000000070fe00000, 0x000000070fe00000| Complete 
| 229|0x000000070ff00000, 0x0000000710000000, 0x0000000710000000|100%| E|CS|TAMS 0x000000070ff00000, 0x000000070ff00000| Complete 
| 230|0x0000000710000000, 0x0000000710100000, 0x0000000710100000|100%| E|CS|TAMS 0x0000000710000000, 0x0000000710000000| Complete 
| 231|0x0000000710100000, 0x0000000710200000, 0x0000000710200000|100%| E|CS|TAMS 0x0000000710100000, 0x0000000710100000| Complete 
| 232|0x0000000710200000, 0x0000000710300000, 0x0000000710300000|100%| E|CS|TAMS 0x0000000710200000, 0x0000000710200000| Complete 
| 233|0x0000000710300000, 0x0000000710400000, 0x0000000710400000|100%| E|CS|TAMS 0x0000000710300000, 0x0000000710300000| Complete 
| 234|0x0000000710400000, 0x0000000710500000, 0x0000000710500000|100%| E|CS|TAMS 0x0000000710400000, 0x0000000710400000| Complete 
| 235|0x0000000710500000, 0x0000000710600000, 0x0000000710600000|100%| E|CS|TAMS 0x0000000710500000, 0x0000000710500000| Complete 
| 236|0x0000000710600000, 0x0000000710700000, 0x0000000710700000|100%| E|CS|TAMS 0x0000000710600000, 0x0000000710600000| Complete 
| 237|0x0000000710700000, 0x0000000710800000, 0x0000000710800000|100%| E|CS|TAMS 0x0000000710700000, 0x0000000710700000| Complete 
| 238|0x0000000710800000, 0x0000000710900000, 0x0000000710900000|100%| E|CS|TAMS 0x0000000710800000, 0x0000000710800000| Complete 
| 239|0x0000000710900000, 0x0000000710a00000, 0x0000000710a00000|100%| E|CS|TAMS 0x0000000710900000, 0x0000000710900000| Complete 
| 240|0x0000000710a00000, 0x0000000710b00000, 0x0000000710b00000|100%| E|CS|TAMS 0x0000000710a00000, 0x0000000710a00000| Complete 
| 241|0x0000000710b00000, 0x0000000710c00000, 0x0000000710c00000|100%| E|CS|TAMS 0x0000000710b00000, 0x0000000710b00000| Complete 
| 242|0x0000000710c00000, 0x0000000710d00000, 0x0000000710d00000|100%| E|CS|TAMS 0x0000000710c00000, 0x0000000710c00000| Complete 
| 243|0x0000000710d00000, 0x0000000710e00000, 0x0000000710e00000|100%| E|CS|TAMS 0x0000000710d00000, 0x0000000710d00000| Complete 
| 244|0x0000000710e00000, 0x0000000710f00000, 0x0000000710f00000|100%| E|CS|TAMS 0x0000000710e00000, 0x0000000710e00000| Complete 
| 245|0x0000000710f00000, 0x0000000711000000, 0x0000000711000000|100%| E|CS|TAMS 0x0000000710f00000, 0x0000000710f00000| Complete 
| 246|0x0000000711000000, 0x0000000711100000, 0x0000000711100000|100%| E|CS|TAMS 0x0000000711000000, 0x0000000711000000| Complete 
| 247|0x0000000711100000, 0x0000000711200000, 0x0000000711200000|100%| E|CS|TAMS 0x0000000711100000, 0x0000000711100000| Complete 
| 248|0x0000000711200000, 0x0000000711300000, 0x0000000711300000|100%| E|CS|TAMS 0x0000000711200000, 0x0000000711200000| Complete 
| 249|0x0000000711300000, 0x0000000711400000, 0x0000000711400000|100%| E|CS|TAMS 0x0000000711300000, 0x0000000711300000| Complete 
| 250|0x0000000711400000, 0x0000000711500000, 0x0000000711500000|100%| E|CS|TAMS 0x0000000711400000, 0x0000000711400000| Complete 
| 251|0x0000000711500000, 0x0000000711600000, 0x0000000711600000|100%| E|CS|TAMS 0x0000000711500000, 0x0000000711500000| Complete 
| 252|0x0000000711600000, 0x0000000711700000, 0x0000000711700000|100%| E|CS|TAMS 0x0000000711600000, 0x0000000711600000| Complete 
| 253|0x0000000711700000, 0x0000000711800000, 0x0000000711800000|100%| E|CS|TAMS 0x0000000711700000, 0x0000000711700000| Complete 
| 254|0x0000000711800000, 0x0000000711900000, 0x0000000711900000|100%| E|CS|TAMS 0x0000000711800000, 0x0000000711800000| Complete 
| 255|0x0000000711900000, 0x0000000711a00000, 0x0000000711a00000|100%| E|CS|TAMS 0x0000000711900000, 0x0000000711900000| Complete 
| 256|0x0000000711a00000, 0x0000000711b00000, 0x0000000711b00000|100%| E|CS|TAMS 0x0000000711a00000, 0x0000000711a00000| Complete 
| 257|0x0000000711b00000, 0x0000000711c00000, 0x0000000711c00000|100%| E|CS|TAMS 0x0000000711b00000, 0x0000000711b00000| Complete 
| 258|0x0000000711c00000, 0x0000000711d00000, 0x0000000711d00000|100%| E|CS|TAMS 0x0000000711c00000, 0x0000000711c00000| Complete 
| 259|0x0000000711d00000, 0x0000000711e00000, 0x0000000711e00000|100%| E|CS|TAMS 0x0000000711d00000, 0x0000000711d00000| Complete 
| 260|0x0000000711e00000, 0x0000000711f00000, 0x0000000711f00000|100%| E|CS|TAMS 0x0000000711e00000, 0x0000000711e00000| Complete 
| 261|0x0000000711f00000, 0x0000000712000000, 0x0000000712000000|100%| E|CS|TAMS 0x0000000711f00000, 0x0000000711f00000| Complete 
| 262|0x0000000712000000, 0x0000000712100000, 0x0000000712100000|100%| E|CS|TAMS 0x0000000712000000, 0x0000000712000000| Complete 
| 263|0x0000000712100000, 0x0000000712200000, 0x0000000712200000|100%| E|CS|TAMS 0x0000000712100000, 0x0000000712100000| Complete 
| 264|0x0000000712200000, 0x0000000712300000, 0x0000000712300000|100%| E|CS|TAMS 0x0000000712200000, 0x0000000712200000| Complete 
| 265|0x0000000712300000, 0x0000000712400000, 0x0000000712400000|100%| E|CS|TAMS 0x0000000712300000, 0x0000000712300000| Complete 
| 266|0x0000000712400000, 0x0000000712500000, 0x0000000712500000|100%| E|CS|TAMS 0x0000000712400000, 0x0000000712400000| Complete 
| 267|0x0000000712500000, 0x0000000712600000, 0x0000000712600000|100%| E|CS|TAMS 0x0000000712500000, 0x0000000712500000| Complete 
| 268|0x0000000712600000, 0x0000000712700000, 0x0000000712700000|100%| E|CS|TAMS 0x0000000712600000, 0x0000000712600000| Complete 
| 269|0x0000000712700000, 0x0000000712800000, 0x0000000712800000|100%| E|CS|TAMS 0x0000000712700000, 0x0000000712700000| Complete 
| 270|0x0000000712800000, 0x0000000712900000, 0x0000000712900000|100%| E|CS|TAMS 0x0000000712800000, 0x0000000712800000| Complete 
| 271|0x0000000712900000, 0x0000000712a00000, 0x0000000712a00000|100%| E|CS|TAMS 0x0000000712900000, 0x0000000712900000| Complete 
| 272|0x0000000712a00000, 0x0000000712b00000, 0x0000000712b00000|100%| E|CS|TAMS 0x0000000712a00000, 0x0000000712a00000| Complete 
| 273|0x0000000712b00000, 0x0000000712c00000, 0x0000000712c00000|100%| E|CS|TAMS 0x0000000712b00000, 0x0000000712b00000| Complete 
| 274|0x0000000712c00000, 0x0000000712d00000, 0x0000000712d00000|100%| E|CS|TAMS 0x0000000712c00000, 0x0000000712c00000| Complete 
| 275|0x0000000712d00000, 0x0000000712e00000, 0x0000000712e00000|100%| E|CS|TAMS 0x0000000712d00000, 0x0000000712d00000| Complete 
| 276|0x0000000712e00000, 0x0000000712f00000, 0x0000000712f00000|100%| E|CS|TAMS 0x0000000712e00000, 0x0000000712e00000| Complete 
| 277|0x0000000712f00000, 0x0000000713000000, 0x0000000713000000|100%| E|CS|TAMS 0x0000000712f00000, 0x0000000712f00000| Complete 
| 278|0x0000000713000000, 0x0000000713100000, 0x0000000713100000|100%| E|CS|TAMS 0x0000000713000000, 0x0000000713000000| Complete 
| 279|0x0000000713100000, 0x0000000713200000, 0x0000000713200000|100%| E|CS|TAMS 0x0000000713100000, 0x0000000713100000| Complete 
| 280|0x0000000713200000, 0x0000000713300000, 0x0000000713300000|100%| E|CS|TAMS 0x0000000713200000, 0x0000000713200000| Complete 
| 281|0x0000000713300000, 0x0000000713400000, 0x0000000713400000|100%| E|CS|TAMS 0x0000000713300000, 0x0000000713300000| Complete 
| 282|0x0000000713400000, 0x0000000713500000, 0x0000000713500000|100%| E|CS|TAMS 0x0000000713400000, 0x0000000713400000| Complete 
| 283|0x0000000713500000, 0x0000000713600000, 0x0000000713600000|100%| E|CS|TAMS 0x0000000713500000, 0x0000000713500000| Complete 
| 284|0x0000000713600000, 0x0000000713700000, 0x0000000713700000|100%| E|CS|TAMS 0x0000000713600000, 0x0000000713600000| Complete 
| 285|0x0000000713700000, 0x0000000713800000, 0x0000000713800000|100%| E|CS|TAMS 0x0000000713700000, 0x0000000713700000| Complete 
| 286|0x0000000713800000, 0x0000000713900000, 0x0000000713900000|100%| E|CS|TAMS 0x0000000713800000, 0x0000000713800000| Complete 
| 287|0x0000000713900000, 0x0000000713a00000, 0x0000000713a00000|100%| E|CS|TAMS 0x0000000713900000, 0x0000000713900000| Complete 
| 288|0x0000000713a00000, 0x0000000713b00000, 0x0000000713b00000|100%| E|CS|TAMS 0x0000000713a00000, 0x0000000713a00000| Complete 
| 289|0x0000000713b00000, 0x0000000713c00000, 0x0000000713c00000|100%| E|CS|TAMS 0x0000000713b00000, 0x0000000713b00000| Complete 
| 290|0x0000000713c00000, 0x0000000713d00000, 0x0000000713d00000|100%| E|CS|TAMS 0x0000000713c00000, 0x0000000713c00000| Complete 
| 291|0x0000000713d00000, 0x0000000713e00000, 0x0000000713e00000|100%| E|CS|TAMS 0x0000000713d00000, 0x0000000713d00000| Complete 
| 292|0x0000000713e00000, 0x0000000713f00000, 0x0000000713f00000|100%| E|CS|TAMS 0x0000000713e00000, 0x0000000713e00000| Complete 
| 293|0x0000000713f00000, 0x0000000714000000, 0x0000000714000000|100%| E|CS|TAMS 0x0000000713f00000, 0x0000000713f00000| Complete 
| 294|0x0000000714000000, 0x0000000714100000, 0x0000000714100000|100%| E|CS|TAMS 0x0000000714000000, 0x0000000714000000| Complete 
| 295|0x0000000714100000, 0x0000000714200000, 0x0000000714200000|100%| E|CS|TAMS 0x0000000714100000, 0x0000000714100000| Complete 
| 296|0x0000000714200000, 0x0000000714300000, 0x0000000714300000|100%| E|CS|TAMS 0x0000000714200000, 0x0000000714200000| Complete 
| 297|0x0000000714300000, 0x0000000714400000, 0x0000000714400000|100%| E|CS|TAMS 0x0000000714300000, 0x0000000714300000| Complete 
| 298|0x0000000714400000, 0x0000000714500000, 0x0000000714500000|100%| E|CS|TAMS 0x0000000714400000, 0x0000000714400000| Complete 
| 299|0x0000000714500000, 0x0000000714600000, 0x0000000714600000|100%| E|CS|TAMS 0x0000000714500000, 0x0000000714500000| Complete 
| 300|0x0000000714600000, 0x0000000714700000, 0x0000000714700000|100%| E|CS|TAMS 0x0000000714600000, 0x0000000714600000| Complete 
| 301|0x0000000714700000, 0x0000000714800000, 0x0000000714800000|100%| E|CS|TAMS 0x0000000714700000, 0x0000000714700000| Complete 
| 302|0x0000000714800000, 0x0000000714900000, 0x0000000714900000|100%| E|CS|TAMS 0x0000000714800000, 0x0000000714800000| Complete 
| 303|0x0000000714900000, 0x0000000714a00000, 0x0000000714a00000|100%| E|CS|TAMS 0x0000000714900000, 0x0000000714900000| Complete 
| 304|0x0000000714a00000, 0x0000000714b00000, 0x0000000714b00000|100%| E|CS|TAMS 0x0000000714a00000, 0x0000000714a00000| Complete 
| 305|0x0000000714b00000, 0x0000000714c00000, 0x0000000714c00000|100%| E|CS|TAMS 0x0000000714b00000, 0x0000000714b00000| Complete 
| 306|0x0000000714c00000, 0x0000000714d00000, 0x0000000714d00000|100%| E|CS|TAMS 0x0000000714c00000, 0x0000000714c00000| Complete 
| 307|0x0000000714d00000, 0x0000000714e00000, 0x0000000714e00000|100%| E|CS|TAMS 0x0000000714d00000, 0x0000000714d00000| Complete 

Card table byte_map: [0x00000213cd250000,0x00000213cda50000] _byte_map_base: 0x00000213c9a43000

Marking Bits (Prev, Next): (CMBitMap*) 0x00000213b57ae538, (CMBitMap*) 0x00000213b57ae570
 Prev Bits: [0x00000213ce250000, 0x00000213d21e8000)
 Next Bits: [0x00000213d21f0000, 0x00000213d6188000)

Polling page: 0x00000213b4f00000

Metaspace:

Usage:
  Non-class:     49.98 MB capacity,    48.85 MB ( 98%) used,   935.13 KB (  2%) free+waste,   215.19 KB ( <1%) overhead. 
      Class:      8.00 MB capacity,     7.27 MB ( 91%) used,   635.12 KB (  8%) free+waste,   107.19 KB (  1%) overhead. 
       Both:     57.97 MB capacity,    56.12 MB ( 97%) used,     1.53 MB (  3%) free+waste,   322.38 KB ( <1%) overhead. 

Virtual space:
  Non-class space:       52.00 MB reserved,      50.08 MB ( 96%) committed 
      Class space:        1.00 GB reserved,       8.00 MB ( <1%) committed 
             Both:        1.05 GB reserved,      58.08 MB (  5%) committed 

Chunk freelists:
   Non-Class:  5.00 KB
       Class:  640 bytes
        Both:  5.63 KB

CodeHeap 'non-profiled nmethods': size=238912Kb used=10187Kb max_used=10187Kb free=228724Kb
 bounds [0x00000213be100000, 0x00000213beb00000, 0x00000213cca50000]
CodeHeap 'non-nmethods': size=6848Kb used=2354Kb max_used=2354Kb free=4493Kb
 bounds [0x00000213bda50000, 0x00000213bdcc0000, 0x00000213be100000]
 total_blobs=6405 nmethods=5801 adapters=509
 compilation: enabled
              stopped_count=0, restarted_count=0
 full_count=0

Compilation events (10 events):
Event: 7.601 Thread 0x00000213d9186000 5801       1       com.netflix.servo.util.Preconditions::checkNotNull (29 bytes)
Event: 7.602 Thread 0x00000213d9186000 nmethod 5801 0x00000213beaf0d90 code [0x00000213beaf0fc0, 0x00000213beaf15d0]
Event: 7.603 Thread 0x00000213d8fd9000 5802       1       com.netflix.servo.tag.SmallTagMap$SmallTagIterator::hasNext (21 bytes)
Event: 7.603 Thread 0x00000213d8fd9000 nmethod 5802 0x00000213beaf1890 code [0x00000213beaf1a40, 0x00000213beaf1b98]
Event: 7.603 Thread 0x00000213d9185000 5803       1       java.util.regex.Matcher::replaceAll (59 bytes)
Event: 7.603 Thread 0x00000213d9186000 5804       1       javax.management.ObjectName::isPattern (16 bytes)
Event: 7.603 Thread 0x00000213d8fd9000 5805       1       javax.management.ObjectName::getDomain (13 bytes)
Event: 7.603 Thread 0x00000213d9186000 nmethod 5804 0x00000213beaf1c90 code [0x00000213beaf1e40, 0x00000213beaf1f78]
Event: 7.603 Thread 0x00000213d8fd9000 nmethod 5805 0x00000213beaf2010 code [0x00000213beaf21c0, 0x00000213beaf2310]
Event: 7.603 Thread 0x00000213d9185000 nmethod 5803 0x00000213beaf2410 code [0x00000213beaf2640, 0x00000213beaf2b00]

GC Heap History (10 events):
Event: 2.182 GC heap before
{Heap before GC invocations=3 (full 0):
 garbage-first heap   total 262144K, used 30769K [0x0000000701a00000, 0x0000000800000000)
  region size 1024K, 24 young (24576K), 3 survivors (3072K)
 Metaspace       used 20625K, capacity 21220K, committed 21296K, reserved 1069056K
  class space    used 2423K, capacity 2669K, committed 2688K, reserved 1048576K
}
Event: 2.188 GC heap after
{Heap after GC invocations=4 (full 0):
 garbage-first heap   total 262144K, used 11455K [0x0000000701a00000, 0x0000000800000000)
  region size 1024K, 4 young (4096K), 4 survivors (4096K)
 Metaspace       used 20625K, capacity 21220K, committed 21296K, reserved 1069056K
  class space    used 2423K, capacity 2669K, committed 2688K, reserved 1048576K
}
Event: 3.161 GC heap before
{Heap before GC invocations=5 (full 0):
 garbage-first heap   total 262144K, used 54463K [0x0000000701a00000, 0x0000000800000000)
  region size 1024K, 46 young (47104K), 4 survivors (4096K)
 Metaspace       used 26864K, capacity 27693K, committed 27824K, reserved 1073152K
  class space    used 3262K, capacity 3577K, committed 3584K, reserved 1048576K
}
Event: 3.167 GC heap after
{Heap after GC invocations=6 (full 0):
 garbage-first heap   total 262144K, used 12762K [0x0000000701a00000, 0x0000000800000000)
  region size 1024K, 4 young (4096K), 4 survivors (4096K)
 Metaspace       used 26864K, capacity 27693K, committed 27824K, reserved 1073152K
  class space    used 3262K, capacity 3577K, committed 3584K, reserved 1048576K
}
Event: 4.045 GC heap before
{Heap before GC invocations=6 (full 0):
 garbage-first heap   total 262144K, used 83418K [0x0000000701a00000, 0x0000000800000000)
  region size 1024K, 74 young (75776K), 4 survivors (4096K)
 Metaspace       used 31358K, capacity 32320K, committed 32432K, reserved 1077248K
  class space    used 3870K, capacity 4262K, committed 4352K, reserved 1048576K
}
Event: 4.051 GC heap after
{Heap after GC invocations=7 (full 0):
 garbage-first heap   total 262144K, used 15357K [0x0000000701a00000, 0x0000000800000000)
  region size 1024K, 7 young (7168K), 7 survivors (7168K)
 Metaspace       used 31358K, capacity 32320K, committed 32432K, reserved 1077248K
  class space    used 3870K, capacity 4262K, committed 4352K, reserved 1048576K
}
Event: 4.556 GC heap before
{Heap before GC invocations=7 (full 0):
 garbage-first heap   total 262144K, used 73725K [0x0000000701a00000, 0x0000000800000000)
  region size 1024K, 65 young (66560K), 7 survivors (7168K)
 Metaspace       used 34879K, capacity 35883K, committed 35920K, reserved 1081344K
  class space    used 4422K, capacity 4862K, committed 4864K, reserved 1048576K
}
Event: 4.569 GC heap after
{Heap after GC invocations=8 (full 0):
 garbage-first heap   total 262144K, used 18046K [0x0000000701a00000, 0x0000000800000000)
  region size 1024K, 9 young (9216K), 9 survivors (9216K)
 Metaspace       used 34879K, capacity 35883K, committed 35920K, reserved 1081344K
  class space    used 4422K, capacity 4862K, committed 4864K, reserved 1048576K
}
Event: 6.151 GC heap before
{Heap before GC invocations=9 (full 0):
 garbage-first heap   total 262144K, used 156286K [0x0000000701a00000, 0x0000000800000000)
  region size 1024K, 144 young (147456K), 9 survivors (9216K)
 Metaspace       used 47650K, capacity 49114K, committed 49360K, reserved 1091584K
  class space    used 6093K, capacity 6681K, committed 6784K, reserved 1048576K
}
Event: 6.167 GC heap after
{Heap after GC invocations=10 (full 0):
 garbage-first heap   total 315392K, used 24404K [0x0000000701a00000, 0x0000000800000000)
  region size 1024K, 15 young (15360K), 15 survivors (15360K)
 Metaspace       used 47650K, capacity 49114K, committed 49360K, reserved 1091584K
  class space    used 6093K, capacity 6681K, committed 6784K, reserved 1048576K
}

Deoptimization events (0 events):
No events

Classes redefined (0 events):
No events

Internal exceptions (10 events):
Event: 7.412 Thread 0x00000213b5749000 Exception <a 'java/lang/ClassNotFoundException'{0x000000070e430f50}: java/lang/ObjectCustomizer> (0x000000070e430f50) thrown at [t:/workspace/open/src/hotspot/share/classfile/systemDictionary.cpp, line 231]
Event: 7.412 Thread 0x00000213b5749000 Exception <a 'java/lang/ClassNotFoundException'{0x000000070e44c588}: org/springframework/cloud/context/properties/ConfigurationPropertiesRebinderCustomizer> (0x000000070e44c588) thrown at [t:/workspace/open/src/hotspot/share/classfile/systemDictionary.cpp
Event: 7.413 Thread 0x00000213b5749000 Exception <a 'java/lang/ClassNotFoundException'{0x000000070e46a088}: org/springframework/context/ApplicationContextAwareCustomizer> (0x000000070e46a088) thrown at [t:/workspace/open/src/hotspot/share/classfile/systemDictionary.cpp, line 231]
Event: 7.413 Thread 0x00000213b5749000 Exception <a 'java/lang/ClassNotFoundException'{0x000000070e47c8b0}: org/springframework/beans/factory/AwareCustomizer> (0x000000070e47c8b0) thrown at [t:/workspace/open/src/hotspot/share/classfile/systemDictionary.cpp, line 231]
Event: 7.413 Thread 0x00000213b5749000 Exception <a 'java/lang/ClassNotFoundException'{0x000000070e48f5c8}: org/springframework/context/ApplicationListenerCustomizer> (0x000000070e48f5c8) thrown at [t:/workspace/open/src/hotspot/share/classfile/systemDictionary.cpp, line 231]
Event: 7.413 Thread 0x00000213b5749000 Exception <a 'java/lang/ClassNotFoundException'{0x000000070e490da0}: java/util/EventListenerCustomizer> (0x000000070e490da0) thrown at [t:/workspace/open/src/hotspot/share/classfile/systemDictionary.cpp, line 231]
Event: 7.414 Thread 0x00000213b5749000 Exception <a 'java/lang/ClassNotFoundException'{0x000000070e498038}: java/lang/ObjectCustomizer> (0x000000070e498038) thrown at [t:/workspace/open/src/hotspot/share/classfile/systemDictionary.cpp, line 231]
Event: 7.414 Thread 0x00000213b5749000 Exception <a 'java/lang/ClassNotFoundException'{0x000000070e4b08e0}: org/springframework/jmx/export/metadata/AbstractJmxAttributeCustomizer> (0x000000070e4b08e0) thrown at [t:/workspace/open/src/hotspot/share/classfile/systemDictionary.cpp, line 231]
Event: 7.414 Thread 0x00000213b5749000 Exception <a 'java/lang/ClassNotFoundException'{0x000000070e4c83a0}: org/springframework/jmx/export/metadata/ManagedAttributeCustomizer> (0x000000070e4c83a0) thrown at [t:/workspace/open/src/hotspot/share/classfile/systemDictionary.cpp, line 231]
Event: 7.516 Thread 0x00000213b5749000 Exception <a 'sun/nio/fs/WindowsException'{0x000000070dda3710}> (0x000000070dda3710) thrown at [t:/workspace/open/src/hotspot/share/prims/jni.cpp, line 615]

Events (10 events):
Event: 7.616 loading class com/fasterxml/jackson/annotation/JsonIdentityInfo
Event: 7.616 loading class com/fasterxml/jackson/annotation/JsonIdentityInfo done
Event: 7.616 loading class com/fasterxml/jackson/databind/util/ArrayIterator
Event: 7.616 loading class com/fasterxml/jackson/databind/util/ArrayIterator done
Event: 7.617 loading class com/fasterxml/jackson/databind/ser/ResolvableSerializer
Event: 7.617 loading class com/fasterxml/jackson/databind/ser/ResolvableSerializer done
Event: 7.617 loading class com/fasterxml/jackson/databind/annotation/JsonTypeResolver
Event: 7.617 loading class com/fasterxml/jackson/databind/annotation/JsonTypeResolver done
Event: 7.617 loading class com/fasterxml/jackson/databind/ser/impl/TypeWrappedSerializer
Event: 7.617 loading class com/fasterxml/jackson/databind/ser/impl/TypeWrappedSerializer done


Dynamic libraries:
0x00007ff6a34e0000 - 0x00007ff6a3527000 	C:\Program Files\Java\jdk-11.0.1\bin\java.exe
0x00007ffaf8440000 - 0x00007ffaf8630000 	C:\WINDOWS\SYSTEM32\ntdll.dll
0x00007ffaf6c20000 - 0x00007ffaf6cd2000 	C:\WINDOWS\System32\KERNEL32.DLL
0x00007ffaf5990000 - 0x00007ffaf5c33000 	C:\WINDOWS\System32\KERNELBASE.dll
0x00007ffaf7f20000 - 0x00007ffaf7fc3000 	C:\WINDOWS\System32\ADVAPI32.dll
0x00007ffaf7430000 - 0x00007ffaf74ce000 	C:\WINDOWS\System32\msvcrt.dll
0x00007ffaf6ad0000 - 0x00007ffaf6b67000 	C:\WINDOWS\System32\sechost.dll
0x00007ffaf7550000 - 0x00007ffaf7670000 	C:\WINDOWS\System32\RPCRT4.dll
0x00007ffaf7d60000 - 0x00007ffaf7ef4000 	C:\WINDOWS\System32\USER32.dll
0x00007ffaf5c40000 - 0x00007ffaf5c61000 	C:\WINDOWS\System32\win32u.dll
0x00007ffaf6e30000 - 0x00007ffaf6e56000 	C:\WINDOWS\System32\GDI32.dll
0x00007ffaf53d0000 - 0x00007ffaf5564000 	C:\WINDOWS\System32\gdi32full.dll
0x00007ffaf56c0000 - 0x00007ffaf575e000 	C:\WINDOWS\System32\msvcp_win.dll
0x00007ffaf63f0000 - 0x00007ffaf64ea000 	C:\WINDOWS\System32\ucrtbase.dll
0x00007ffae4f40000 - 0x00007ffae51c5000 	C:\WINDOWS\WinSxS\amd64_microsoft.windows.common-controls_6595b64144ccf1df_6.0.18362.535_none_e6c3b34713100821\COMCTL32.dll
0x00007ffaf6f10000 - 0x00007ffaf7246000 	C:\WINDOWS\System32\combase.dll
0x00007ffaf58a0000 - 0x00007ffaf5920000 	C:\WINDOWS\System32\bcryptPrimitives.dll
0x00007ffaef5e0000 - 0x00007ffaef5ea000 	C:\WINDOWS\SYSTEM32\VERSION.dll
0x00007ffaf6630000 - 0x00007ffaf665e000 	C:\WINDOWS\System32\IMM32.DLL
0x00007ffaeef60000 - 0x00007ffaeef76000 	C:\Program Files\Java\jdk-11.0.1\bin\vcruntime140.dll
0x00007ffac9000000 - 0x00007ffac90aa000 	C:\Program Files\Java\jdk-11.0.1\bin\msvcp140.dll
0x00007ffac34d0000 - 0x00007ffac4012000 	C:\Program Files\Java\jdk-11.0.1\bin\server\jvm.dll
0x00007ffaf80a0000 - 0x00007ffaf80a8000 	C:\WINDOWS\System32\PSAPI.DLL
0x00007ffaf1e10000 - 0x00007ffaf1e19000 	C:\WINDOWS\SYSTEM32\WSOCK32.dll
0x00007ffaf80b0000 - 0x00007ffaf811f000 	C:\WINDOWS\System32\WS2_32.dll
0x00007ffaf33c0000 - 0x00007ffaf33e4000 	C:\WINDOWS\SYSTEM32\WINMM.dll
0x00007ffaf3360000 - 0x00007ffaf338d000 	C:\WINDOWS\SYSTEM32\WINMMBASE.dll
0x00007ffaf5940000 - 0x00007ffaf598a000 	C:\WINDOWS\System32\cfgmgr32.dll
0x00007ffaf5340000 - 0x00007ffaf5351000 	C:\WINDOWS\System32\kernel.appcore.dll
0x00007ffaeef40000 - 0x00007ffaeef51000 	C:\Program Files\Java\jdk-11.0.1\bin\verify.dll
0x00007ffae37c0000 - 0x00007ffae39b4000 	C:\WINDOWS\SYSTEM32\DBGHELP.DLL
0x00007ffae18e0000 - 0x00007ffae190a000 	C:\WINDOWS\SYSTEM32\dbgcore.DLL
0x00007ffaec6d0000 - 0x00007ffaec6f9000 	C:\Program Files\Java\jdk-11.0.1\bin\java.dll
0x00007ffac7220000 - 0x00007ffac724f000 	C:\Program Files\Java\jdk-11.0.1\bin\instrument.dll
0x00007ffaee3e0000 - 0x00007ffaee3f6000 	C:\Program Files\Java\jdk-11.0.1\bin\zip.dll
0x00007ffaf0300000 - 0x00007ffaf030a000 	C:\Program Files\Java\jdk-11.0.1\bin\jimage.dll
0x00007ffaf7670000 - 0x00007ffaf7d55000 	C:\WINDOWS\System32\SHELL32.dll
0x00007ffaf6e60000 - 0x00007ffaf6f09000 	C:\WINDOWS\System32\shcore.dll
0x00007ffaf5c70000 - 0x00007ffaf63ef000 	C:\WINDOWS\System32\windows.storage.dll
0x00007ffaf5360000 - 0x00007ffaf537f000 	C:\WINDOWS\System32\profapi.dll
0x00007ffaf5380000 - 0x00007ffaf53ca000 	C:\WINDOWS\System32\powrprof.dll
0x00007ffaf5310000 - 0x00007ffaf5320000 	C:\WINDOWS\System32\UMPDC.dll
0x00007ffaf8340000 - 0x00007ffaf8392000 	C:\WINDOWS\System32\shlwapi.dll
0x00007ffaf5920000 - 0x00007ffaf5937000 	C:\WINDOWS\System32\cryptsp.dll
0x00007ffaee2d0000 - 0x00007ffaee2e9000 	C:\Program Files\Java\jdk-11.0.1\bin\net.dll
0x00007ffaea7e0000 - 0x00007ffaea8d0000 	C:\WINDOWS\SYSTEM32\WINHTTP.dll
0x00007ffaf4b80000 - 0x00007ffaf4be7000 	C:\WINDOWS\system32\mswsock.dll
0x00007ffae74e0000 - 0x00007ffae74f3000 	C:\Program Files\Java\jdk-11.0.1\bin\nio.dll
0x00007ffadcd50000 - 0x00007ffadcd6a000 	C:\Program Files\JetBrains\IntelliJ IDEA 2019.1.1\bin\breakgen64.dll
0x00007ffaf48d0000 - 0x00007ffaf499a000 	C:\WINDOWS\SYSTEM32\DNSAPI.dll
0x00007ffaf7540000 - 0x00007ffaf7548000 	C:\WINDOWS\System32\NSI.dll
0x00007ffaf4890000 - 0x00007ffaf48ca000 	C:\WINDOWS\SYSTEM32\IPHLPAPI.DLL
0x00007ffaecee0000 - 0x00007ffaeceea000 	C:\Windows\System32\rasadhlp.dll
0x00007ffae8370000 - 0x00007ffae83e7000 	C:\WINDOWS\System32\fwpuclnt.dll
0x00007ffaf5870000 - 0x00007ffaf5896000 	C:\WINDOWS\System32\bcrypt.dll
0x00007ffae7870000 - 0x00007ffae7879000 	C:\Program Files\Java\jdk-11.0.1\bin\management.dll
0x00007ffae6270000 - 0x00007ffae627c000 	C:\Program Files\Java\jdk-11.0.1\bin\management_ext.dll
0x00007ffaf46f0000 - 0x00007ffaf4723000 	C:\WINDOWS\system32\rsaenh.dll
0x00007ffaf5200000 - 0x00007ffaf5225000 	C:\WINDOWS\SYSTEM32\USERENV.dll
0x00007ffaf4d50000 - 0x00007ffaf4d5c000 	C:\WINDOWS\SYSTEM32\CRYPTBASE.dll
0x00007ffaea8d0000 - 0x00007ffaea8e6000 	C:\WINDOWS\SYSTEM32\dhcpcsvc6.DLL
0x00007ffaeb050000 - 0x00007ffaeb06c000 	C:\WINDOWS\SYSTEM32\dhcpcsvc.DLL
0x00007ffae49c0000 - 0x00007ffae49d6000 	C:\WINDOWS\system32\napinsp.dll
0x00007ffae4490000 - 0x00007ffae44aa000 	C:\WINDOWS\system32\pnrpnsp.dll
0x00007ffae5370000 - 0x00007ffae537e000 	C:\WINDOWS\System32\winrnr.dll
0x00007ffaf1b70000 - 0x00007ffaf1b8c000 	C:\WINDOWS\system32\NLAapi.dll
0x00007ffaf0b50000 - 0x00007ffaf0b65000 	C:\WINDOWS\system32\wshbth.dll
0x00007ffae43c0000 - 0x00007ffae43e7000 	C:\Program Files\Java\jdk-11.0.1\bin\sunec.dll

dbghelp: loaded successfully - version: 4.0.5 - missing functions: none
symbol engine: initialized successfully - sym options: 0x614 - pdb path: .;C:\Program Files\Java\jdk-11.0.1\bin;C:\WINDOWS\SYSTEM32;C:\WINDOWS\WinSxS\amd64_microsoft.windows.common-controls_6595b64144ccf1df_6.0.18362.535_none_e6c3b34713100821;C:\Program Files\Java\jdk-11.0.1\bin\server;C:\Program Files\JetBrains\IntelliJ IDEA 2019.1.1\bin

VM Arguments:
jvm_args: -XX:TieredStopAtLevel=1 -Xverify:none -Dspring.output.ansi.enabled=always -Dcom.sun.management.jmxremote -Dspring.jmx.enabled=true -Dspring.liveBeansView.mbeanDomain -Dspring.application.admin.enabled=true -javaagent:C:\Program Files\JetBrains\IntelliJ IDEA 2019.1.1\lib\idea_rt.jar=64052:C:\Program Files\JetBrains\IntelliJ IDEA 2019.1.1\bin -Dfile.encoding=UTF-8 
java_command: com.cxp.shop_commodity.ShopCommodityApplication
java_class_path (initial): D:\project_project_project\idea_project\shop_vue_springcloud\shop_commodity\target\classes;C:\Users\cxp14\.m2\repository\com\cxp\shop_api\0.0.1-SNAPSHOT\shop_api-0.0.1-SNAPSHOT.jar;C:\Users\cxp14\.m2\repository\org\springframework\boot\spring-boot-starter-web\2.2.0.RELEASE\spring-boot-starter-web-2.2.0.RELEASE.jar;C:\Users\cxp14\.m2\repository\org\springframework\boot\spring-boot-starter-json\2.2.0.RELEASE\spring-boot-starter-json-2.2.0.RELEASE.jar;C:\Users\cxp14\.m2\repository\com\fasterxml\jackson\core\jackson-databind\2.10.0\jackson-databind-2.10.0.jar;C:\Users\cxp14\.m2\repository\com\fasterxml\jackson\datatype\jackson-datatype-jdk8\2.10.0\jackson-datatype-jdk8-2.10.0.jar;C:\Users\cxp14\.m2\repository\com\fasterxml\jackson\datatype\jackson-datatype-jsr310\2.10.0\jackson-datatype-jsr310-2.10.0.jar;C:\Users\cxp14\.m2\repository\com\fasterxml\jackson\module\jackson-module-parameter-names\2.10.0\jackson-module-parameter-names-2.10.0.jar;C:\Users\cxp14\.m2\repository\org\springframework\boot\spring-boot-starter-tomcat\2.2.0.RELEASE\spring-boot-starter-tomcat-2.2.0.RELEASE.jar;C:\Users\cxp14\.m2\repository\org\apache\tomcat\embed\tomcat-embed-core\9.0.27\tomcat-embed-core-9.0.27.jar;C:\Users\cxp14\.m2\repository\org\apache\tomcat\embed\tomcat-embed-el\9.0.27\tomcat-embed-el-9.0.27.jar;C:\Users\cxp14\.m2\repository\org\apache\tomcat\embed\tomcat-embed-websocket\9.0.27\tomcat-embed-websocket-9.0.27.jar;C:\Users\cxp14\.m2\repository\org\springframework\boot\spring-boot-starter-validation\2.2.0.RELEASE\spring-boot-starter-validation-2.2.0.RELEASE.jar;C:\Users\cxp14\.m2\repository\jakarta\validation\jakarta.validation-api\2.0.1\jakarta.validation-api-2.0.1.jar;C:\Users\cxp14\.m2\repository\org\hibernate\validator\hibernate-validator\6.0.17.Final\hibernate-validator-6.0.17.Final.jar;C:\Users\cxp14\.m2\repository\org\jboss\logging\jboss-logging\3.4.1.Final\jboss-logging-3.4.1.Final.jar;C:\Users\cxp14\.m2\repository\com\fasterxml\classmate\1.5.0\c
Launcher Type: SUN_STANDARD

[Global flags]
     bool BytecodeVerificationLocal                = false                                     {product} {command line}
     bool BytecodeVerificationRemote               = false                                     {product} {command line}
     intx CICompilerCount                          = 3                                         {product} {ergonomic}
     uint ConcGCThreads                            = 1                                         {product} {ergonomic}
     uint G1ConcRefinementThreads                  = 4                                         {product} {ergonomic}
   size_t G1HeapRegionSize                         = 1048576                                   {product} {ergonomic}
    uintx GCDrainStackTargetSize                   = 64                                        {product} {ergonomic}
   size_t InitialHeapSize                          = 268435456                                 {product} {ergonomic}
     bool ManagementServer                         = true                                      {product} {command line}
   size_t MarkStackSize                            = 4194304                                   {product} {ergonomic}
   size_t MaxHeapSize                              = 4267704320                                {product} {ergonomic}
   size_t MaxNewSize                               = 2560622592                                {product} {ergonomic}
   size_t MinHeapDeltaBytes                        = 1048576                                   {product} {ergonomic}
    uintx NonNMethodCodeHeapSize                   = 6973028                                {pd product} {ergonomic}
    uintx NonProfiledCodeHeapSize                  = 244685212                              {pd product} {ergonomic}
    uintx ProfiledCodeHeapSize                     = 0                                      {pd product} {ergonomic}
    uintx ReservedCodeCacheSize                    = 251658240                              {pd product} {ergonomic}
     bool SegmentedCodeCache                       = true                                      {product} {ergonomic}
     intx TieredStopAtLevel                        = 1                                         {product} {command line}
     bool UseCompressedClassPointers               = true                                 {lp64_product} {ergonomic}
     bool UseCompressedOops                        = true                                 {lp64_product} {ergonomic}
     bool UseG1GC                                  = true                                      {product} {ergonomic}
     bool UseLargePagesIndividualAllocation        = false                                  {pd product} {ergonomic}

Logging:
Log output configuration:
 #0: stdout all=warning uptime,level,tags
 #1: stderr all=off uptime,level,tags

Environment Variables:
JAVA_HOME=C:\cxp_cxp_cxp\cxp_studio\Java\jdk-10.0.2
CLASSPATH=.;C:\cxp_cxp_cxp\cxp_studio\Java\jdk-10.0.2\lib;C:\cxp_cxp_cxp\cxp_studio\Java\jdk-10.0.2\lib\tools.jar;
PATH=C:\Program Files (x86)\NetSarang\Xshell 6\;C:\cxp_cxp_cxp\cxp_studio\Java\jdk-10.0.2\bin;C:\Program Files (x86)\Common Files\Intel\Shared Files\cpp\bin\Intel64;C:\Program Files (x86)\Common Files\Oracle\Java\javapath;C:\Windows\system32;C:\Windows;C:\Windows\System32\Wbem;C:\Windows\System32\WindowsPowerShell\v1.0\;C:\Users\cxp14\Anaconda3\Scripts;C:\Windows\System32\OpenSSH\;"C:\cxp_cxp_cxp\cxp_studio\Java\jdk-10.0.2\bin;C:\cxp_cxp_cxp\cxp_studio\Java\jdk-10.0.2\jre\bin;";C:\cxp_cxp_cxp\cxp_studio\mysql\mysql-5.7.24-win32\bin;C:\Users\cxp14\AppData\Local\Programs\Python\Python36;C:\Users\cxp14\AppData\Local\Programs\Python\Python36\Scripts;C:\Program Files\nodejs\;C:\Users\cxp14\Documents\WeChat Files\cxpssk\FileStorage\File\2019-05;C:\cxp_cxp_cxp\cxp_studio\Redis;C:\Program Files\Git\cmd;C:\WINDOWS\system32;C:\WINDOWS;C:\WINDOWS\System32\Wbem;C:\WINDOWS\System32\WindowsPowerShell\v1.0\;C:\WINDOWS\System32\OpenSSH\;C:\cxp_cxp_cxp\cxp_studio\apache-maven-3.6.2\bin;C:\Users\cxp14\AppData\Local\Microsoft\WindowsApps;C:\Users\cxp14\AppData\Local\Programs\Microsoft VS Code\bin;C:\Users\cxp14\AppData\Roaming\npm;%CATALINA_HOME&\bin;C:\cxp_cxp_cxp\cxp_studio\apache-maven-3.6.2\bin;C:\Program Files (x86)\Google\Chrome\Application;;C:\Users\cxp14\AppData\Local\Programs\Fiddler
USERNAME=cxp14
OS=Windows_NT
PROCESSOR_IDENTIFIER=Intel64 Family 6 Model 158 Stepping 9, GenuineIntel



---------------  S Y S T E M  ---------------

OS: Windows 10 , 64 bit Build 18362 (10.0.18362.329)

CPU:total 4 (initial active 4) (2 cores per cpu, 2 threads per core) family 6 model 158 stepping 9, cmov, cx8, fxsr, mmx, sse, sse2, sse3, ssse3, sse4.1, sse4.2, popcnt, aes, clmul, erms, 3dnowpref, lzcnt, ht, tsc, tscinvbit

Memory: 4k page, system-wide physical 16273M (6891M free)
TotalPageFile size 24465M (AvailPageFile size 10135M)
current process WorkingSet (physical memory assigned to process): 353M, peak: 353M
current process commit charge ("private bytes"): 481M, peak: 481M

vm_info: Java HotSpot(TM) 64-Bit Server VM (11.0.1+13-LTS) for windows-amd64 JRE (11.0.1+13-LTS), built on Oct  6 2018 13:20:16 by "mach5one" with MS VC++ 15.5 (VS2017)

END.
